{"/Users/fegicochen/Courses/CPSC 310/C1/project_team085/src/controller/Dataset.ts":{"path":"/Users/fegicochen/Courses/CPSC 310/C1/project_team085/src/controller/Dataset.ts","statementMap":{"0":{"start":{"line":2,"column":22},"end":{"line":4,"column":1}},"1":{"start":{"line":3,"column":4},"end":{"line":3,"column":62}},"2":{"start":{"line":5,"column":0},"end":{"line":5,"column":62}},"3":{"start":{"line":6,"column":0},"end":{"line":6,"column":126}},"4":{"start":{"line":7,"column":16},"end":{"line":7,"column":49}},"5":{"start":{"line":8,"column":25},"end":{"line":8,"column":52}},"6":{"start":{"line":9,"column":0},"end":{"line":9,"column":26}},"7":{"start":{"line":11,"column":0},"end":{"line":22,"column":62}},"8":{"start":{"line":12,"column":4},"end":{"line":12,"column":31}},"9":{"start":{"line":13,"column":4},"end":{"line":13,"column":27}},"10":{"start":{"line":14,"column":4},"end":{"line":14,"column":33}},"11":{"start":{"line":15,"column":4},"end":{"line":15,"column":43}},"12":{"start":{"line":16,"column":4},"end":{"line":16,"column":31}},"13":{"start":{"line":17,"column":4},"end":{"line":17,"column":31}},"14":{"start":{"line":18,"column":4},"end":{"line":18,"column":29}},"15":{"start":{"line":19,"column":4},"end":{"line":19,"column":31}},"16":{"start":{"line":20,"column":4},"end":{"line":20,"column":31}},"17":{"start":{"line":21,"column":4},"end":{"line":21,"column":33}},"18":{"start":{"line":23,"column":0},"end":{"line":23,"column":99}},"19":{"start":{"line":24,"column":0},"end":{"line":24,"column":104}},"20":{"start":{"line":25,"column":0},"end":{"line":47,"column":2}},"21":{"start":{"line":50,"column":28},"end":{"line":50,"column":94}},"22":{"start":{"line":51,"column":8},"end":{"line":51,"column":40}},"23":{"start":{"line":54,"column":25},"end":{"line":54,"column":35}},"24":{"start":{"line":55,"column":8},"end":{"line":55,"column":70}},"25":{"start":{"line":55,"column":51},"end":{"line":55,"column":68}},"26":{"start":{"line":58,"column":8},"end":{"line":60,"column":9}},"27":{"start":{"line":59,"column":12},"end":{"line":59,"column":25}},"28":{"start":{"line":61,"column":8},"end":{"line":61,"column":20}},"29":{"start":{"line":64,"column":32},"end":{"line":64,"column":46}},"30":{"start":{"line":65,"column":47},"end":{"line":65,"column":48}},"31":{"start":{"line":66,"column":8},"end":{"line":68,"column":9}},"32":{"start":{"line":67,"column":12},"end":{"line":67,"column":29}},"33":{"start":{"line":69,"column":25},"end":{"line":69,"column":43}},"34":{"start":{"line":69,"column":54},"end":{"line":69,"column":72}},"35":{"start":{"line":70,"column":8},"end":{"line":72,"column":9}},"36":{"start":{"line":70,"column":76},"end":{"line":70,"column":88}},"37":{"start":{"line":71,"column":12},"end":{"line":71,"column":29}},"38":{"start":{"line":73,"column":8},"end":{"line":76,"column":10}},"39":{"start":{"line":79,"column":32},"end":{"line":79,"column":46}},"40":{"start":{"line":80,"column":47},"end":{"line":80,"column":48}},"41":{"start":{"line":81,"column":8},"end":{"line":83,"column":9}},"42":{"start":{"line":82,"column":12},"end":{"line":82,"column":29}},"43":{"start":{"line":84,"column":25},"end":{"line":84,"column":43}},"44":{"start":{"line":84,"column":54},"end":{"line":84,"column":72}},"45":{"start":{"line":85,"column":8},"end":{"line":87,"column":9}},"46":{"start":{"line":85,"column":76},"end":{"line":85,"column":88}},"47":{"start":{"line":86,"column":12},"end":{"line":86,"column":29}},"48":{"start":{"line":88,"column":8},"end":{"line":91,"column":10}},"49":{"start":{"line":94,"column":26},"end":{"line":94,"column":45}},"50":{"start":{"line":95,"column":8},"end":{"line":100,"column":9}},"51":{"start":{"line":96,"column":12},"end":{"line":96,"column":29}},"52":{"start":{"line":99,"column":12},"end":{"line":99,"column":39}},"53":{"start":{"line":103,"column":8},"end":{"line":105,"column":9}},"54":{"start":{"line":104,"column":12},"end":{"line":104,"column":25}},"55":{"start":{"line":106,"column":8},"end":{"line":106,"column":108}},"56":{"start":{"line":106,"column":43},"end":{"line":106,"column":92}},"57":{"start":{"line":109,"column":8},"end":{"line":111,"column":9}},"58":{"start":{"line":110,"column":12},"end":{"line":110,"column":25}},"59":{"start":{"line":112,"column":8},"end":{"line":112,"column":108}},"60":{"start":{"line":112,"column":43},"end":{"line":112,"column":92}},"61":{"start":{"line":115,"column":26},"end":{"line":115,"column":35}},"62":{"start":{"line":116,"column":8},"end":{"line":123,"column":11}},"63":{"start":{"line":117,"column":12},"end":{"line":122,"column":13}},"64":{"start":{"line":117,"column":63},"end":{"line":117,"column":80}},"65":{"start":{"line":118,"column":16},"end":{"line":118,"column":35}},"66":{"start":{"line":121,"column":16},"end":{"line":121,"column":88}},"67":{"start":{"line":124,"column":26},"end":{"line":124,"column":28}},"68":{"start":{"line":125,"column":8},"end":{"line":129,"column":11}},"69":{"start":{"line":126,"column":12},"end":{"line":128,"column":13}},"70":{"start":{"line":127,"column":16},"end":{"line":127,"column":60}},"71":{"start":{"line":130,"column":8},"end":{"line":132,"column":9}},"72":{"start":{"line":131,"column":12},"end":{"line":131,"column":108}},"73":{"start":{"line":133,"column":28},"end":{"line":133,"column":37}},"74":{"start":{"line":134,"column":8},"end":{"line":139,"column":11}},"75":{"start":{"line":135,"column":26},"end":{"line":135,"column":40}},"76":{"start":{"line":136,"column":12},"end":{"line":138,"column":13}},"77":{"start":{"line":137,"column":16},"end":{"line":137,"column":50}},"78":{"start":{"line":140,"column":8},"end":{"line":140,"column":27}},"79":{"start":{"line":143,"column":28},"end":{"line":143,"column":37}},"80":{"start":{"line":144,"column":8},"end":{"line":149,"column":11}},"81":{"start":{"line":145,"column":37},"end":{"line":145,"column":67}},"82":{"start":{"line":145,"column":54},"end":{"line":145,"column":66}},"83":{"start":{"line":146,"column":12},"end":{"line":148,"column":13}},"84":{"start":{"line":147,"column":16},"end":{"line":147,"column":44}},"85":{"start":{"line":150,"column":8},"end":{"line":155,"column":11}},"86":{"start":{"line":151,"column":45},"end":{"line":151,"column":48}},"87":{"start":{"line":152,"column":12},"end":{"line":154,"column":13}},"88":{"start":{"line":153,"column":16},"end":{"line":153,"column":85}},"89":{"start":{"line":156,"column":8},"end":{"line":156,"column":27}},"90":{"start":{"line":159,"column":8},"end":{"line":161,"column":9}},"91":{"start":{"line":160,"column":12},"end":{"line":160,"column":133}},"92":{"start":{"line":162,"column":8},"end":{"line":162,"column":19}},"93":{"start":{"line":165,"column":8},"end":{"line":167,"column":9}},"94":{"start":{"line":166,"column":12},"end":{"line":166,"column":133}},"95":{"start":{"line":168,"column":8},"end":{"line":168,"column":19}},"96":{"start":{"line":171,"column":8},"end":{"line":173,"column":9}},"97":{"start":{"line":172,"column":12},"end":{"line":172,"column":133}},"98":{"start":{"line":174,"column":8},"end":{"line":174,"column":19}},"99":{"start":{"line":177,"column":8},"end":{"line":179,"column":9}},"100":{"start":{"line":178,"column":12},"end":{"line":178,"column":141}},"101":{"start":{"line":180,"column":8},"end":{"line":180,"column":19}},"102":{"start":{"line":184,"column":8},"end":{"line":189,"column":9}},"103":{"start":{"line":185,"column":12},"end":{"line":185,"column":88}},"104":{"start":{"line":188,"column":12},"end":{"line":188,"column":82}},"105":{"start":{"line":190,"column":8},"end":{"line":190,"column":24}},"106":{"start":{"line":193,"column":8},"end":{"line":193,"column":63}},"107":{"start":{"line":193,"column":57},"end":{"line":193,"column":61}},"108":{"start":{"line":196,"column":8},"end":{"line":196,"column":56}},"109":{"start":{"line":199,"column":0},"end":{"line":199,"column":36}}},"fnMap":{"0":{"name":"(anonymous_0)","decl":{"start":{"line":2,"column":56},"end":{"line":2,"column":57}},"loc":{"start":{"line":2,"column":71},"end":{"line":4,"column":1}},"line":2},"1":{"name":"(anonymous_1)","decl":{"start":{"line":11,"column":1},"end":{"line":11,"column":2}},"loc":{"start":{"line":11,"column":22},"end":{"line":22,"column":1}},"line":11},"2":{"name":"(anonymous_2)","decl":{"start":{"line":49,"column":4},"end":{"line":49,"column":5}},"loc":{"start":{"line":49,"column":33},"end":{"line":52,"column":5}},"line":49},"3":{"name":"(anonymous_3)","decl":{"start":{"line":53,"column":4},"end":{"line":53,"column":5}},"loc":{"start":{"line":53,"column":37},"end":{"line":56,"column":5}},"line":53},"4":{"name":"(anonymous_4)","decl":{"start":{"line":55,"column":38},"end":{"line":55,"column":39}},"loc":{"start":{"line":55,"column":51},"end":{"line":55,"column":68}},"line":55},"5":{"name":"(anonymous_5)","decl":{"start":{"line":57,"column":4},"end":{"line":57,"column":5}},"loc":{"start":{"line":57,"column":37},"end":{"line":62,"column":5}},"line":57},"6":{"name":"(anonymous_6)","decl":{"start":{"line":63,"column":4},"end":{"line":63,"column":5}},"loc":{"start":{"line":63,"column":26},"end":{"line":77,"column":5}},"line":63},"7":{"name":"(anonymous_7)","decl":{"start":{"line":70,"column":69},"end":{"line":70,"column":70}},"loc":{"start":{"line":70,"column":76},"end":{"line":70,"column":88}},"line":70},"8":{"name":"(anonymous_8)","decl":{"start":{"line":78,"column":4},"end":{"line":78,"column":5}},"loc":{"start":{"line":78,"column":26},"end":{"line":92,"column":5}},"line":78},"9":{"name":"(anonymous_9)","decl":{"start":{"line":85,"column":69},"end":{"line":85,"column":70}},"loc":{"start":{"line":85,"column":76},"end":{"line":85,"column":88}},"line":85},"10":{"name":"(anonymous_10)","decl":{"start":{"line":93,"column":4},"end":{"line":93,"column":5}},"loc":{"start":{"line":93,"column":29},"end":{"line":101,"column":5}},"line":93},"11":{"name":"(anonymous_11)","decl":{"start":{"line":102,"column":4},"end":{"line":102,"column":5}},"loc":{"start":{"line":102,"column":23},"end":{"line":107,"column":5}},"line":102},"12":{"name":"(anonymous_12)","decl":{"start":{"line":106,"column":36},"end":{"line":106,"column":37}},"loc":{"start":{"line":106,"column":43},"end":{"line":106,"column":92}},"line":106},"13":{"name":"(anonymous_13)","decl":{"start":{"line":108,"column":4},"end":{"line":108,"column":5}},"loc":{"start":{"line":108,"column":23},"end":{"line":113,"column":5}},"line":108},"14":{"name":"(anonymous_14)","decl":{"start":{"line":112,"column":36},"end":{"line":112,"column":37}},"loc":{"start":{"line":112,"column":43},"end":{"line":112,"column":92}},"line":112},"15":{"name":"(anonymous_15)","decl":{"start":{"line":114,"column":4},"end":{"line":114,"column":5}},"loc":{"start":{"line":114,"column":39},"end":{"line":141,"column":5}},"line":114},"16":{"name":"(anonymous_16)","decl":{"start":{"line":116,"column":33},"end":{"line":116,"column":34}},"loc":{"start":{"line":116,"column":42},"end":{"line":123,"column":9}},"line":116},"17":{"name":"(anonymous_17)","decl":{"start":{"line":117,"column":26},"end":{"line":117,"column":27}},"loc":{"start":{"line":117,"column":63},"end":{"line":117,"column":80}},"line":117},"18":{"name":"(anonymous_18)","decl":{"start":{"line":125,"column":21},"end":{"line":125,"column":22}},"loc":{"start":{"line":125,"column":57},"end":{"line":129,"column":9}},"line":125},"19":{"name":"(anonymous_19)","decl":{"start":{"line":134,"column":21},"end":{"line":134,"column":22}},"loc":{"start":{"line":134,"column":58},"end":{"line":139,"column":9}},"line":134},"20":{"name":"(anonymous_20)","decl":{"start":{"line":142,"column":4},"end":{"line":142,"column":5}},"loc":{"start":{"line":142,"column":37},"end":{"line":157,"column":5}},"line":142},"21":{"name":"(anonymous_21)","decl":{"start":{"line":144,"column":36},"end":{"line":144,"column":37}},"loc":{"start":{"line":144,"column":54},"end":{"line":149,"column":9}},"line":144},"22":{"name":"(anonymous_22)","decl":{"start":{"line":145,"column":47},"end":{"line":145,"column":48}},"loc":{"start":{"line":145,"column":54},"end":{"line":145,"column":66}},"line":145},"23":{"name":"(anonymous_23)","decl":{"start":{"line":150,"column":21},"end":{"line":150,"column":22}},"loc":{"start":{"line":150,"column":30},"end":{"line":155,"column":9}},"line":150},"24":{"name":"(anonymous_24)","decl":{"start":{"line":158,"column":4},"end":{"line":158,"column":5}},"loc":{"start":{"line":158,"column":39},"end":{"line":163,"column":5}},"line":158},"25":{"name":"(anonymous_25)","decl":{"start":{"line":164,"column":4},"end":{"line":164,"column":5}},"loc":{"start":{"line":164,"column":39},"end":{"line":169,"column":5}},"line":164},"26":{"name":"(anonymous_26)","decl":{"start":{"line":170,"column":4},"end":{"line":170,"column":5}},"loc":{"start":{"line":170,"column":38},"end":{"line":175,"column":5}},"line":170},"27":{"name":"(anonymous_27)","decl":{"start":{"line":176,"column":4},"end":{"line":176,"column":5}},"loc":{"start":{"line":176,"column":39},"end":{"line":181,"column":5}},"line":176},"28":{"name":"(anonymous_28)","decl":{"start":{"line":182,"column":4},"end":{"line":182,"column":5}},"loc":{"start":{"line":182,"column":45},"end":{"line":191,"column":5}},"line":182},"29":{"name":"(anonymous_29)","decl":{"start":{"line":192,"column":4},"end":{"line":192,"column":5}},"loc":{"start":{"line":192,"column":31},"end":{"line":194,"column":5}},"line":192},"30":{"name":"(anonymous_30)","decl":{"start":{"line":193,"column":50},"end":{"line":193,"column":51}},"loc":{"start":{"line":193,"column":57},"end":{"line":193,"column":61}},"line":193},"31":{"name":"(anonymous_31)","decl":{"start":{"line":195,"column":4},"end":{"line":195,"column":5}},"loc":{"start":{"line":195,"column":37},"end":{"line":197,"column":5}},"line":195}},"branchMap":{"0":{"loc":{"start":{"line":2,"column":22},"end":{"line":4,"column":1}},"type":"binary-expr","locations":[{"start":{"line":2,"column":23},"end":{"line":2,"column":27}},{"start":{"line":2,"column":31},"end":{"line":2,"column":51}},{"start":{"line":2,"column":56},"end":{"line":4,"column":1}}],"line":2},"1":{"loc":{"start":{"line":3,"column":11},"end":{"line":3,"column":61}},"type":"cond-expr","locations":[{"start":{"line":3,"column":37},"end":{"line":3,"column":40}},{"start":{"line":3,"column":43},"end":{"line":3,"column":61}}],"line":3},"2":{"loc":{"start":{"line":3,"column":12},"end":{"line":3,"column":33}},"type":"binary-expr","locations":[{"start":{"line":3,"column":12},"end":{"line":3,"column":15}},{"start":{"line":3,"column":19},"end":{"line":3,"column":33}}],"line":3},"3":{"loc":{"start":{"line":22,"column":15},"end":{"line":22,"column":60}},"type":"binary-expr","locations":[{"start":{"line":22,"column":15},"end":{"line":22,"column":32}},{"start":{"line":22,"column":37},"end":{"line":22,"column":59}}],"line":22},"4":{"loc":{"start":{"line":58,"column":8},"end":{"line":60,"column":9}},"type":"if","locations":[{"start":{"line":58,"column":8},"end":{"line":60,"column":9}},{"start":{"line":58,"column":8},"end":{"line":60,"column":9}}],"line":58},"5":{"loc":{"start":{"line":58,"column":12},"end":{"line":58,"column":60}},"type":"binary-expr","locations":[{"start":{"line":58,"column":12},"end":{"line":58,"column":34}},{"start":{"line":58,"column":38},"end":{"line":58,"column":60}}],"line":58},"6":{"loc":{"start":{"line":66,"column":8},"end":{"line":68,"column":9}},"type":"if","locations":[{"start":{"line":66,"column":8},"end":{"line":68,"column":9}},{"start":{"line":66,"column":8},"end":{"line":68,"column":9}}],"line":66},"7":{"loc":{"start":{"line":70,"column":8},"end":{"line":72,"column":9}},"type":"if","locations":[{"start":{"line":70,"column":8},"end":{"line":72,"column":9}},{"start":{"line":70,"column":8},"end":{"line":72,"column":9}}],"line":70},"8":{"loc":{"start":{"line":70,"column":12},"end":{"line":70,"column":89}},"type":"binary-expr","locations":[{"start":{"line":70,"column":12},"end":{"line":70,"column":43}},{"start":{"line":70,"column":47},"end":{"line":70,"column":89}}],"line":70},"9":{"loc":{"start":{"line":81,"column":8},"end":{"line":83,"column":9}},"type":"if","locations":[{"start":{"line":81,"column":8},"end":{"line":83,"column":9}},{"start":{"line":81,"column":8},"end":{"line":83,"column":9}}],"line":81},"10":{"loc":{"start":{"line":85,"column":8},"end":{"line":87,"column":9}},"type":"if","locations":[{"start":{"line":85,"column":8},"end":{"line":87,"column":9}},{"start":{"line":85,"column":8},"end":{"line":87,"column":9}}],"line":85},"11":{"loc":{"start":{"line":85,"column":12},"end":{"line":85,"column":89}},"type":"binary-expr","locations":[{"start":{"line":85,"column":12},"end":{"line":85,"column":43}},{"start":{"line":85,"column":47},"end":{"line":85,"column":89}}],"line":85},"12":{"loc":{"start":{"line":95,"column":8},"end":{"line":100,"column":9}},"type":"if","locations":[{"start":{"line":95,"column":8},"end":{"line":100,"column":9}},{"start":{"line":95,"column":8},"end":{"line":100,"column":9}}],"line":95},"13":{"loc":{"start":{"line":103,"column":8},"end":{"line":105,"column":9}},"type":"if","locations":[{"start":{"line":103,"column":8},"end":{"line":105,"column":9}},{"start":{"line":103,"column":8},"end":{"line":105,"column":9}}],"line":103},"14":{"loc":{"start":{"line":106,"column":50},"end":{"line":106,"column":91}},"type":"cond-expr","locations":[{"start":{"line":106,"column":76},"end":{"line":106,"column":79}},{"start":{"line":106,"column":82},"end":{"line":106,"column":91}}],"line":106},"15":{"loc":{"start":{"line":109,"column":8},"end":{"line":111,"column":9}},"type":"if","locations":[{"start":{"line":109,"column":8},"end":{"line":111,"column":9}},{"start":{"line":109,"column":8},"end":{"line":111,"column":9}}],"line":109},"16":{"loc":{"start":{"line":112,"column":50},"end":{"line":112,"column":91}},"type":"cond-expr","locations":[{"start":{"line":112,"column":76},"end":{"line":112,"column":79}},{"start":{"line":112,"column":82},"end":{"line":112,"column":91}}],"line":112},"17":{"loc":{"start":{"line":117,"column":12},"end":{"line":122,"column":13}},"type":"if","locations":[{"start":{"line":117,"column":12},"end":{"line":122,"column":13}},{"start":{"line":117,"column":12},"end":{"line":122,"column":13}}],"line":117},"18":{"loc":{"start":{"line":126,"column":12},"end":{"line":128,"column":13}},"type":"if","locations":[{"start":{"line":126,"column":12},"end":{"line":128,"column":13}},{"start":{"line":126,"column":12},"end":{"line":128,"column":13}}],"line":126},"19":{"loc":{"start":{"line":126,"column":16},"end":{"line":126,"column":62}},"type":"binary-expr","locations":[{"start":{"line":126,"column":16},"end":{"line":126,"column":33}},{"start":{"line":126,"column":37},"end":{"line":126,"column":62}}],"line":126},"20":{"loc":{"start":{"line":130,"column":8},"end":{"line":132,"column":9}},"type":"if","locations":[{"start":{"line":130,"column":8},"end":{"line":132,"column":9}},{"start":{"line":130,"column":8},"end":{"line":132,"column":9}}],"line":130},"21":{"loc":{"start":{"line":136,"column":12},"end":{"line":138,"column":13}},"type":"if","locations":[{"start":{"line":136,"column":12},"end":{"line":138,"column":13}},{"start":{"line":136,"column":12},"end":{"line":138,"column":13}}],"line":136},"22":{"loc":{"start":{"line":136,"column":16},"end":{"line":136,"column":63}},"type":"binary-expr","locations":[{"start":{"line":136,"column":16},"end":{"line":136,"column":40}},{"start":{"line":136,"column":44},"end":{"line":136,"column":63}}],"line":136},"23":{"loc":{"start":{"line":146,"column":12},"end":{"line":148,"column":13}},"type":"if","locations":[{"start":{"line":146,"column":12},"end":{"line":148,"column":13}},{"start":{"line":146,"column":12},"end":{"line":148,"column":13}}],"line":146},"24":{"loc":{"start":{"line":152,"column":12},"end":{"line":154,"column":13}},"type":"if","locations":[{"start":{"line":152,"column":12},"end":{"line":154,"column":13}},{"start":{"line":152,"column":12},"end":{"line":154,"column":13}}],"line":152},"25":{"loc":{"start":{"line":152,"column":16},"end":{"line":152,"column":58}},"type":"binary-expr","locations":[{"start":{"line":152,"column":16},"end":{"line":152,"column":27}},{"start":{"line":152,"column":31},"end":{"line":152,"column":58}}],"line":152},"26":{"loc":{"start":{"line":159,"column":8},"end":{"line":161,"column":9}},"type":"if","locations":[{"start":{"line":159,"column":8},"end":{"line":161,"column":9}},{"start":{"line":159,"column":8},"end":{"line":161,"column":9}}],"line":159},"27":{"loc":{"start":{"line":165,"column":8},"end":{"line":167,"column":9}},"type":"if","locations":[{"start":{"line":165,"column":8},"end":{"line":167,"column":9}},{"start":{"line":165,"column":8},"end":{"line":167,"column":9}}],"line":165},"28":{"loc":{"start":{"line":171,"column":8},"end":{"line":173,"column":9}},"type":"if","locations":[{"start":{"line":171,"column":8},"end":{"line":173,"column":9}},{"start":{"line":171,"column":8},"end":{"line":173,"column":9}}],"line":171},"29":{"loc":{"start":{"line":177,"column":8},"end":{"line":179,"column":9}},"type":"if","locations":[{"start":{"line":177,"column":8},"end":{"line":179,"column":9}},{"start":{"line":177,"column":8},"end":{"line":179,"column":9}}],"line":177},"30":{"loc":{"start":{"line":177,"column":12},"end":{"line":177,"column":94}},"type":"binary-expr","locations":[{"start":{"line":177,"column":12},"end":{"line":177,"column":35}},{"start":{"line":177,"column":39},"end":{"line":177,"column":57}},{"start":{"line":177,"column":61},"end":{"line":177,"column":73}},{"start":{"line":177,"column":77},"end":{"line":177,"column":94}}],"line":177}},"s":{"0":1,"1":1,"2":1,"3":1,"4":1,"5":1,"6":1,"7":1,"8":1,"9":1,"10":1,"11":1,"12":1,"13":1,"14":1,"15":1,"16":1,"17":1,"18":1,"19":1,"20":1,"21":0,"22":0,"23":57,"24":57,"25":228,"26":805,"27":15,"28":790,"29":523,"30":523,"31":523,"32":8,"33":515,"34":515,"35":515,"36":1740,"37":230,"38":285,"39":240,"40":240,"41":240,"42":8,"43":232,"44":232,"45":232,"46":564,"47":5,"48":227,"49":514,"50":514,"51":283,"52":231,"53":678644,"54":0,"55":678644,"56":2714414,"57":339302,"58":0,"59":339302,"60":1017858,"61":393,"62":393,"63":516,"64":1387,"65":510,"66":6,"67":387,"68":387,"69":2000,"70":10,"71":387,"72":8,"73":379,"74":379,"75":1983,"76":1983,"77":501,"78":379,"79":73862,"80":73862,"81":2454654,"82":23149187,"83":2454654,"84":752369,"85":73862,"86":752365,"87":752365,"88":3,"89":73859,"90":407173,"91":42365,"92":364808,"93":382029,"94":67851,"95":314178,"96":6152,"97":3,"98":6149,"99":74399,"100":6,"101":74393,"102":38,"103":38,"104":3,"105":35,"106":29,"107":49,"108":44,"109":1},"f":{"0":1,"1":1,"2":0,"3":57,"4":228,"5":805,"6":523,"7":1740,"8":240,"9":564,"10":514,"11":678644,"12":2714414,"13":339302,"14":1017858,"15":393,"16":516,"17":1387,"18":2000,"19":1983,"20":73862,"21":2454654,"22":23149187,"23":752365,"24":407173,"25":382029,"26":6152,"27":74399,"28":38,"29":29,"30":49,"31":44},"b":{"0":[1,1,1],"1":[0,1],"2":[1,1],"3":[1,1],"4":[15,790],"5":[805,798],"6":[8,515],"7":[230,285],"8":[515,514],"9":[8,232],"10":[5,227],"11":[232,231],"12":[283,231],"13":[0,678644],"14":[2713978,436],"15":[0,339302],"16":[1017735,123],"17":[510,6],"18":[10,1990],"19":[2000,217],"20":[8,379],"21":[501,1482],"22":[1983,501],"23":[752369,1702285],"24":[3,752362],"25":[752365,684515],"26":[42365,364808],"27":[67851,314178],"28":[3,6149],"29":[6,74393],"30":[74399,74395,74393,74393]},"inputSourceMap":{"version":3,"file":"/Users/fegicochen/Courses/CPSC 310/C1/project_team085/src/controller/Dataset.ts","sources":["/Users/fegicochen/Courses/CPSC 310/C1/project_team085/src/controller/Dataset.ts"],"names":[],"mappings":";;;;;;AAAA,kDAA0B;AAC1B,qDAAoE;AAEvD,QAAA,UAAU,GAAG,IAAI,CAAC;AAE/B,IAAY,SAWX;AAXD,WAAY,SAAS;IACpB,0BAAa,CAAA;IACb,sBAAS,CAAA;IACT,4BAAe,CAAA;IACf,sCAAyB,CAAA;IACzB,0BAAa,CAAA;IACb,0BAAa,CAAA;IACb,wBAAW,CAAA;IACX,0BAAa,CAAA;IACb,0BAAa,CAAA;IACb,4BAAe,CAAA;AAChB,CAAC,EAXW,SAAS,GAAT,iBAAS,KAAT,iBAAS,QAWpB;AA6CY,QAAA,OAAO,GAAG,CAAC,SAAS,CAAC,GAAG,EAAE,SAAS,CAAC,IAAI,EAAE,SAAS,CAAC,IAAI,EAAE,SAAS,CAAC,KAAK,EAAE,SAAS,CAAC,IAAI,CAAC,CAAC;AAC3F,QAAA,OAAO,GAAG,CAAC,SAAS,CAAC,IAAI,EAAE,SAAS,CAAC,EAAE,EAAE,SAAS,CAAC,UAAU,EAAE,SAAS,CAAC,KAAK,EAAE,SAAS,CAAC,IAAI,CAAC,CAAC;AAOhG,QAAA,QAAQ,GAAG;IACvB,IAAI,EAAE,OAAO;IACb,OAAO,EAAE,SAAS;IAClB,MAAM,EAAE;QACP,KAAK,EAAE;YACN,GAAG,EAAE,KAAK;YACV,EAAE,EAAE,IAAI;SACR;QACD,WAAW,EAAE;YACZ,QAAQ,EAAE,IAAI;YACd,WAAW,EAAE,IAAI;YACjB,KAAK,EAAE,IAAI;SACX;QACD,WAAW,EAAE;YACZ,EAAE,EAAE,IAAI;SACR;QACD,QAAQ,EAAE;YACT,GAAG,EAAE,KAAK;SACV;KACD;IACD,OAAO,EAAE,SAAS;IAClB,KAAK,EAAE,OAAO;CACd,CAAC;AAQF,MAAa,YAAY;IAMjB,MAAM,CAAC,aAAa,CAAC,MAAc;QAGzC,MAAM,WAAW,GAAG,kEAAkE,CAAC;QACvF,OAAO,WAAW,CAAC,IAAI,CAAC,MAAM,CAAC,CAAC;IACjC,CAAC;IAQM,MAAM,CAAC,WAAW,CAAC,QAA0B,EAAE,EAAU;QAC/D,MAAM,QAAQ,GAAG,QAAQ,EAAE,CAAC;QAC5B,OAAO,QAAQ,CAAC,QAAQ,CAAC,IAAI,CAAC,CAAC,OAAO,EAAE,EAAE,CAAC,OAAO,CAAC,EAAE,KAAK,EAAE,CAAC,CAAC;IAC/D,CAAC;IAQM,MAAM,CAAC,eAAe,CAAC,QAAgB;QAC7C,IAAI,QAAQ,CAAC,IAAI,EAAE,KAAK,EAAE,IAAI,QAAQ,CAAC,QAAQ,CAAC,GAAG,CAAC,EAAE;YACrD,OAAO,KAAK,CAAC;SACb;QACD,OAAO,IAAI,CAAC;IACb,CAAC;IAOM,MAAM,CAAC,SAAS,CAAC,GAAW;QAClC,MAAM,eAAe,GAAG,GAAG,CAAC,KAAK,CAAC,GAAG,CAAC,CAAC;QACvC,MAAM,8BAA8B,GAAG,CAAC,CAAC;QACzC,IAAI,eAAe,CAAC,MAAM,KAAK,8BAA8B,EAAE;YAC9D,OAAO,SAAS,CAAC;SACjB;QACD,MAAM,QAAQ,GAAG,eAAe,CAAC,CAAC,CAAC,EAClC,MAAM,GAAG,eAAe,CAAC,CAAC,CAAC,CAAC;QAC7B,IAAI,CAAC,IAAI,CAAC,eAAe,CAAC,QAAQ,CAAC,IAAI,CAAC,eAAO,CAAC,IAAI,CAAC,CAAC,CAAC,EAAE,EAAE,CAAC,CAAC,KAAK,MAAM,CAAC,EAAE;YAC1E,OAAO,SAAS,CAAC;SACjB;QACD,OAAO;YACN,QAAQ,EAAE,QAAQ;YAClB,KAAK,EAAE,MAAmB;SAC1B,CAAC;IACH,CAAC;IAOM,MAAM,CAAC,SAAS,CAAC,GAAW;QAClC,MAAM,eAAe,GAAG,GAAG,CAAC,KAAK,CAAC,GAAG,CAAC,CAAC;QACvC,MAAM,8BAA8B,GAAG,CAAC,CAAC;QACzC,IAAI,eAAe,CAAC,MAAM,KAAK,8BAA8B,EAAE;YAC9D,OAAO,SAAS,CAAC;SACjB;QACD,MAAM,QAAQ,GAAG,eAAe,CAAC,CAAC,CAAC,EAClC,MAAM,GAAG,eAAe,CAAC,CAAC,CAAC,CAAC;QAC7B,IAAI,CAAC,IAAI,CAAC,eAAe,CAAC,QAAQ,CAAC,IAAI,CAAC,eAAO,CAAC,IAAI,CAAC,CAAC,CAAC,EAAE,EAAE,CAAC,CAAC,KAAK,MAAM,CAAC,EAAE;YAC1E,OAAO,SAAS,CAAC;SACjB;QACD,OAAO;YACN,QAAQ,EAAE,QAAQ;YAClB,KAAK,EAAE,MAAmB;SAC1B,CAAC;IACH,CAAC;IAOM,MAAM,CAAC,YAAY,CAAC,GAAW;QACrC,MAAM,SAAS,GAAG,IAAI,CAAC,SAAS,CAAC,GAAG,CAAC,CAAC;QACtC,IAAI,SAAS,KAAK,SAAS,EAAE;YAC5B,OAAO,SAAS,CAAC;SACjB;aAAM;YACN,OAAO,IAAI,CAAC,SAAS,CAAC,GAAG,CAAC,CAAC;SAC3B;IACF,CAAC;IAOM,MAAM,CAAC,MAAM,CAAC,GAA0C;QAC9D,IAAI,GAAG,KAAK,SAAS,EAAE;YACtB,OAAO,KAAK,CAAC;SACb;QACD,OAAO,eAAO,CAAC,IAAI,CAAC,CAAC,CAAC,EAAE,EAAE,CAAC,CAAC,KAAK,CAAC,OAAO,GAAG,KAAK,QAAQ,CAAC,CAAC,CAAC,GAAG,CAAC,CAAC,CAAC,GAAG,CAAC,KAAK,CAAC,CAAC,KAAK,SAAS,CAAC;IAC7F,CAAC;IAOM,MAAM,CAAC,MAAM,CAAC,GAA0C;QAC9D,IAAI,GAAG,KAAK,SAAS,EAAE;YACtB,OAAO,KAAK,CAAC;SACb;QACD,OAAO,eAAO,CAAC,IAAI,CAAC,CAAC,CAAC,EAAE,EAAE,CAAC,CAAC,KAAK,CAAC,OAAO,GAAG,KAAK,QAAQ,CAAC,CAAC,CAAC,GAAG,CAAC,CAAC,CAAC,GAAG,CAAC,KAAK,CAAC,CAAC,KAAK,SAAS,CAAC;IAC7F,CAAC;IAYM,MAAM,CAAC,gBAAgB,CAAC,GAAW,EAAE,IAAyB;QAEpE,MAAM,SAAS,GAAG,IAAI,GAAG,EAAU,CAAC;QACpC,MAAM,CAAC,IAAI,CAAC,GAAG,CAAC,CAAC,OAAO,CAAC,CAAC,GAAG,EAAE,EAAE;YAChC,IAAI,IAAI,CAAC,IAAI,CAAC,CAAC,CAAC,SAAS,EAAE,kBAAkB,CAAC,EAAE,EAAE,CAAC,SAAS,KAAK,GAAG,CAAC,KAAK,SAAS,EAAE;gBACpF,SAAS,CAAC,GAAG,CAAC,GAAG,CAAC,CAAC;aACnB;iBAAM;gBACN,MAAM,IAAI,6BAAY,CAAC,kBAAkB,GAAG,GAAG,GAAG,GAAG,CAAC,CAAC;aACvD;QACF,CAAC,CAAC,CAAC;QAEH,IAAI,WAAW,GAAa,EAAE,CAAC;QAC/B,IAAI,CAAC,OAAO,CAAC,CAAC,CAAC,SAAS,EAAE,iBAAiB,CAAC,EAAE,EAAE;YAE/C,IAAI,iBAAiB,IAAI,CAAC,SAAS,CAAC,GAAG,CAAC,SAAS,CAAC,EAAE;gBACnD,WAAW,GAAG,WAAW,CAAC,MAAM,CAAC,SAAS,CAAC,CAAC;aAC5C;QACF,CAAC,CAAC,CAAC;QACH,IAAI,WAAW,CAAC,MAAM,KAAK,CAAC,EAAE;YAC7B,MAAM,IAAI,6BAAY,CAAC,kBAAkB,GAAG,IAAI,CAAC,SAAS,CAAC,WAAW,CAAC,GAAG,GAAG,CAAC,CAAC;SAC/E;QAGD,MAAM,WAAW,GAAG,IAAI,GAAG,EAAmB,CAAC;QAC/C,IAAI,CAAC,OAAO,CAAC,CAAC,CAAC,SAAS,EAAE,kBAAkB,CAAC,EAAE,EAAE;YAChD,MAAM,KAAK,GAAG,GAAG,CAAC,SAA6B,CAAC,CAAC;YACjD,IAAI,SAAS,CAAC,GAAG,CAAC,SAAS,CAAC,IAAI,KAAK,KAAK,SAAS,EAAE;gBACpD,WAAW,CAAC,GAAG,CAAC,SAAS,EAAE,KAAK,CAAC,CAAC;aAClC;QACF,CAAC,CAAC,CAAC;QACH,OAAO,WAAW,CAAC;IACpB,CAAC;IAUM,MAAM,CAAC,cAAc,CAAC,GAAW,EAAE,IAAyB;QAClE,MAAM,WAAW,GAAG,IAAI,GAAG,EAAmB,CAAC;QAC/C,MAAM,CAAC,OAAO,CAAC,GAAG,CAAC,CAAC,OAAO,CAAC,CAAC,CAAC,GAAG,EAAE,KAAK,CAAC,EAAE,EAAE;YAC5C,MAAM,gBAAgB,GAAG,IAAI,CAAC,IAAI,CAAC,CAAC,CAAC,EAAE,EAAE,CAAC,CAAC,CAAC,CAAC,CAAC,KAAK,GAAG,CAAC,CAAC;YACxD,IAAI,gBAAgB,KAAK,SAAS,EAAE;gBACnC,WAAW,CAAC,GAAG,CAAC,GAAG,EAAE,KAAK,CAAC,CAAC;aAC5B;QACF,CAAC,CAAC,CAAC;QAEH,IAAI,CAAC,OAAO,CAAC,CAAC,GAAG,EAAE,EAAE;YACpB,MAAM,CAAC,SAAS,EAAE,WAAW,CAAC,GAAG,GAAG,CAAC;YACrC,IAAI,WAAW,IAAI,CAAC,WAAW,CAAC,GAAG,CAAC,SAAS,CAAC,EAAE;gBAC/C,MAAM,IAAI,6BAAY,CAAC,eAAe,GAAG,SAAS,CAAC,CAAC;aACpD;QACF,CAAC,CAAC,CAAC;QACH,OAAO,WAAW,CAAC;IACpB,CAAC;IAWM,MAAM,CAAC,aAAa,CAAC,OAAe,EAAE,GAAY;QACxD,IAAI,OAAO,GAAG,KAAK,QAAQ,EAAE;YAC5B,MAAM,IAAI,6BAAY,CAAC,qBAAqB,GAAG,OAAO,GAAG,0BAA0B,GAAG,OAAO,GAAG,GAAG,GAAG,CAAC,CAAC;SACxG;QACD,OAAO,GAAa,CAAC;IACtB,CAAC;IAWM,MAAM,CAAC,aAAa,CAAC,OAAe,EAAE,GAAY;QACxD,IAAI,OAAO,GAAG,KAAK,QAAQ,EAAE;YAC5B,MAAM,IAAI,6BAAY,CAAC,qBAAqB,GAAG,OAAO,GAAG,0BAA0B,GAAG,OAAO,GAAG,GAAG,GAAG,CAAC,CAAC;SACxG;QACD,OAAO,GAAa,CAAC;IACtB,CAAC;IAWM,MAAM,CAAC,YAAY,CAAC,OAAe,EAAE,GAAY;QACvD,IAAI,CAAC,KAAK,CAAC,OAAO,CAAC,GAAG,CAAC,EAAE;YACxB,MAAM,IAAI,6BAAY,CAAC,qBAAqB,GAAG,OAAO,GAAG,0BAA0B,GAAG,OAAO,GAAG,GAAG,GAAG,CAAC,CAAC;SACxG;QACD,OAAO,GAAgB,CAAC;IACzB,CAAC;IAWM,MAAM,CAAC,aAAa,CAAC,OAAe,EAAE,GAAY;QACxD,IAAI,OAAO,GAAG,KAAK,QAAQ,IAAI,KAAK,CAAC,OAAO,CAAC,GAAG,CAAC,IAAI,GAAG,KAAK,IAAI,IAAI,GAAG,KAAK,SAAS,EAAE;YACvF,MAAM,IAAI,6BAAY,CAAC,qBAAqB,GAAG,OAAO,GAAG,2BAA2B,GAAG,OAAO,GAAG,GAAG,IAAI,GAAG,GAAG,CAAC,CAAC;SAChH;QACD,OAAO,GAAa,CAAC;IACtB,CAAC;IAQM,MAAM,CAAC,KAAK,CAAC,kBAAkB,CAAC,OAAe;QACrD,IAAI,QAAe,CAAC;QACpB,IAAI;YACH,QAAQ,GAAG,MAAM,IAAI,eAAK,EAAE,CAAC,SAAS,CAAC,OAAO,EAAE,EAAE,MAAM,EAAE,IAAI,EAAE,CAAC,CAAC;SAClE;QAAC,OAAO,CAAC,EAAE;YACX,MAAM,IAAI,6BAAY,CAAC,wBAAwB,GAAG,CAAC,CAAC,CAAC;SACrD;QACD,OAAO,QAAQ,CAAC;IACjB,CAAC;IAOM,MAAM,CAAC,SAAS,CAAC,QAAqB;QAC5C,OAAO,IAAI,CAAC,eAAe,CAAC,QAAQ,CAAC,CAAC,GAAG,CAAC,CAAC,CAAC,EAAE,EAAE,CAAC,CAAC,CAAC,EAAE,CAAC,CAAC;IACxD,CAAC;IAOM,MAAM,CAAC,eAAe,CAAC,QAAqB;QAClD,OAAQ,QAAQ,CAAC,KAAmC,CAAC,MAAM,CAAC,QAAQ,CAAC,QAAQ,CAAC,CAAC;IAChF,CAAC;CACD;AA7RD,oCA6RC","sourcesContent":["import JSZip from \"jszip\";\nimport { InsightDatasetKind, InsightError } from \"./IInsightFacade\";\n\nexport const maxResults = 5000;\n\nexport enum DatasetId {\n\tUuid = \"uuid\",\n\tId = \"id\",\n\tTitle = \"title\",\n\tInstructor = \"instructor\",\n\tDept = \"dept\",\n\tYear = \"year\",\n\tAvg = \"avg\",\n\tPass = \"pass\",\n\tFail = \"fail\",\n\tAudit = \"audit\",\n}\n\nexport interface Section {\n\tuuid: string;\n\tid: string;\n\ttitle: string;\n\tinstructor: string;\n\tdept: string;\n\tyear: number;\n\tavg: number;\n\tpass: number;\n\tfail: number;\n\taudit: number;\n}\n\nexport interface Room {\n\tfullname: string;\n\tshortname: string;\n\tnumber: string;\n\tname: string;\n\taddress: string;\n\tlat: number;\n\tlon: number;\n\tseats: number;\n\ttype: string;\n\tfurniture: string;\n\thref: string;\n}\n\nexport interface Dataset<T> {\n\tid: string;\n\tmembers: T[];\n\ttype: InsightDatasetKind;\n}\n\nexport type SectionsDataset = Dataset<Section>;\nexport type RoomsDataset = Dataset<Room>;\n\nexport interface DatasetList {\n\tsections: SectionsDataset[];\n\trooms: RoomsDataset[];\n}\n\nexport type DatasetsProvider = () => DatasetList;\n\nexport const MFields = [DatasetId.Avg, DatasetId.Pass, DatasetId.Fail, DatasetId.Audit, DatasetId.Year];\nexport const SFields = [DatasetId.Dept, DatasetId.Id, DatasetId.Instructor, DatasetId.Title, DatasetId.Uuid];\n\nexport interface InsightFacadeKey {\n\tidstring: string;\n\tfield: DatasetId;\n}\n\nexport const Keywords = {\n\tBody: \"WHERE\",\n\tOptions: \"OPTIONS\",\n\tFilter: {\n\t\tLogic: {\n\t\t\tAnd: \"AND\",\n\t\t\tOr: \"OR\",\n\t\t},\n\t\tMComparator: {\n\t\t\tLessThan: \"LT\",\n\t\t\tGreaterThan: \"GT\",\n\t\t\tEqual: \"EQ\",\n\t\t},\n\t\tSComparator: {\n\t\t\tIs: \"IS\",\n\t\t},\n\t\tNegation: {\n\t\t\tNot: \"NOT\",\n\t\t},\n\t},\n\tColumns: \"COLUMNS\",\n\tOrder: \"ORDER\",\n};\n\nexport interface OptionsState {\n\torder: InsightFacadeKey | undefined;\n\tcolumns: InsightFacadeKey[];\n\tdatasetId: string;\n}\n\nexport class DatasetUtils {\n\t/**\n\t *\n\t * @param base64 the base64 (maybe) string to validate\n\t * @returns whether it is base64 formatted or not\n\t */\n\tpublic static isValidBase64(base64: string): boolean {\n\t\t// Referenced from: https://stackoverflow.com/questions/7860392/determine-if-string-is-in-base64-using-javascript\n\t\t// Used the regular expression provided.\n\t\tconst base64regex = /^([0-9a-zA-Z+/]{4})*(([0-9a-zA-Z+/]{2}==)|([0-9a-zA-Z+/]{3}=))?$/;\n\t\treturn base64regex.test(base64);\n\t}\n\n\t/**\n\t *\n\t * @param provider datasets provider\n\t * @param id id to search for\n\t * @returns undefined if not found, else the dataset with the given id\n\t */\n\tpublic static findDataset(provider: DatasetsProvider, id: string): SectionsDataset | undefined {\n\t\tconst datasets = provider();\n\t\treturn datasets.sections.find((dataset) => dataset.id === id);\n\t}\n\n\t/**\n\t * Returns false if idstring does not conform to id string guidelines.\n\t *\n\t * @param idstring string to test\n\t * @returns false if string is improperly formatted (only whitespace or contains underscoare), true otherwise\n\t */\n\tpublic static isValidIdString(idstring: string): boolean {\n\t\tif (idstring.trim() === \"\" || idstring.includes(\"_\")) {\n\t\t\treturn false;\n\t\t}\n\t\treturn true;\n\t}\n\n\t/**\n\t *\n\t * @param key string to test\n\t * @returns undefined if string is improperly formatted as an mkey, id string and key split if it is valid.\n\t */\n\tpublic static parseMKey(key: string): InsightFacadeKey | undefined {\n\t\tconst splitUnderscore = key.split(\"_\");\n\t\tconst beforeAndAfterUnderscoreLength = 2;\n\t\tif (splitUnderscore.length !== beforeAndAfterUnderscoreLength) {\n\t\t\treturn undefined;\n\t\t}\n\t\tconst idstring = splitUnderscore[0],\n\t\t\tmfield = splitUnderscore[1];\n\t\tif (!this.isValidIdString(idstring) || !MFields.find((x) => x === mfield)) {\n\t\t\treturn undefined;\n\t\t}\n\t\treturn {\n\t\t\tidstring: idstring,\n\t\t\tfield: mfield as DatasetId,\n\t\t};\n\t}\n\n\t/**\n\t *\n\t * @param key string to test\n\t * @returns undefined if string is improperly formatted as an skey, id string and key split if it is valid.\n\t */\n\tpublic static parseSKey(key: string): InsightFacadeKey | undefined {\n\t\tconst splitUnderscore = key.split(\"_\");\n\t\tconst beforeAndAfterUnderscoreLength = 2;\n\t\tif (splitUnderscore.length !== beforeAndAfterUnderscoreLength) {\n\t\t\treturn undefined;\n\t\t}\n\t\tconst idstring = splitUnderscore[0],\n\t\t\tsfield = splitUnderscore[1];\n\t\tif (!this.isValidIdString(idstring) || !SFields.find((x) => x === sfield)) {\n\t\t\treturn undefined;\n\t\t}\n\t\treturn {\n\t\t\tidstring: idstring,\n\t\t\tfield: sfield as DatasetId,\n\t\t};\n\t}\n\n\t/**\n\t *\n\t * @param key string to test\n\t * @reutrns undefined if string is not an mkey or skey, otherwise produces id string and key split.\n\t */\n\tpublic static parseMOrSKey(key: string): InsightFacadeKey | undefined {\n\t\tconst mkeyParse = this.parseMKey(key);\n\t\tif (mkeyParse !== undefined) {\n\t\t\treturn mkeyParse;\n\t\t} else {\n\t\t\treturn this.parseSKey(key);\n\t\t}\n\t}\n\n\t/**\n\t *\n\t * @param key key to test with idstring and field or string representing type (DatasetId.Audit etc)\n\t * @returns whether it is an mkey or not\n\t */\n\tpublic static isMKey(key: InsightFacadeKey | string | undefined): boolean {\n\t\tif (key === undefined) {\n\t\t\treturn false;\n\t\t}\n\t\treturn MFields.find((x) => x === (typeof key === \"string\" ? key : key.field)) !== undefined;\n\t}\n\n\t/**\n\t *\n\t * @param key key to test with idstring and field or string representing type (DatasetId.Uuid, etc)\n\t * @returns whether it is an skey or not\n\t */\n\tpublic static isSKey(key: InsightFacadeKey | string | undefined): boolean {\n\t\tif (key === undefined) {\n\t\t\treturn false;\n\t\t}\n\t\treturn SFields.find((x) => x === (typeof key === \"string\" ? key : key.field)) !== undefined;\n\t}\n\n\t/**\n\t * Ensures object is populated with only the given keys and returns a map\n\t * between keys and their values in the object. Keys are paried with boolean indicating\n\t * whether they are mandatory or not. If they are not mandatory and not found, function\n\t * will not throw.\n\t *\n\t * @param obj object to check\n\t * @param keys keys in object to retrieve paired with whether they are mandatory\n\t * @throws InsighError if key match isn't exact (extra or missing keys)\n\t */\n\tpublic static requireExactKeys(obj: object, keys: [string, boolean][]): Map<string, unknown> {\n\t\t// Check for extra keys\n\t\tconst keysFound = new Set<string>();\n\t\tObject.keys(obj).forEach((key) => {\n\t\t\tif (keys.find(([searchKey, _searchKeyRequired]) => searchKey === key) !== undefined) {\n\t\t\t\tkeysFound.add(key);\n\t\t\t} else {\n\t\t\t\tthrow new InsightError(\"Extraneous key: \" + key + \".\");\n\t\t\t}\n\t\t});\n\t\t// Check for missing keys\n\t\tlet missingKeys: string[] = [];\n\t\tkeys.forEach(([searchKey, searchKeyRequired]) => {\n\t\t\t// If key is reuqired and it is not found\n\t\t\tif (searchKeyRequired && !keysFound.has(searchKey)) {\n\t\t\t\tmissingKeys = missingKeys.concat(searchKey);\n\t\t\t}\n\t\t});\n\t\tif (missingKeys.length !== 0) {\n\t\t\tthrow new InsightError(\"Missing key(s): \" + JSON.stringify(missingKeys) + \".\");\n\t\t}\n\n\t\t// Map keys to values in object\n\t\tconst keyValueMap = new Map<string, unknown>();\n\t\tkeys.forEach(([searchKey, _searchKeyRequired]) => {\n\t\t\tconst value = obj[searchKey as keyof typeof obj];\n\t\t\tif (keysFound.has(searchKey) && value !== undefined) {\n\t\t\t\tkeyValueMap.set(searchKey, value);\n\t\t\t}\n\t\t});\n\t\treturn keyValueMap;\n\t}\n\n\t/**\n\t * Ensures object is populated with the given keys. Other keys are ignored. Options keys\n\t * are allowed to be there or not.\n\t *\n\t * @param obj object to check\n\t * @param keys keys in object to retrieve paired with whether they are mandatory or not\n\t * @throws InsightError if a required key is not found\n\t */\n\tpublic static requireHasKeys(obj: object, keys: [string, boolean][]): Map<string, unknown> {\n\t\tconst keyValueMap = new Map<string, unknown>();\n\t\tObject.entries(obj).forEach(([key, value]) => {\n\t\t\tconst matchedSearchKey = keys.find((k) => k[0] === key);\n\t\t\tif (matchedSearchKey !== undefined) {\n\t\t\t\tkeyValueMap.set(key, value);\n\t\t\t}\n\t\t});\n\t\t// Ensure keys which are required have been mapped\n\t\tkeys.forEach((key) => {\n\t\t\tconst [keyString, keyRequired] = key;\n\t\t\tif (keyRequired && !keyValueMap.has(keyString)) {\n\t\t\t\tthrow new InsightError(\"Missing key: \" + keyString);\n\t\t\t}\n\t\t});\n\t\treturn keyValueMap;\n\t}\n\n\t/**\n\t * Checks whether the given num is a number, and throws an error identified with\n\t * section when it is not.\n\t *\n\t * @param section the name of the number\n\t * @param str the variable to test\n\t * @returns num as a number\n\t * @throws InsightError if num is not an number\n\t */\n\tpublic static checkIsNumber(section: string, num: unknown): number {\n\t\tif (typeof num !== \"number\") {\n\t\t\tthrow new InsightError(\"JSON format error: \" + section + \" must be a number, not: \" + typeof num + \".\");\n\t\t}\n\t\treturn num as number;\n\t}\n\n\t/**\n\t * Checks whether the given str is a string, and throws an error identified with\n\t * section when it is not.\n\t *\n\t * @param section the name of the string\n\t * @param str the variable to test\n\t * @returns str as a string\n\t * @throws InsightError if str is not an string\n\t */\n\tpublic static checkIsString(section: string, str: unknown): string {\n\t\tif (typeof str !== \"string\") {\n\t\t\tthrow new InsightError(\"JSON format error: \" + section + \" must be a string, not: \" + typeof str + \".\");\n\t\t}\n\t\treturn str as string;\n\t}\n\n\t/**\n\t * Checks whether the given arr is an array, and throws an error identified with\n\t * section when it is not.\n\t *\n\t * @param section the name of the array\n\t * @param arr the variable to test\n\t * @returns arr as an array\n\t * @throws InsightError if arr is not an array\n\t */\n\tpublic static checkIsArray(section: string, arr: unknown): unknown[] {\n\t\tif (!Array.isArray(arr)) {\n\t\t\tthrow new InsightError(\"JSON format error: \" + section + \" must be an array, not: \" + typeof arr + \".\");\n\t\t}\n\t\treturn arr as unknown[];\n\t}\n\n\t/**\n\t * Checks whether given obj is an object, and throws an error identified with\n\t * section when it is not.\n\t *\n\t * @param section the name of the object\n\t * @param obj the variable to test\n\t * @returns obj as an object\n\t * @throws InsightError if obj is not an object.\n\t */\n\tpublic static checkIsObject(section: string, obj: unknown): object {\n\t\tif (typeof obj !== \"object\" || Array.isArray(obj) || obj === null || obj === undefined) {\n\t\t\tthrow new InsightError(\"JSON format error: \" + section + \" must be an object, not: \" + typeof obj + \", \" + obj);\n\t\t}\n\t\treturn obj as object;\n\t}\n\n\t/**\n\t *\n\t * @param content base64 content to unzip\n\t * @returns a JSZip of the content\n\t * @throws InsightError if the content cannot be properly parsed\n\t */\n\tpublic static async unzipBase64Content(content: string): Promise<JSZip> {\n\t\tlet unzipped: JSZip;\n\t\ttry {\n\t\t\tunzipped = await new JSZip().loadAsync(content, { base64: true });\n\t\t} catch (e) {\n\t\t\tthrow new InsightError(\"Error parsing content \" + e);\n\t\t}\n\t\treturn unzipped;\n\t}\n\n\t/**\n\t *\n\t * @param datasets datasets to get ids from\n\t * @returns all ids in the given datasets\n\t */\n\tpublic static getAllIDs(datasets: DatasetList): string[] {\n\t\treturn this.combineDatasets(datasets).map((x) => x.id);\n\t}\n\n\t/**\n\t *\n\t * @param datasets datasets to combine\n\t * @returns list of datasets combined\n\t */\n\tpublic static combineDatasets(datasets: DatasetList): Dataset<Section | Room>[] {\n\t\treturn (datasets.rooms as Dataset<Section | Room>[]).concat(datasets.sections);\n\t}\n}\n"]},"_coverageSchema":"1a1c01bbd47fc00a2c39e90264f33305004495a9","hash":"c711a5eaf125d4a34e3032f6cdf78ffd66a1e9e3","contentHash":"428c4eb16051d70880e168817a3be5f715cb299f3c395d7e1d9f032a97c1c317"},"/Users/fegicochen/Courses/CPSC 310/C1/project_team085/src/controller/IInsightFacade.ts":{"path":"/Users/fegicochen/Courses/CPSC 310/C1/project_team085/src/controller/IInsightFacade.ts","statementMap":{"0":{"start":{"line":2,"column":0},"end":{"line":2,"column":62}},"1":{"start":{"line":3,"column":0},"end":{"line":3,"column":113}},"2":{"start":{"line":5,"column":0},"end":{"line":8,"column":89}},"3":{"start":{"line":6,"column":4},"end":{"line":6,"column":48}},"4":{"start":{"line":7,"column":4},"end":{"line":7,"column":42}},"5":{"start":{"line":11,"column":8},"end":{"line":11,"column":23}},"6":{"start":{"line":12,"column":8},"end":{"line":12,"column":52}},"7":{"start":{"line":15,"column":0},"end":{"line":15,"column":36}},"8":{"start":{"line":18,"column":8},"end":{"line":18,"column":23}},"9":{"start":{"line":19,"column":8},"end":{"line":19,"column":53}},"10":{"start":{"line":22,"column":0},"end":{"line":22,"column":38}},"11":{"start":{"line":25,"column":8},"end":{"line":25,"column":23}},"12":{"start":{"line":26,"column":8},"end":{"line":26,"column":59}},"13":{"start":{"line":29,"column":0},"end":{"line":29,"column":50}}},"fnMap":{"0":{"name":"(anonymous_0)","decl":{"start":{"line":5,"column":1},"end":{"line":5,"column":2}},"loc":{"start":{"line":5,"column":31},"end":{"line":8,"column":1}},"line":5},"1":{"name":"(anonymous_1)","decl":{"start":{"line":10,"column":4},"end":{"line":10,"column":5}},"loc":{"start":{"line":10,"column":25},"end":{"line":13,"column":5}},"line":10},"2":{"name":"(anonymous_2)","decl":{"start":{"line":17,"column":4},"end":{"line":17,"column":5}},"loc":{"start":{"line":17,"column":25},"end":{"line":20,"column":5}},"line":17},"3":{"name":"(anonymous_3)","decl":{"start":{"line":24,"column":4},"end":{"line":24,"column":5}},"loc":{"start":{"line":24,"column":25},"end":{"line":27,"column":5}},"line":24}},"branchMap":{"0":{"loc":{"start":{"line":8,"column":24},"end":{"line":8,"column":87}},"type":"binary-expr","locations":[{"start":{"line":8,"column":24},"end":{"line":8,"column":50}},{"start":{"line":8,"column":55},"end":{"line":8,"column":86}}],"line":8}},"s":{"0":1,"1":1,"2":1,"3":1,"4":1,"5":110344,"6":110344,"7":1,"8":1,"9":1,"10":1,"11":3,"12":3,"13":1},"f":{"0":1,"1":110344,"2":1,"3":3},"b":{"0":[1,1]},"inputSourceMap":{"version":3,"file":"/Users/fegicochen/Courses/CPSC 310/C1/project_team085/src/controller/IInsightFacade.ts","sources":["/Users/fegicochen/Courses/CPSC 310/C1/project_team085/src/controller/IInsightFacade.ts"],"names":[],"mappings":";;;AAMA,IAAY,kBAGX;AAHD,WAAY,kBAAkB;IAC7B,2CAAqB,CAAA;IACrB,qCAAe,CAAA;AAChB,CAAC,EAHW,kBAAkB,GAAlB,0BAAkB,KAAlB,0BAAkB,QAG7B;AAUD,MAAa,YAAa,SAAQ,KAAK;IACtC,YAAY,OAAgB;QAC3B,KAAK,CAAC,OAAO,CAAC,CAAC;QACf,KAAK,CAAC,iBAAiB,CAAC,IAAI,EAAE,YAAY,CAAC,CAAC;IAC7C,CAAC;CACD;AALD,oCAKC;AAED,MAAa,aAAc,SAAQ,KAAK;IACvC,YAAY,OAAgB;QAC3B,KAAK,CAAC,OAAO,CAAC,CAAC;QACf,KAAK,CAAC,iBAAiB,CAAC,IAAI,EAAE,aAAa,CAAC,CAAC;IAC9C,CAAC;CACD;AALD,sCAKC;AAED,MAAa,mBAAoB,SAAQ,KAAK;IAC7C,YAAY,OAAgB;QAC3B,KAAK,CAAC,OAAO,CAAC,CAAC;QACf,KAAK,CAAC,iBAAiB,CAAC,IAAI,EAAE,mBAAmB,CAAC,CAAC;IACpD,CAAC;CACD;AALD,kDAKC","sourcesContent":["/*\n * This is the primary high-level API for the project. In this folder there should be:\n * A class called InsightFacade, this should be in a file called InsightFacade.ts.\n * You should not change this interface at all or the test suite will not work.\n */\n\nexport enum InsightDatasetKind {\n\tSections = \"sections\",\n\tRooms = \"rooms\",\n}\n\nexport interface InsightDataset {\n\tid: string;\n\tkind: InsightDatasetKind;\n\tnumRows: number;\n}\n\nexport type InsightResult = Record<string, string | number>;\n\nexport class InsightError extends Error {\n\tconstructor(message?: string) {\n\t\tsuper(message);\n\t\tError.captureStackTrace(this, InsightError);\n\t}\n}\n\nexport class NotFoundError extends Error {\n\tconstructor(message?: string) {\n\t\tsuper(message);\n\t\tError.captureStackTrace(this, NotFoundError);\n\t}\n}\n\nexport class ResultTooLargeError extends Error {\n\tconstructor(message?: string) {\n\t\tsuper(message);\n\t\tError.captureStackTrace(this, ResultTooLargeError);\n\t}\n}\n\nexport interface IInsightFacade {\n\t/**\n\t * Add a dataset to insightUBC.\n\t *\n\t * @param id  The id of the dataset being added. Follows the format /^[^_]+$/\n\t * @param content  The base64 content of the dataset. This content should be in the form of a serialized zip file.\n\t * @param kind  The kind of the dataset\n\t *\n\t * @return Promise <string[]>\n\t *\n\t * The promise should fulfill on a successful add, reject for any failures.\n\t * The promise should fulfill with a string array,\n\t * containing the ids of all currently added datasets upon a successful add.\n\t * The promise should reject with an InsightError describing the error.\n\t *\n\t * An id is invalid if it contains an underscore, or is only whitespace characters.\n\t * If id is the same as the id of an already added dataset, the dataset should be rejected and not saved.\n\t *\n\t * After receiving the dataset, it should be processed into a data structure of\n\t * your design. The processed data structure should be persisted to disk; your\n\t * system should be able to load this persisted value into memory for answering\n\t * queries.\n\t *\n\t * Ultimately, a dataset must be added or loaded from disk before queries can\n\t * be successfully answered.\n\t */\n\taddDataset(id: string, content: string, kind: InsightDatasetKind): Promise<string[]>;\n\n\t/**\n\t * Remove a dataset from insightUBC.\n\t *\n\t * @param id  The id of the dataset to remove. Follows the format /^[^_]+$/\n\t *\n\t * @return Promise <string>\n\t *\n\t * The promise should fulfill upon a successful removal, reject on any error.\n\t * Attempting to remove a dataset that hasn't been added yet counts as an error.\n\t *\n\t * An id is invalid if it contains an underscore, or is only whitespace characters.\n\t *\n\t * The promise should fulfill the id of the dataset that was removed.\n\t * The promise should reject with a NotFoundError (if a valid id was not yet added)\n\t * or an InsightError (invalid id or any other source of failure) describing the error.\n\t *\n\t * This will delete both disk and memory caches for the dataset for the id meaning\n\t * that subsequent queries for that id should fail unless a new addDataset happens first.\n\t */\n\tremoveDataset(id: string): Promise<string>;\n\n\t/**\n\t * Perform a query on insightUBC.\n\t *\n\t * @param query  The query to be performed.\n\t *\n\t * If a query is incorrectly formatted, references a dataset not added (in memory or on disk),\n\t * or references multiple datasets, it should be rejected.\n\t *\n\t * @return Promise <InsightResult[]>\n\t *\n\t * The promise should fulfill with an array of results.\n\t * The promise should reject with a ResultTooLargeError (if the query returns too many results)\n\t * or an InsightError (for any other source of failure) describing the error.\n\t */\n\tperformQuery(query: unknown): Promise<InsightResult[]>;\n\n\t/**\n\t * List all currently added datasets, their types, and number of rows.\n\t *\n\t * @return Promise <InsightDataset[]>\n\t * The promise should fulfill an array of currently added InsightDatasets, and will only fulfill.\n\t */\n\tlistDatasets(): Promise<InsightDataset[]>;\n}\n"]},"_coverageSchema":"1a1c01bbd47fc00a2c39e90264f33305004495a9","hash":"d0dced8471f30e6fc175ecfbe2af877f35daa9a0","contentHash":"3405cee3e86702967f227690b413136132f5522cb24903468b8a7cc5f7178d71"},"/Users/fegicochen/Courses/CPSC 310/C1/project_team085/src/controller/InsightFacade.ts":{"path":"/Users/fegicochen/Courses/CPSC 310/C1/project_team085/src/controller/InsightFacade.ts","statementMap":{"0":{"start":{"line":2,"column":22},"end":{"line":4,"column":1}},"1":{"start":{"line":3,"column":4},"end":{"line":3,"column":62}},"2":{"start":{"line":5,"column":0},"end":{"line":5,"column":62}},"3":{"start":{"line":6,"column":18},"end":{"line":6,"column":38}},"4":{"start":{"line":7,"column":25},"end":{"line":7,"column":52}},"5":{"start":{"line":8,"column":22},"end":{"line":8,"column":46}},"6":{"start":{"line":9,"column":25},"end":{"line":9,"column":69}},"7":{"start":{"line":10,"column":35},"end":{"line":10,"column":89}},"8":{"start":{"line":11,"column":32},"end":{"line":11,"column":66}},"9":{"start":{"line":15,"column":8},"end":{"line":15,"column":51}},"10":{"start":{"line":18,"column":8},"end":{"line":20,"column":9}},"11":{"start":{"line":19,"column":12},"end":{"line":19,"column":87}},"12":{"start":{"line":21,"column":8},"end":{"line":23,"column":9}},"13":{"start":{"line":21,"column":71},"end":{"line":21,"column":88}},"14":{"start":{"line":22,"column":12},"end":{"line":22,"column":75}},"15":{"start":{"line":24,"column":8},"end":{"line":33,"column":9}},"16":{"start":{"line":25,"column":34},"end":{"line":25,"column":100}},"17":{"start":{"line":26,"column":28},"end":{"line":26,"column":114}},"18":{"start":{"line":27,"column":12},"end":{"line":27,"column":56}},"19":{"start":{"line":30,"column":31},"end":{"line":30,"column":105}},"20":{"start":{"line":31,"column":28},"end":{"line":31,"column":108}},"21":{"start":{"line":32,"column":12},"end":{"line":32,"column":53}},"22":{"start":{"line":34,"column":8},"end":{"line":34,"column":36}},"23":{"start":{"line":35,"column":8},"end":{"line":35,"column":79}},"24":{"start":{"line":38,"column":8},"end":{"line":40,"column":9}},"25":{"start":{"line":39,"column":12},"end":{"line":39,"column":73}},"26":{"start":{"line":41,"column":28},"end":{"line":41,"column":30}},"27":{"start":{"line":42,"column":25},"end":{"line":42,"column":27}},"28":{"start":{"line":43,"column":25},"end":{"line":43,"column":54}},"29":{"start":{"line":44,"column":8},"end":{"line":48,"column":11}},"30":{"start":{"line":45,"column":12},"end":{"line":47,"column":13}},"31":{"start":{"line":46,"column":16},"end":{"line":46,"column":42}},"32":{"start":{"line":49,"column":8},"end":{"line":53,"column":11}},"33":{"start":{"line":50,"column":12},"end":{"line":52,"column":13}},"34":{"start":{"line":51,"column":16},"end":{"line":51,"column":39}},"35":{"start":{"line":54,"column":8},"end":{"line":56,"column":9}},"36":{"start":{"line":55,"column":12},"end":{"line":55,"column":94}},"37":{"start":{"line":57,"column":8},"end":{"line":57,"column":80}},"38":{"start":{"line":58,"column":8},"end":{"line":58,"column":36}},"39":{"start":{"line":59,"column":8},"end":{"line":59,"column":18}},"40":{"start":{"line":62,"column":25},"end":{"line":62,"column":54}},"41":{"start":{"line":63,"column":19},"end":{"line":63,"column":64}},"42":{"start":{"line":63,"column":55},"end":{"line":63,"column":63}},"43":{"start":{"line":64,"column":25},"end":{"line":64,"column":53}},"44":{"start":{"line":65,"column":8},"end":{"line":65,"column":24}},"45":{"start":{"line":68,"column":8},"end":{"line":72,"column":12}},"46":{"start":{"line":68,"column":103},"end":{"line":72,"column":9}},"47":{"start":{"line":75,"column":0},"end":{"line":75,"column":32}}},"fnMap":{"0":{"name":"(anonymous_0)","decl":{"start":{"line":2,"column":56},"end":{"line":2,"column":57}},"loc":{"start":{"line":2,"column":71},"end":{"line":4,"column":1}},"line":2},"1":{"name":"(anonymous_1)","decl":{"start":{"line":14,"column":4},"end":{"line":14,"column":5}},"loc":{"start":{"line":14,"column":18},"end":{"line":16,"column":5}},"line":14},"2":{"name":"(anonymous_2)","decl":{"start":{"line":17,"column":4},"end":{"line":17,"column":5}},"loc":{"start":{"line":17,"column":40},"end":{"line":36,"column":5}},"line":17},"3":{"name":"(anonymous_3)","decl":{"start":{"line":21,"column":58},"end":{"line":21,"column":59}},"loc":{"start":{"line":21,"column":71},"end":{"line":21,"column":88}},"line":21},"4":{"name":"(anonymous_4)","decl":{"start":{"line":37,"column":4},"end":{"line":37,"column":5}},"loc":{"start":{"line":37,"column":28},"end":{"line":60,"column":5}},"line":37},"5":{"name":"(anonymous_5)","decl":{"start":{"line":44,"column":34},"end":{"line":44,"column":35}},"loc":{"start":{"line":44,"column":47},"end":{"line":48,"column":9}},"line":44},"6":{"name":"(anonymous_6)","decl":{"start":{"line":49,"column":31},"end":{"line":49,"column":32}},"loc":{"start":{"line":49,"column":44},"end":{"line":53,"column":9}},"line":49},"7":{"name":"(anonymous_7)","decl":{"start":{"line":61,"column":4},"end":{"line":61,"column":5}},"loc":{"start":{"line":61,"column":30},"end":{"line":66,"column":5}},"line":61},"8":{"name":"(anonymous_8)","decl":{"start":{"line":63,"column":49},"end":{"line":63,"column":50}},"loc":{"start":{"line":63,"column":55},"end":{"line":63,"column":63}},"line":63},"9":{"name":"(anonymous_9)","decl":{"start":{"line":67,"column":4},"end":{"line":67,"column":5}},"loc":{"start":{"line":67,"column":25},"end":{"line":73,"column":5}},"line":67},"10":{"name":"(anonymous_10)","decl":{"start":{"line":68,"column":89},"end":{"line":68,"column":90}},"loc":{"start":{"line":68,"column":103},"end":{"line":72,"column":9}},"line":68}},"branchMap":{"0":{"loc":{"start":{"line":2,"column":22},"end":{"line":4,"column":1}},"type":"binary-expr","locations":[{"start":{"line":2,"column":23},"end":{"line":2,"column":27}},{"start":{"line":2,"column":31},"end":{"line":2,"column":51}},{"start":{"line":2,"column":56},"end":{"line":4,"column":1}}],"line":2},"1":{"loc":{"start":{"line":3,"column":11},"end":{"line":3,"column":61}},"type":"cond-expr","locations":[{"start":{"line":3,"column":37},"end":{"line":3,"column":40}},{"start":{"line":3,"column":43},"end":{"line":3,"column":61}}],"line":3},"2":{"loc":{"start":{"line":3,"column":12},"end":{"line":3,"column":33}},"type":"binary-expr","locations":[{"start":{"line":3,"column":12},"end":{"line":3,"column":15}},{"start":{"line":3,"column":19},"end":{"line":3,"column":33}}],"line":3},"3":{"loc":{"start":{"line":18,"column":8},"end":{"line":20,"column":9}},"type":"if","locations":[{"start":{"line":18,"column":8},"end":{"line":20,"column":9}},{"start":{"line":18,"column":8},"end":{"line":20,"column":9}}],"line":18},"4":{"loc":{"start":{"line":21,"column":8},"end":{"line":23,"column":9}},"type":"if","locations":[{"start":{"line":21,"column":8},"end":{"line":23,"column":9}},{"start":{"line":21,"column":8},"end":{"line":23,"column":9}}],"line":21},"5":{"loc":{"start":{"line":24,"column":8},"end":{"line":33,"column":9}},"type":"if","locations":[{"start":{"line":24,"column":8},"end":{"line":33,"column":9}},{"start":{"line":24,"column":8},"end":{"line":33,"column":9}}],"line":24},"6":{"loc":{"start":{"line":38,"column":8},"end":{"line":40,"column":9}},"type":"if","locations":[{"start":{"line":38,"column":8},"end":{"line":40,"column":9}},{"start":{"line":38,"column":8},"end":{"line":40,"column":9}}],"line":38},"7":{"loc":{"start":{"line":45,"column":12},"end":{"line":47,"column":13}},"type":"if","locations":[{"start":{"line":45,"column":12},"end":{"line":47,"column":13}},{"start":{"line":45,"column":12},"end":{"line":47,"column":13}}],"line":45},"8":{"loc":{"start":{"line":50,"column":12},"end":{"line":52,"column":13}},"type":"if","locations":[{"start":{"line":50,"column":12},"end":{"line":52,"column":13}},{"start":{"line":50,"column":12},"end":{"line":52,"column":13}}],"line":50},"9":{"loc":{"start":{"line":54,"column":8},"end":{"line":56,"column":9}},"type":"if","locations":[{"start":{"line":54,"column":8},"end":{"line":56,"column":9}},{"start":{"line":54,"column":8},"end":{"line":56,"column":9}}],"line":54}},"s":{"0":1,"1":2,"2":1,"3":1,"4":1,"5":1,"6":1,"7":1,"8":1,"9":32,"10":44,"11":4,"12":40,"13":11,"14":2,"15":38,"16":36,"17":27,"18":27,"19":2,"20":2,"21":2,"22":29,"23":29,"24":5,"25":2,"26":3,"27":3,"28":3,"29":3,"30":4,"31":2,"32":3,"33":0,"34":0,"35":3,"36":1,"37":2,"38":2,"39":2,"40":75,"41":75,"42":57,"43":75,"44":24,"45":15,"46":14,"47":1},"f":{"0":2,"1":32,"2":44,"3":11,"4":5,"5":4,"6":0,"7":75,"8":57,"9":15,"10":14},"b":{"0":[1,1,1],"1":[2,0],"2":[2,2],"3":[4,40],"4":[2,38],"5":[36,2],"6":[2,3],"7":[2,2],"8":[0,0],"9":[1,2]},"inputSourceMap":{"version":3,"file":"/Users/fegicochen/Courses/CPSC 310/C1/project_team085/src/controller/InsightFacade.ts","sources":["/Users/fegicochen/Courses/CPSC 310/C1/project_team085/src/controller/InsightFacade.ts"],"names":[],"mappings":";;;;;AAAA,uCAAwE;AACxE,qDAO0B;AAC1B,+CAA4C;AAC5C,sEAA8C;AAC9C,0FAAkE;AAClE,mEAAgE;AAOhE,MAAqB,aAAa;IACzB,IAAI,CAAiB;IAE7B;QACC,IAAI,CAAC,IAAI,GAAG,IAAI,wBAAc,EAAE,CAAC;IAClC,CAAC;IAEM,KAAK,CAAC,UAAU,CAAC,EAAU,EAAE,OAAe,EAAE,IAAwB;QAE5E,IAAI,CAAC,sBAAY,CAAC,eAAe,CAAC,EAAE,CAAC,EAAE;YACtC,MAAM,IAAI,6BAAY,CAAC,sBAAsB,GAAG,EAAE,GAAG,GAAG,CAAC,CAAC;SAC1D;QAGD,IAAI,CAAC,MAAM,IAAI,CAAC,IAAI,CAAC,WAAW,EAAE,CAAC,CAAC,QAAQ,CAAC,IAAI,CAAC,CAAC,OAAO,EAAE,EAAE,CAAC,OAAO,CAAC,EAAE,KAAK,EAAE,CAAC,EAAE;YAClF,MAAM,IAAI,6BAAY,CAAC,gBAAgB,GAAG,EAAE,CAAC,CAAC;SAC9C;QAGD,IAAI,IAAI,KAAK,mCAAkB,CAAC,QAAQ,EAAE;YACzC,MAAM,aAAa,GAAG,MAAM,kCAAwB,CAAC,gBAAgB,CAAC,OAAO,CAAC,CAAC;YAC/E,MAAM,OAAO,GAAoB,EAAE,EAAE,EAAE,EAAE,EAAE,OAAO,EAAE,aAAa,EAAE,IAAI,EAAE,mCAAkB,CAAC,QAAQ,EAAE,CAAC;YACvG,MAAM,IAAI,CAAC,IAAI,CAAC,kBAAkB,CAAC,OAAO,CAAC,CAAC;SAC5C;aAAM;YACN,MAAM,UAAU,GAAG,MAAM,6CAAqB,CAAC,aAAa,CAAC,OAAO,CAAC,CAAC;YACtE,MAAM,OAAO,GAAiB,EAAE,EAAE,EAAE,EAAE,EAAE,OAAO,EAAE,UAAU,EAAE,IAAI,EAAE,mCAAkB,CAAC,KAAK,EAAE,CAAC;YAC9F,MAAM,IAAI,CAAC,IAAI,CAAC,eAAe,CAAC,OAAO,CAAC,CAAC;SACzC;QAGD,MAAM,IAAI,CAAC,IAAI,CAAC,SAAS,EAAE,CAAC;QAG5B,OAAO,sBAAY,CAAC,SAAS,CAAC,MAAM,IAAI,CAAC,IAAI,CAAC,WAAW,EAAE,CAAC,CAAC;IAC9D,CAAC;IAEM,KAAK,CAAC,aAAa,CAAC,EAAU;QACpC,IAAI,CAAC,sBAAY,CAAC,eAAe,CAAC,EAAE,CAAC,EAAE;YACtC,MAAM,IAAI,6BAAY,CAAC,cAAc,GAAG,EAAE,CAAC,CAAC;SAC5C;QACD,MAAM,WAAW,GAAsB,EAAE,CAAC;QAC1C,MAAM,QAAQ,GAAmB,EAAE,CAAC;QACpC,MAAM,QAAQ,GAAG,MAAM,IAAI,CAAC,IAAI,CAAC,WAAW,EAAE,CAAC;QAC/C,QAAQ,CAAC,QAAQ,CAAC,OAAO,CAAC,CAAC,OAAO,EAAE,EAAE;YACrC,IAAI,OAAO,CAAC,EAAE,KAAK,EAAE,EAAE;gBACtB,WAAW,CAAC,IAAI,CAAC,OAAO,CAAC,CAAC;aAC1B;QACF,CAAC,CAAC,CAAC;QACH,QAAQ,CAAC,KAAK,CAAC,OAAO,CAAC,CAAC,OAAO,EAAE,EAAE;YAClC,IAAI,OAAO,CAAC,EAAE,KAAK,EAAE,EAAE;gBACtB,QAAQ,CAAC,IAAI,CAAC,OAAO,CAAC,CAAC;aACvB;QACF,CAAC,CAAC,CAAC;QACH,IAAI,CAAC,MAAM,IAAI,CAAC,IAAI,CAAC,WAAW,EAAE,CAAC,CAAC,QAAQ,CAAC,MAAM,KAAK,WAAW,CAAC,MAAM,EAAE;YAC3E,MAAM,IAAI,8BAAa,CAAC,kBAAkB,GAAG,EAAE,GAAG,aAAa,CAAC,CAAC;SACjE;QACD,MAAM,IAAI,CAAC,IAAI,CAAC,WAAW,CAAC,EAAE,QAAQ,EAAE,WAAW,EAAE,KAAK,EAAE,QAAQ,EAAE,CAAC,CAAC;QAGxE,MAAM,IAAI,CAAC,IAAI,CAAC,SAAS,EAAE,CAAC;QAE5B,OAAO,EAAE,CAAC;IACX,CAAC;IAEM,KAAK,CAAC,YAAY,CAAC,KAAc;QACvC,MAAM,QAAQ,GAAG,MAAM,IAAI,CAAC,IAAI,CAAC,WAAW,EAAE,CAAC;QAC/C,MAAM,EAAE,GAAG,IAAI,yBAAW,CAAC,GAAG,EAAE,CAAC,QAAQ,CAAC,CAAC;QAC3C,MAAM,QAAQ,GAAG,MAAM,EAAE,CAAC,YAAY,CAAC,KAAK,CAAC,CAAC;QAC9C,OAAO,QAAQ,CAAC;IACjB,CAAC;IAEM,KAAK,CAAC,YAAY;QACxB,OAAO,sBAAY,CAAC,eAAe,CAAC,MAAM,IAAI,CAAC,IAAI,CAAC,WAAW,EAAE,CAAC,CAAC,GAAG,CAAC,CAAC,OAAO,EAAE,EAAE,CAAC,CAAC;YACpF,EAAE,EAAE,OAAO,CAAC,EAAE;YACd,IAAI,EAAE,OAAO,CAAC,IAAI;YAClB,OAAO,EAAE,OAAO,CAAC,OAAO,CAAC,MAAM;SAC/B,CAAC,CAAC,CAAC;IACL,CAAC;CACD;AA9ED,gCA8EC","sourcesContent":["import { SectionsDataset, DatasetUtils, RoomsDataset } from \"./Dataset\";\nimport {\n\tIInsightFacade,\n\tInsightDataset,\n\tInsightDatasetKind,\n\tInsightError,\n\tInsightResult,\n\tNotFoundError,\n} from \"./IInsightFacade\";\nimport { QueryEngine } from \"./QueryEngine\";\nimport PersistantData from \"./PersistantData\";\nimport SectionsDatasetProcessor from \"./SectionsDatasetProcessor\";\nimport { RoomsDatasetProcessor } from \"./RoomsDatasetProcessor\";\n\n/**\n * This is the main programmatic entry point for the project.\n * Method documentation is in IInsightFacade\n *\n */\nexport default class InsightFacade implements IInsightFacade {\n\tprivate data: PersistantData;\n\n\tconstructor() {\n\t\tthis.data = new PersistantData();\n\t}\n\n\tpublic async addDataset(id: string, content: string, kind: InsightDatasetKind): Promise<string[]> {\n\t\t// Check id valid\n\t\tif (!DatasetUtils.isValidIdString(id)) {\n\t\t\tthrow new InsightError(\"Invalid dataset ID: \" + id + \".\");\n\t\t}\n\n\t\t// Check for duplicate ID\n\t\tif ((await this.data.getDatasets()).sections.find((dataset) => dataset.id === id)) {\n\t\t\tthrow new InsightError(\"Duplicate ID: \" + id);\n\t\t}\n\n\t\t// Check kind\n\t\tif (kind === InsightDatasetKind.Sections) {\n\t\t\tconst validSections = await SectionsDatasetProcessor.getValidSections(content);\n\t\t\tconst dataset: SectionsDataset = { id: id, members: validSections, type: InsightDatasetKind.Sections };\n\t\t\tawait this.data.addSectionsDataset(dataset);\n\t\t} else {\n\t\t\tconst validRooms = await RoomsDatasetProcessor.getValidRooms(content);\n\t\t\tconst dataset: RoomsDataset = { id: id, members: validRooms, type: InsightDatasetKind.Rooms };\n\t\t\tawait this.data.addRoomsDataset(dataset);\n\t\t}\n\n\t\t// Save to disc\n\t\tawait this.data.writeData();\n\n\t\t// Return list of valid datasets\n\t\treturn DatasetUtils.getAllIDs(await this.data.getDatasets());\n\t}\n\n\tpublic async removeDataset(id: string): Promise<string> {\n\t\tif (!DatasetUtils.isValidIdString(id)) {\n\t\t\tthrow new InsightError(\"Invalid id: \" + id);\n\t\t}\n\t\tconst newSections: SectionsDataset[] = [];\n\t\tconst newRooms: RoomsDataset[] = [];\n\t\tconst datasets = await this.data.getDatasets();\n\t\tdatasets.sections.forEach((dataset) => {\n\t\t\tif (dataset.id !== id) {\n\t\t\t\tnewSections.push(dataset);\n\t\t\t}\n\t\t});\n\t\tdatasets.rooms.forEach((dataset) => {\n\t\t\tif (dataset.id !== id) {\n\t\t\t\tnewRooms.push(dataset);\n\t\t\t}\n\t\t});\n\t\tif ((await this.data.getDatasets()).sections.length === newSections.length) {\n\t\t\tthrow new NotFoundError(\"Dataset with id \" + id + \" not found.\");\n\t\t}\n\t\tawait this.data.setDatasets({ sections: newSections, rooms: newRooms });\n\n\t\t// Save to disc\n\t\tawait this.data.writeData();\n\n\t\treturn id;\n\t}\n\n\tpublic async performQuery(query: unknown): Promise<InsightResult[]> {\n\t\tconst datasets = await this.data.getDatasets();\n\t\tconst qe = new QueryEngine(() => datasets);\n\t\tconst sections = await qe.processQuery(query);\n\t\treturn sections;\n\t}\n\n\tpublic async listDatasets(): Promise<InsightDataset[]> {\n\t\treturn DatasetUtils.combineDatasets(await this.data.getDatasets()).map((dataset) => ({\n\t\t\tid: dataset.id,\n\t\t\tkind: dataset.type,\n\t\t\tnumRows: dataset.members.length,\n\t\t}));\n\t}\n}\n"]},"_coverageSchema":"1a1c01bbd47fc00a2c39e90264f33305004495a9","hash":"8cc88d3b6d08d8a99e3c1cf694c86c7cf4f31c41","contentHash":"13087eb41024ace75e3d5524e08a34aaf22ff9b6c757d4989bb075ea606d1abf"},"/Users/fegicochen/Courses/CPSC 310/C1/project_team085/src/controller/QueryEngine.ts":{"path":"/Users/fegicochen/Courses/CPSC 310/C1/project_team085/src/controller/QueryEngine.ts","statementMap":{"0":{"start":{"line":2,"column":0},"end":{"line":2,"column":62}},"1":{"start":{"line":3,"column":0},"end":{"line":3,"column":29}},"2":{"start":{"line":4,"column":18},"end":{"line":4,"column":38}},"3":{"start":{"line":5,"column":17},"end":{"line":5,"column":36}},"4":{"start":{"line":6,"column":25},"end":{"line":6,"column":52}},"5":{"start":{"line":11,"column":8},"end":{"line":11,"column":33}},"6":{"start":{"line":14,"column":22},"end":{"line":14,"column":77}},"7":{"start":{"line":15,"column":30},"end":{"line":18,"column":10}},"8":{"start":{"line":19,"column":8},"end":{"line":19,"column":90}},"9":{"start":{"line":20,"column":25},"end":{"line":20,"column":85}},"10":{"start":{"line":21,"column":32},"end":{"line":21,"column":59}},"11":{"start":{"line":22,"column":8},"end":{"line":22,"column":74}},"12":{"start":{"line":22,"column":42},"end":{"line":22,"column":72}},"13":{"start":{"line":25,"column":23},"end":{"line":25,"column":25}},"14":{"start":{"line":26,"column":8},"end":{"line":29,"column":11}},"15":{"start":{"line":27,"column":33},"end":{"line":27,"column":54}},"16":{"start":{"line":28,"column":12},"end":{"line":28,"column":79}},"17":{"start":{"line":30,"column":8},"end":{"line":30,"column":22}},"18":{"start":{"line":33,"column":8},"end":{"line":49,"column":9}},"19":{"start":{"line":34,"column":26},"end":{"line":34,"column":44}},"20":{"start":{"line":36,"column":12},"end":{"line":44,"column":13}},"21":{"start":{"line":37,"column":16},"end":{"line":37,"column":71}},"22":{"start":{"line":37,"column":39},"end":{"line":37,"column":70}},"23":{"start":{"line":39,"column":17},"end":{"line":44,"column":13}},"24":{"start":{"line":40,"column":16},"end":{"line":40,"column":84}},"25":{"start":{"line":40,"column":39},"end":{"line":40,"column":83}},"26":{"start":{"line":43,"column":16},"end":{"line":43,"column":92}},"27":{"start":{"line":45,"column":12},"end":{"line":45,"column":55}},"28":{"start":{"line":48,"column":12},"end":{"line":48,"column":28}},"29":{"start":{"line":52,"column":24},"end":{"line":52,"column":100}},"30":{"start":{"line":53,"column":33},"end":{"line":56,"column":10}},"31":{"start":{"line":57,"column":53},"end":{"line":57,"column":88}},"32":{"start":{"line":58,"column":30},"end":{"line":58,"column":84}},"33":{"start":{"line":59,"column":8},"end":{"line":62,"column":9}},"34":{"start":{"line":60,"column":42},"end":{"line":60,"column":76}},"35":{"start":{"line":61,"column":12},"end":{"line":61,"column":92}},"36":{"start":{"line":63,"column":8},"end":{"line":67,"column":10}},"37":{"start":{"line":70,"column":30},"end":{"line":70,"column":32}},"38":{"start":{"line":72,"column":24},"end":{"line":72,"column":137}},"39":{"start":{"line":73,"column":8},"end":{"line":86,"column":11}},"40":{"start":{"line":74,"column":27},"end":{"line":74,"column":102}},"41":{"start":{"line":75,"column":30},"end":{"line":75,"column":73}},"42":{"start":{"line":76,"column":12},"end":{"line":78,"column":13}},"43":{"start":{"line":77,"column":16},"end":{"line":77,"column":107}},"44":{"start":{"line":79,"column":12},"end":{"line":84,"column":13}},"45":{"start":{"line":80,"column":16},"end":{"line":80,"column":110}},"46":{"start":{"line":83,"column":16},"end":{"line":83,"column":55}},"47":{"start":{"line":85,"column":12},"end":{"line":85,"column":64}},"48":{"start":{"line":87,"column":8},"end":{"line":89,"column":9}},"49":{"start":{"line":88,"column":12},"end":{"line":88,"column":94}},"50":{"start":{"line":90,"column":8},"end":{"line":90,"column":52}},"51":{"start":{"line":94,"column":8},"end":{"line":106,"column":9}},"52":{"start":{"line":95,"column":26},"end":{"line":95,"column":136}},"53":{"start":{"line":96,"column":29},"end":{"line":96,"column":71}},"54":{"start":{"line":97,"column":12},"end":{"line":105,"column":13}},"55":{"start":{"line":98,"column":16},"end":{"line":98,"column":41}},"56":{"start":{"line":99,"column":16},"end":{"line":101,"column":17}},"57":{"start":{"line":100,"column":20},"end":{"line":100,"column":114}},"58":{"start":{"line":104,"column":16},"end":{"line":104,"column":106}},"59":{"start":{"line":107,"column":8},"end":{"line":107,"column":29}},"60":{"start":{"line":110,"column":24},"end":{"line":110,"column":97}},"61":{"start":{"line":111,"column":8},"end":{"line":113,"column":9}},"62":{"start":{"line":112,"column":12},"end":{"line":112,"column":119}},"63":{"start":{"line":114,"column":23},"end":{"line":114,"column":60}},"64":{"start":{"line":115,"column":31},"end":{"line":115,"column":70}},"65":{"start":{"line":116,"column":25},"end":{"line":116,"column":47}},"66":{"start":{"line":117,"column":8},"end":{"line":119,"column":9}},"67":{"start":{"line":118,"column":12},"end":{"line":118,"column":61}},"68":{"start":{"line":120,"column":8},"end":{"line":120,"column":24}},"69":{"start":{"line":123,"column":21},"end":{"line":123,"column":91}},"70":{"start":{"line":124,"column":27},"end":{"line":132,"column":10}},"71":{"start":{"line":133,"column":8},"end":{"line":135,"column":9}},"72":{"start":{"line":134,"column":12},"end":{"line":134,"column":128}},"73":{"start":{"line":136,"column":23},"end":{"line":136,"column":35}},"74":{"start":{"line":137,"column":8},"end":{"line":137,"column":96}},"75":{"start":{"line":137,"column":44},"end":{"line":137,"column":93}},"76":{"start":{"line":138,"column":8},"end":{"line":138,"column":24}},"77":{"start":{"line":141,"column":8},"end":{"line":171,"column":9}},"78":{"start":{"line":144,"column":30},"end":{"line":144,"column":77}},"79":{"start":{"line":145,"column":33},"end":{"line":145,"column":90}},"80":{"start":{"line":145,"column":53},"end":{"line":145,"column":89}},"81":{"start":{"line":146,"column":16},"end":{"line":148,"column":17}},"82":{"start":{"line":147,"column":20},"end":{"line":147,"column":89}},"83":{"start":{"line":149,"column":16},"end":{"line":149,"column":112}},"84":{"start":{"line":154,"column":47},"end":{"line":154,"column":78}},"85":{"start":{"line":155,"column":31},"end":{"line":155,"column":83}},"86":{"start":{"line":156,"column":16},"end":{"line":160,"column":64}},"87":{"start":{"line":163,"column":16},"end":{"line":163,"column":73}},"88":{"start":{"line":165,"column":47},"end":{"line":165,"column":116}},"89":{"start":{"line":166,"column":31},"end":{"line":166,"column":120}},"90":{"start":{"line":167,"column":16},"end":{"line":167,"column":52}},"91":{"start":{"line":170,"column":16},"end":{"line":170,"column":93}},"92":{"start":{"line":174,"column":24},"end":{"line":174,"column":75}},"93":{"start":{"line":175,"column":28},"end":{"line":175,"column":63}},"94":{"start":{"line":176,"column":8},"end":{"line":178,"column":9}},"95":{"start":{"line":177,"column":12},"end":{"line":177,"column":92}},"96":{"start":{"line":179,"column":20},"end":{"line":179,"column":74}},"97":{"start":{"line":180,"column":25},"end":{"line":180,"column":42}},"98":{"start":{"line":181,"column":8},"end":{"line":183,"column":9}},"99":{"start":{"line":182,"column":12},"end":{"line":182,"column":103}},"100":{"start":{"line":184,"column":8},"end":{"line":186,"column":9}},"101":{"start":{"line":185,"column":12},"end":{"line":185,"column":96}},"102":{"start":{"line":187,"column":8},"end":{"line":201,"column":9}},"103":{"start":{"line":188,"column":12},"end":{"line":190,"column":13}},"104":{"start":{"line":189,"column":16},"end":{"line":189,"column":87}},"105":{"start":{"line":191,"column":12},"end":{"line":191,"column":35}},"106":{"start":{"line":193,"column":13},"end":{"line":201,"column":9}},"107":{"start":{"line":194,"column":12},"end":{"line":196,"column":13}},"108":{"start":{"line":195,"column":16},"end":{"line":195,"column":87}},"109":{"start":{"line":197,"column":12},"end":{"line":197,"column":35}},"110":{"start":{"line":200,"column":12},"end":{"line":200,"column":111}},"111":{"start":{"line":204,"column":0},"end":{"line":204,"column":34}}},"fnMap":{"0":{"name":"(anonymous_0)","decl":{"start":{"line":10,"column":4},"end":{"line":10,"column":5}},"loc":{"start":{"line":10,"column":26},"end":{"line":12,"column":5}},"line":10},"1":{"name":"(anonymous_1)","decl":{"start":{"line":13,"column":4},"end":{"line":13,"column":5}},"loc":{"start":{"line":13,"column":33},"end":{"line":23,"column":5}},"line":13},"2":{"name":"(anonymous_2)","decl":{"start":{"line":22,"column":35},"end":{"line":22,"column":36}},"loc":{"start":{"line":22,"column":42},"end":{"line":22,"column":72}},"line":22},"3":{"name":"(anonymous_3)","decl":{"start":{"line":24,"column":4},"end":{"line":24,"column":5}},"loc":{"start":{"line":24,"column":36},"end":{"line":31,"column":5}},"line":24},"4":{"name":"(anonymous_4)","decl":{"start":{"line":26,"column":37},"end":{"line":26,"column":38}},"loc":{"start":{"line":26,"column":49},"end":{"line":29,"column":9}},"line":26},"5":{"name":"(anonymous_5)","decl":{"start":{"line":32,"column":4},"end":{"line":32,"column":5}},"loc":{"start":{"line":32,"column":27},"end":{"line":50,"column":5}},"line":32},"6":{"name":"(anonymous_6)","decl":{"start":{"line":37,"column":29},"end":{"line":37,"column":30}},"loc":{"start":{"line":37,"column":39},"end":{"line":37,"column":70}},"line":37},"7":{"name":"(anonymous_7)","decl":{"start":{"line":40,"column":29},"end":{"line":40,"column":30}},"loc":{"start":{"line":40,"column":39},"end":{"line":40,"column":83}},"line":40},"8":{"name":"(anonymous_8)","decl":{"start":{"line":51,"column":4},"end":{"line":51,"column":5}},"loc":{"start":{"line":51,"column":31},"end":{"line":68,"column":5}},"line":51},"9":{"name":"(anonymous_9)","decl":{"start":{"line":60,"column":33},"end":{"line":60,"column":34}},"loc":{"start":{"line":60,"column":42},"end":{"line":60,"column":76}},"line":60},"10":{"name":"(anonymous_10)","decl":{"start":{"line":69,"column":4},"end":{"line":69,"column":5}},"loc":{"start":{"line":69,"column":35},"end":{"line":91,"column":5}},"line":69},"11":{"name":"(anonymous_11)","decl":{"start":{"line":73,"column":24},"end":{"line":73,"column":25}},"loc":{"start":{"line":73,"column":39},"end":{"line":86,"column":9}},"line":73},"12":{"name":"(anonymous_12)","decl":{"start":{"line":92,"column":4},"end":{"line":92,"column":5}},"loc":{"start":{"line":92,"column":54},"end":{"line":108,"column":5}},"line":92},"13":{"name":"(anonymous_13)","decl":{"start":{"line":109,"column":4},"end":{"line":109,"column":5}},"loc":{"start":{"line":109,"column":25},"end":{"line":121,"column":5}},"line":109},"14":{"name":"(anonymous_14)","decl":{"start":{"line":122,"column":4},"end":{"line":122,"column":5}},"loc":{"start":{"line":122,"column":39},"end":{"line":139,"column":5}},"line":122},"15":{"name":"(anonymous_15)","decl":{"start":{"line":137,"column":27},"end":{"line":137,"column":28}},"loc":{"start":{"line":137,"column":44},"end":{"line":137,"column":93}},"line":137},"16":{"name":"(anonymous_16)","decl":{"start":{"line":140,"column":4},"end":{"line":140,"column":5}},"loc":{"start":{"line":140,"column":38},"end":{"line":172,"column":5}},"line":140},"17":{"name":"(anonymous_17)","decl":{"start":{"line":145,"column":43},"end":{"line":145,"column":44}},"loc":{"start":{"line":145,"column":53},"end":{"line":145,"column":89}},"line":145},"18":{"name":"(anonymous_18)","decl":{"start":{"line":173,"column":4},"end":{"line":173,"column":5}},"loc":{"start":{"line":173,"column":40},"end":{"line":202,"column":5}},"line":173}},"branchMap":{"0":{"loc":{"start":{"line":33,"column":8},"end":{"line":49,"column":9}},"type":"if","locations":[{"start":{"line":33,"column":8},"end":{"line":49,"column":9}},{"start":{"line":33,"column":8},"end":{"line":49,"column":9}}],"line":33},"1":{"loc":{"start":{"line":36,"column":12},"end":{"line":44,"column":13}},"type":"if","locations":[{"start":{"line":36,"column":12},"end":{"line":44,"column":13}},{"start":{"line":36,"column":12},"end":{"line":44,"column":13}}],"line":36},"2":{"loc":{"start":{"line":39,"column":17},"end":{"line":44,"column":13}},"type":"if","locations":[{"start":{"line":39,"column":17},"end":{"line":44,"column":13}},{"start":{"line":39,"column":17},"end":{"line":44,"column":13}}],"line":39},"3":{"loc":{"start":{"line":59,"column":8},"end":{"line":62,"column":9}},"type":"if","locations":[{"start":{"line":59,"column":8},"end":{"line":62,"column":9}},{"start":{"line":59,"column":8},"end":{"line":62,"column":9}}],"line":59},"4":{"loc":{"start":{"line":59,"column":12},"end":{"line":60,"column":91}},"type":"binary-expr","locations":[{"start":{"line":59,"column":12},"end":{"line":59,"column":39}},{"start":{"line":60,"column":12},"end":{"line":60,"column":91}}],"line":59},"5":{"loc":{"start":{"line":76,"column":12},"end":{"line":78,"column":13}},"type":"if","locations":[{"start":{"line":76,"column":12},"end":{"line":78,"column":13}},{"start":{"line":76,"column":12},"end":{"line":78,"column":13}}],"line":76},"6":{"loc":{"start":{"line":79,"column":12},"end":{"line":84,"column":13}},"type":"if","locations":[{"start":{"line":79,"column":12},"end":{"line":84,"column":13}},{"start":{"line":79,"column":12},"end":{"line":84,"column":13}}],"line":79},"7":{"loc":{"start":{"line":79,"column":16},"end":{"line":79,"column":91}},"type":"binary-expr","locations":[{"start":{"line":79,"column":16},"end":{"line":79,"column":47}},{"start":{"line":79,"column":51},"end":{"line":79,"column":91}}],"line":79},"8":{"loc":{"start":{"line":87,"column":8},"end":{"line":89,"column":9}},"type":"if","locations":[{"start":{"line":87,"column":8},"end":{"line":89,"column":9}},{"start":{"line":87,"column":8},"end":{"line":89,"column":9}}],"line":87},"9":{"loc":{"start":{"line":94,"column":8},"end":{"line":106,"column":9}},"type":"if","locations":[{"start":{"line":94,"column":8},"end":{"line":106,"column":9}},{"start":{"line":94,"column":8},"end":{"line":106,"column":9}}],"line":94},"10":{"loc":{"start":{"line":94,"column":12},"end":{"line":94,"column":122}},"type":"binary-expr","locations":[{"start":{"line":94,"column":12},"end":{"line":94,"column":58}},{"start":{"line":94,"column":62},"end":{"line":94,"column":122}}],"line":94},"11":{"loc":{"start":{"line":97,"column":12},"end":{"line":105,"column":13}},"type":"if","locations":[{"start":{"line":97,"column":12},"end":{"line":105,"column":13}},{"start":{"line":97,"column":12},"end":{"line":105,"column":13}}],"line":97},"12":{"loc":{"start":{"line":99,"column":16},"end":{"line":101,"column":17}},"type":"if","locations":[{"start":{"line":99,"column":16},"end":{"line":101,"column":17}},{"start":{"line":99,"column":16},"end":{"line":101,"column":17}}],"line":99},"13":{"loc":{"start":{"line":111,"column":8},"end":{"line":113,"column":9}},"type":"if","locations":[{"start":{"line":111,"column":8},"end":{"line":113,"column":9}},{"start":{"line":111,"column":8},"end":{"line":113,"column":9}}],"line":111},"14":{"loc":{"start":{"line":117,"column":8},"end":{"line":119,"column":9}},"type":"if","locations":[{"start":{"line":117,"column":8},"end":{"line":119,"column":9}},{"start":{"line":117,"column":8},"end":{"line":119,"column":9}}],"line":117},"15":{"loc":{"start":{"line":133,"column":8},"end":{"line":135,"column":9}},"type":"if","locations":[{"start":{"line":133,"column":8},"end":{"line":135,"column":9}},{"start":{"line":133,"column":8},"end":{"line":135,"column":9}}],"line":133},"16":{"loc":{"start":{"line":141,"column":8},"end":{"line":171,"column":9}},"type":"switch","locations":
[...]
EAAE,GAAG,CAAY,CAAC,CAAC;iBAC7E;qBAAM,IAAI,IAAI,CAAC,aAAa,CAAC,KAAK,EAAE,qBAAqB,CAAC,EAAE;oBAC5D,IAAI,GAAG,IAAI,CAAC,YAAY,CAAC,IAAI,CAAC,aAAa,CAAC,KAAK,EAAE,GAAG,CAAC,EAAE,MAAM,CAAC,EAAE,KAAK,CAAC;iBACxE;aACD;SACD;QACD,OAAO;YACN,KAAK,EAAE,KAAO;YACd,SAAS,EAAE,SAAS,EAAE,IAAI,EAAI;YAC9B,IAAI,EAAE,IAAI,EAAE,IAAI,EAAI;YACpB,MAAM,EAAE,UAAU,EAAE,IAAI,EAAI;YAC5B,OAAO,EAAE,YAAY,CAAC,OAAO;YAC7B,GAAG,EAAE,YAAY,CAAC,GAAG;YACrB,GAAG,EAAE,YAAY,CAAC,GAAG;YACrB,QAAQ,EAAE,YAAY,CAAC,KAAK;YAC5B,SAAS,EAAE,YAAY,CAAC,IAAI;YAC5B,IAAI,EAAE,IAAI,EAAE,IAAI,EAAI;YACpB,IAAI,EAAE,YAAY,CAAC,IAAI,GAAG,GAAG,GAAG,UAAU,EAAE,IAAI,EAAI;SACpD,CAAC;IACH,CAAC;IAOO,MAAM,CAAC,iBAAiB,CAC/B,MAAkC,EAClC,IAAY,EACZ,EAAmC;QAElC,MAA8B,EAAE,UAAU,EAAE,OAAO,CAAC,CAAC,SAAS,EAAE,EAAE;YAClE,IAAI,SAAS,CAAC,QAAQ,KAAK,IAAI,EAAE;gBAChC,EAAE,CAAC,SAAS,CAAC,CAAC;aACd;QACF,CAAC,CAAC,CAAC;IACJ,CAAC;IAQO,MAAM,CAAC,YAAY,CAAC,CAA6B,EAAE,QAAgB;QAC1E,OAAQ,CAAyB,EAAE,KAAK,EAAE,IAAI,CAAC,CAAC,CAAC,EAAE,EAAE,CAAC,CAAC,CAAC,IAAI,KAAK,QAAQ,CAAC,CAAC;IAC5E,CAAC;IAQO,MAAM,CAAC,aAAa,CAAC,CAAU,EAAE,IAAY;QACpD,OAAO,CAAC,CAAC,UAAU,CAAC,IAAI,CAAC,CAAC,CAAC,EAAE,EAAE,CAAC,CAAC,CAAC,QAAQ,KAAK,IAAI,CAAC,CAAC;IACtD,CAAC;IAOO,MAAM,CAAC,eAAe,CAAC,CAAsB;QACpD,MAAM,QAAQ,GAAG,CAAC,EAAE,UAAU,CAAC,IAAI,CAAC,CAAC,CAAC,EAAE,EAAE,CAAC,CAAC,CAAC,QAAQ,KAAK,OAAO,CAAyB,CAAC;QAC3F,OAAO,QAAQ,EAAE,KAAK,CAAC;IACxB,CAAC;IAOO,MAAM,CAAC,QAAQ,CAAC,CAAiB;QACxC,OAAO,IAAI,CAAC,YAAY,CAAC,CAAC,EAAE,OAAO,CAAC,CAAC;IACtC,CAAC;IAOO,MAAM,CAAC,iBAAiB,CAAC,CAA6B;QAC7D,IAAI,CAAC,KAAK,SAAS,IAAI,CAAC,CAAC,QAAQ,KAAK,IAAI,EAAE;YAC3C,OAAO,KAAK,CAAC;SACb;QACD,MAAM,MAAM,GAAG,IAAI,CAAC,QAAQ,CAAC,CAAC,CAAC,CAAC;QAChC,OAAO,MAAM,EAAE,KAAK,CAAC,QAAQ,CAAC,aAAa,CAAC,KAAK,IAAI,CAAC;IACvD,CAAC;IAQO,MAAM,CAAC,aAAa,CAAC,CAAiB,EAAE,GAAG,MAAgB;QAClE,MAAM,MAAM,GAAG,IAAI,CAAC,QAAQ,CAAC,CAAC,CAAC,CAAC;QAChC,IAAI,MAAM,KAAK,SAAS,EAAE;YACzB,OAAO,KAAK,CAAC;SACb;QACD,OAAO,MAAM,CAAC,GAAG,CAAC,CAAC,KAAK,EAAE,EAAE,CAAC,MAAM,CAAC,KAAK,CAAC,QAAQ,CAAC,KAAK,CAAC,CAAC,CAAC,MAAM,CAAC,CAAC,IAAI,EAAE,IAAI,EAAE,EAAE,CAAC,IAAI,IAAI,IAAI,EAAE,IAAI,CAAC,CAAC;IACvG,CAAC;IAOO,MAAM,CAAC,eAAe,CAAC,UAAmB;QACjD,OAAO,CACN,UAAU,CAAC,UAAU;aAEnB,GAAG,CAAC,CAAC,aAAa,EAAE,EAAE;YACtB,MAAM,WAAW,GAAG,aAAwB,CAAC;YAC7C,IAAI,WAAW,CAAC,UAAU,KAAK,SAAS,EAAE;gBACzC,OAAO,SAAS,CAAC;aACjB;YACD,OAAO,WAAW,CAAC;QACpB,CAAC,CAAC;aAED,MAAM,CAAC,CAAC,KAAK,EAAE,EAAE,CAAC,KAAK,KAAK,SAAS,CAAC;aAEtC,MAAM,CAAC,CAAC,KAAK,EAAE,EAAE,CAAC,KAAK,EAAE,QAAQ,KAAK,IAAI,CAAC;aAE3C,GAAG,CAAC,CAAC,OAAO,EAAE,EAAE,CAAC,IAAI,CAAC,aAAa,CAAC,OAAS,CAAC,CAAC;aAE/C,MAAM,CAAC,CAAC,CAAC,EAAE,EAAE,CAAC,CAAC,KAAK,SAAS,CAAC;aAC9B,GAAG,CAAC,CAAC,CAAC,EAAE,EAAE,CAAC,CAAG,CAAC,CACjB,CAAC;IACH,CAAC;IAOO,MAAM,CAAC,aAAa,CAAC,EAAW;QACvC,IAAI,SAA6B,CAAC;QAClC,IAAI,WAA+B,CAAC;QACpC,IAAI,QAA4B,CAAC;QACjC,KAAK,MAAM,KAAK,IAAI,EAAE,CAAC,UAAU,EAAE;YAClC,IAAI,IAAI,CAAC,iBAAiB,CAAC,KAAK,CAAC,EAAE;gBAElC,IAAI,IAAI,CAAC,aAAa,CAAC,KAAK,EAAE,mBAAmB,CAAC,EAAE;oBACnD,SAAS,GAAG,IAAI,CAAC,eAAe,CAAC,IAAI,CAAC,aAAa,CAAC,KAAK,EAAE,GAAG,CAAY,CAAC,EAAE,IAAI,EAAE,CAAC;iBACpF;qBAAM,IAAI,IAAI,CAAC,aAAa,CAAC,KAAK,EAAE,oCAAoC,CAAC,EAAE;oBAC3E,WAAW,GAAG,IAAI,CAAC,eAAe,CAAC,KAAK,CAAC,EAAE,IAAI,EAAE,CAAC;iBAClD;qBAAM,IAAI,IAAI,CAAC,aAAa,CAAC,KAAK,EAAE,iCAAiC,CAAC,EAAE;oBACxE,QAAQ,GAAG,IAAI,CAAC,eAAe,CAAC,KAAK,CAAC,EAAE,IAAI,EAAE,CAAC;iBAC/C;aACD;SACD;QACD,IAAI,CAAC,SAAS,EAAE,WAAW,EAAE,QAAQ,CAAC,CAAC,MAAM,CAAC,CAAC,CAAC,EAAE,EAAE,CAAC,CAAC,KAAK,SAAS,CAAC,CAAC,MAAM,KAAK,CAAC,EAAE;YACnF,OAAO;gBACN,KAAK,EAAE,SAAW;gBAClB,OAAO,EAAE,WAAa;gBACtB,IAAI,EAAE,QAAU;aAChB,CAAC;SACF;QACD,OAAO,SAAS,CAAC;IAClB,CAAC;IAQO,MAAM,CAAC,cAAc,CAAC,QAAkB;QAC/C,KAAK,MAAM,KAAK,IAAI,QAAQ,CAAC,UAAU,EAAE;YACxC,MAAM,GAAG,GAAG,IAAI,CAAC,gBAAgB,CAAC,KAAK,EAAE,KAAK,CAAC,CAAC;YAChD,IAAI,GAAG,KAAK,SAAS,EAAE;gBACtB,OAAO,GAAc,CAAC;aACtB;SACD;QACD,MAAM,IAAI,6BAAY,CAAC,4BAA4B,CAAC,CAAC;IACtD,CAAC;IAQO,MAAM,CAAC,gBAAgB,CAAC,KAAqB,EAAE,SAAkB;QAExE,IAAI,SAAS,IAAI,KAAK,CAAC,QAAQ,KAAK,OAAO,IAAI,KAAK,CAAC,OAAO,CAAC,KAAK,CAAC,UAAU,CAAC,IAAI,KAAK,CAAC,UAAU,CAAC,MAAM,GAAG,CAAC,EAAE;YAC9G,KAAK,MAAM,OAAO,IAAI,KAAK,CAAC,UAAU,EAAE;gBACvC,IACC,OAAO,CAAC,QAAQ,KAAK,IAAI;oBACzB,OAAO,CAAC,UAAU,CAAC,IAAI,CACtB,CAAC,OAAO,EAAE,EAAE,CACX,OAAO,CAAC,QAAQ,KAAK,IAAI;wBACzB,OAAO,CAAC,KAAK,CAAC,IAAI,CAAC,CAAC,IAAI,EAAE,EAAE,CAAC,IAAI,CAAC,IAAI,KAAK,OAAO,IAAI,IAAI,CAAC,KAAK,CAAC,QAAQ,CAAC,aAAa,CAAC,CAAC,CAC1F,EACA;oBACD,OAAO,KAAK,CAAC;iBACb;aACD;SACD;QAED,MAAM,QAAQ,GAAI,KAAa,CAAC,UAAU,CAAC;QAC3C,IAAI,KAAK,CAAC,OAAO,CAAC,QAAQ,CAAC,EAAE;YAC5B,KAAK,MAAM,CAAC,IAAI,QAAQ,EAAE;gBACzB,MAAM,GAAG,GAAG,IAAI,CAAC,gBAAgB,CAAC,CAAC,EAAE,SAAS,IAAI,CAAC,CAAC,QAAQ,KAAK,OAAO,CAAC,CAAC;gBAC1E,IAAI,GAAG,KAAK,SAAS,EAAE;oBACtB,OAAO,GAAG,CAAC;iBACX;aACD;SACD;QACD,OAAO,SAAS,CAAC;IAClB,CAAC;IAQM,MAAM,CAAC,KAAK,CAAC,cAAc,CAAC,OAAe;QACjD,MAAM,cAAc,GAAG,kBAAkB,CAAC,OAAO,CAAC,CAAC;QACnD,MAAM,GAAG,GAAG,gEAAgE,cAAc,EAAE,CAAC;QAE7F,MAAM,QAAQ,GAAG,MAAM,CAAC,KAAK,IAAkB,EAAE,CAChD,IAAI,OAAO,CAAC,CAAC,OAAO,EAAE,MAAM,EAAE,EAAE;YAC/B,MAAM,GAAG,GAAG,IAAI,CAAC,GAAG,CAAC,GAAG,CAAC,CAAC;YAC1B,GAAG,CAAC,EAAE,CAAC,UAAU,EAAE,CAAC,GAAG,EAAE,EAAE,CAAC,OAAO,CAAC,GAAG,CAAC,CAAC,CAAC;YAE1C,GAAG,CAAC,EAAE,CAAC,OAAO,EAAE,CAAC,GAAG,EAAE,EAAE,CAAC,MAAM,CAAC,GAAG,CAAC,CAAC,CAAC;YAEtC,GAAG,CAAC,GAAG,EAAE,CAAC;QACX,CAAC,CAAC,CAAC,EAAE,CAAC;QAEP,IAAI,IAAI,GAAG,EAAE,CAAC;QACd,IAAI,KAAK,EAAE,MAAM,KAAK,IAAI,QAAQ,EAAE;YACnC,IAAI,IAAI,KAAK,CAAC;SACd;QACD,OAAO,IAAI,CAAC,KAAK,CAAC,IAAI,CAAC,CAAC;IACzB,CAAC;CACD;AA1YD,sDA0YC","sourcesContent":["import { parse } from \"parse5\";\nimport {\n\tDocument as ParseDoc,\n\tChildNode as ParseChildNode,\n\tElement,\n\tTextNode,\n} from \"parse5/dist/tree-adapters/default\";\nimport { DatasetUtils, Room } from \"./Dataset\";\nimport { InsightError } from \"./IInsightFacade\";\nimport JSZip from \"jszip\";\nimport * as http from \"node:http\";\nimport { Attribute } from \"parse5/dist/common/token\";\n\nconst roomsHtmlFileName = \"index.htm\";\n\ninterface BuildingInfo {\n\ttitle: string;\n\tcode: string;\n\taddress: string;\n\tlat: number;\n\tlon: number;\n}\n\ntype BuildingInfoMap = Map<string, Promise<BuildingInfo | undefined>>;\n\ninterface RoomsRow {\n\ttitle: string;\n\tcode: string;\n\taddress: string;\n}\n\ninterface GeoResponse {\n\tlat?: number;\n\tlon?: number;\n\terror?: string;\n}\n\nexport class RoomsDatasetProcessor {\n\t/**\n\t *\n\t * @param content base64 zip file content\n\t * @returns valid rooms from the given zip file\n\t * @throws InsightError if there are any fatal unrecoverable parsing errors\n\t */\n\tpublic static async getValidRooms(content: string): Promise<Room[]> {\n\t\tconst unzipped = await DatasetUtils.unzipBase64Content(content);\n\n\t\t// Get file describing the rooms\n\t\tconst roomsFile = unzipped.file(roomsHtmlFileName);\n\t\tif (roomsFile === null) {\n\t\t\tthrow new InsightError(\"No index.htm file!\");\n\t\t}\n\n\t\t// Get rooms file content\n\t\tconst roomsFileContent = await roomsFile.async(\"string\");\n\n\t\t// Parse HTML to JSON with parse5\n\t\tconst roomsFileJSON: ParseDoc = parse(roomsFileContent);\n\n\t\t// Extract address data from table in index.htm\n\t\tconst roomsTable = this.findRoomsTable(roomsFileJSON);\n\t\tconst roomsTableData = this.parseRoomsTable(roomsTable);\n\n\t\t// Check valid data\n\t\tif (roomsTableData.length === 0) {\n\t\t\tthrow new InsightError(\"No valid rooms!\");\n\t\t}\n\n\t\t// Get building info\n\t\tconst buildingInfoMap = this.createAllBuildingInfo(roomsTableData);\n\n\t\t// Parse room files deeper in zip\n\t\tconst allRooms = await this.parseRoomsFiles(unzipped, buildingInfoMap);\n\n\t\treturn allRooms;\n\t}\n\n\t/**\n\t *\n\t * @param unzipped the unzipped root folder\n\t * @param addresses room addresses from index.htm\n\t * @returns valid rooms from files\n\t */\n\tprivate static async parseRoomsFiles(unzipped: JSZip, buildingInfoMap: BuildingInfoMap): Promise<Room[]> {\n\t\tconst files = await Promise.all(\n\t\t\tObject.values(unzipped.files)\n\t\t\t\t.filter((x) => x.name.startsWith(\"campus/discover/buildings-and-classrooms\"))\n\t\t\t\t.map(async (x) => ({ name: x.name, data: await x.async(\"string\") }))\n\t\t);\n\t\tconst parsedRoomLists = await Promise.all(\n\t\t\tfiles.map(async (file): Promise<Room[]> => {\n\t\t\t\tconst fileContentParsed = parse(file.data);\n\t\t\t\tconst fileRoomCode = file.name\n\t\t\t\t\t.replaceAll(\".htm\", \"\")\n\t\t\t\t\t.split(\"/\")\n\t\t\t\t\t.find((_, idx, arr) => idx === arr.length - 1)!!;\n\t\t\t\tif (!buildingInfoMap.has(fileRoomCode)) {\n\t\t\t\t\t// console.log(\"Building info doesn't have: \" + fileRoomCode);\n\t\t\t\t\treturn [];\n\t\t\t\t}\n\t\t\t\tconst buildingInfo = await buildingInfoMap.get(fileRoomCode)!!;\n\t\t\t\tif (buildingInfo === undefined) {\n\t\t\t\t\t// console.log(\"Building info request failed: \" + fileRoomCode);\n\t\t\t\t\treturn [];\n\t\t\t\t}\n\t\t\t\treturn this.parseSingleRoomFile(fileContentParsed, buildingInfo);\n\t\t\t})\n\t\t);\n\t\treturn parsedRoomLists.flat();\n\t}\n\n\t/**\n\t *\n\t * @param addresses addresses, titles, and room codes from index.htm\n\t * @returns the building info map\n\t */\n\tprivate static createAllBuildingInfo(addresses: RoomsRow[]): BuildingInfoMap {\n\t\tconst map = new Map<string, Promise<BuildingInfo | undefined>>();\n\n\t\tfor (const address of addresses) {\n\t\t\t// request data\n\t\t\tconst addressRequestFn = async (): Promise<BuildingInfo | undefined> => {\n\t\t\t\tconst { lat, lon, error } = await this.getGeoLocation(address.address);\n\t\t\t\tif (error !== undefined || lat === undefined || lon === undefined) {\n\t\t\t\t\treturn undefined;\n\t\t\t\t}\n\t\t\t\treturn {\n\t\t\t\t\ttitle: address.title,\n\t\t\t\t\tcode: address.code,\n\t\t\t\t\taddress: address.address,\n\t\t\t\t\tlat: lat,\n\t\t\t\t\tlon: lon,\n\t\t\t\t};\n\t\t\t};\n\t\t\tmap.set(address.code, addressRequestFn());\n\t\t}\n\n\t\treturn map;\n\t}\n\n\t/**\n\t *\n\t * @param content parsed file content\n\t * @param addresses rooms and their addresses\n\t * @returns room from file or undefined if file is invalid\n\t */\n\tprivate static parseSingleRoomFile(content: ParseDoc, buildingInfo: BuildingInfo): Room[] {\n\t\tlet roomsTable: Element;\n\t\ttry {\n\t\t\troomsTable = this.findRoomsTable(content);\n\t\t} catch (_e) {\n\t\t\t// console.log(\"Could not find rooms table in: \" + roomCode);\n\t\t\treturn [];\n\t\t}\n\t\tconst rooms: Room[] = [];\n\t\tthis.forAllNodesOfType(roomsTable, \"tr\", (tr) => {\n\t\t\ttry {\n\t\t\t\tconst room = this.parseSingleRoomInRoomFile(tr as Element, buildingInfo);\n\t\t\t\tif (room !== undefined) {\n\t\t\t\t\trooms.push(room);\n\t\t\t\t}\n\t\t\t} catch (_e) {\n\t\t\t\t// Moving on ...\n\t\t\t}\n\t\t});\n\t\treturn rooms;\n\t}\n\n\t/**\n\t *\n\t * @param tr the tr element inside the table body contianing the tds to look for attributes on\n\t * @param buildingInfo the building info for the current building\n\t * @returns a room from this tr and the given building info\n\t */\n\tprivate static parseSingleRoomInRoomFile(tr: Element, buildingInfo: BuildingInfo): Room | undefined {\n\t\t// Child is a tr containing the tds with data\n\t\tlet seats: number | undefined;\n\t\tlet furniture: string | undefined;\n\t\tlet type: string | undefined;\n\t\tlet roomNumber: string | undefined;\n\t\tlet href: string | undefined;\n\t\tfor (const child of tr.childNodes) {\n\t\t\tif (this.tableClassIsValid(child)) {\n\t\t\t\t// Check attrs for different pieces of data\n\t\t\t\tif (this.classContains(child, \"views-field-field-room-capacity\")) {\n\t\t\t\t\tseats = parseInt(this.getInternalText(child) ?? \"?\", 10);\n\t\t\t\t} else if (this.classContains(child, \"views-field-field-room-furniture\")) {\n\t\t\t\t\tfurniture = this.getInternalText(child);\n\t\t\t\t} else if (this.classContains(child, \"views-field-field-room-type\")) {\n\t\t\t\t\ttype = this.getInternalText(child);\n\t\t\t\t} else if (this.classContains(child, \"views-field-field-room-number\")) {\n\t\t\t\t\troomNumber = this.getInternalText(this.getNamedChild(child, \"a\") as Element);\n\t\t\t\t} else if (this.classContains(child, \"views-field-nothing\")) {\n\t\t\t\t\thref = this.getAttribute(this.getNamedChild(child, \"a\"), \"href\")?.value;\n\t\t\t\t}\n\t\t\t}\n\t\t}\n\t\treturn {\n\t\t\tseats: seats!!,\n\t\t\tfurniture: furniture?.trim()!!,\n\t\t\ttype: type?.trim()!!,\n\t\t\tnumber: roomNumber?.trim()!!,\n\t\t\taddress: buildingInfo.address,\n\t\t\tlat: buildingInfo.lat,\n\t\t\tlon: buildingInfo.lon,\n\t\t\tfullname: buildingInfo.title,\n\t\t\tshortname: buildingInfo.code,\n\t\t\thref: href?.trim()!!,\n\t\t\tname: buildingInfo.code + \"_\" + roomNumber?.trim()!!,\n\t\t};\n\t}\n\t/**\n\t *\n\t * @param parent parent node to search\n\t * @param type type of child to match\n\t * @param fn function to apply\n\t */\n\tprivate static forAllNodesOfType(\n\t\tparent: ParseChildNode | undefined,\n\t\ttype: string,\n\t\tfn: (child: ParseChildNode) => void\n\t): void {\n\t\t(parent as Element | undefined)?.childNodes?.forEach((childNode) => {\n\t\t\tif (childNode.nodeName === type) {\n\t\t\t\tfn(childNode);\n\t\t\t}\n\t\t});\n\t}\n\n\t/**\n\t *\n\t * @param x the element to search\n\t * @param attrName the attribute to find\n\t * @returns the named attribute or undefined if not present\n\t */\n\tprivate static getAttribute(x: ParseChildNode | undefined, attrName: string): Attribute | undefined {\n\t\treturn (x as Element | undefined)?.attrs?.find((y) => y.name === attrName);\n\t}\n\n\t/**\n\t *\n\t * @param x the node whos children to check\n\t * @param name the name of the node to search for\n\t * @returns the child with the given name or undefined if not found\n\t */\n\tprivate static getNamedChild(x: Element, name: string): ParseChildNode | undefined {\n\t\treturn x.childNodes.find((y) => y.nodeName === name);\n\t}\n\n\t/**\n\t *\n\t * @param x the element to retrieve internal text of\n\t * @returns string if element has a #text child, undefined otherwise\n\t */\n\tprivate static getInternalText(x: Element | undefined): string | undefined {\n\t\tconst textNode = x?.childNodes.find((p) => p.nodeName === \"#text\") as TextNode | undefined;\n\t\treturn textNode?.value;\n\t}\n\n\t/**\n\t *\n\t * @param x the child node to check\n\t * @returns the class attribute of the child node if it exists, false otherwise\n\t */\n\tprivate static getClass(x: ParseChildNode): Attribute | undefined {\n\t\treturn this.getAttribute(x, \"class\");\n\t}\n\n\t/**\n\t *\n\t * @param x the attribute to check\n\t * @returns whether this is a valid class signature of a table item\n\t */\n\tprivate static tableClassIsValid(x: ParseChildNode | undefined): x is Element {\n\t\tif (x === undefined || x.nodeName !== \"td\") {\n\t\t\treturn false;\n\t\t}\n\t\tconst xClass = this.getClass(x);\n\t\treturn xClass?.value.includes(\"views-field\") === true;\n\t}\n\n\t/**\n\t *\n\t * @param x the child node to check\n\t * @param values the values to check if in class\n\t * @returns whether all values are in the class of the given item\n\t */\n\tprivate static classContains(x: ParseChildNode, ...values: string[]): boolean {\n\t\tconst xClass = this.getClass(x);\n\t\tif (xClass === undefined) {\n\t\t\treturn false;\n\t\t}\n\t\treturn values.map((value) => xClass.value.includes(value)).reduce((prev, curr) => prev && curr, true);\n\t}\n\n\t/**\n\t *\n\t * @param roomsTable the rooms table in index.htm\n\t * @returns valid rooms rows with info\n\t */\n\tprivate static parseRoomsTable(roomsTable: Element): RoomsRow[] {\n\t\treturn (\n\t\t\troomsTable.childNodes\n\t\t\t\t// Ensure child nodes present and cast\n\t\t\t\t.map((trChildUncast) => {\n\t\t\t\t\tconst trChildCast = trChildUncast as Element;\n\t\t\t\t\tif (trChildCast.childNodes === undefined) {\n\t\t\t\t\t\treturn undefined;\n\t\t\t\t\t}\n\t\t\t\t\treturn trChildCast;\n\t\t\t\t})\n\t\t\t\t// Remove ones without child nodes\n\t\t\t\t.filter((child) => child !== undefined)\n\t\t\t\t// Remove ones that aren't <tr>\n\t\t\t\t.filter((child) => child?.nodeName === \"tr\")\n\t\t\t\t// Map to undefined if internal format wrong, otherwise map to RoomsRow\n\t\t\t\t.map((trChild) => this.parseSingleTr(trChild!!))\n\t\t\t\t// Remove invalid <tr>'s\n\t\t\t\t.filter((x) => x !== undefined)\n\t\t\t\t.map((x) => x!!)\n\t\t);\n\t}\n\n\t/**\n\t *\n\t * @param tr the <tr> entry in the rooms index.htm table\n\t * @returns a RoomsRow if it is valid, undefined otherwise\n\t */\n\tprivate static parseSingleTr(tr: Element): RoomsRow | undefined {\n\t\tlet roomTitle: string | undefined;\n\t\tlet roomAddress: string | undefined;\n\t\tlet roomCode: string | undefined;\n\t\tfor (const child of tr.childNodes) {\n\t\t\tif (this.tableClassIsValid(child)) {\n\t\t\t\t// Check attrs for different pieces of data\n\t\t\t\tif (this.classContains(child, \"views-field-title\")) {\n\t\t\t\t\troomTitle = this.getInternalText(this.getNamedChild(child, \"a\") as Element)?.trim();\n\t\t\t\t} else if (this.classContains(child, \"views-field-field-building-address\")) {\n\t\t\t\t\troomAddress = this.getInternalText(child)?.trim();\n\t\t\t\t} else if (this.classContains(child, \"views-field-field-building-code\")) {\n\t\t\t\t\troomCode = this.getInternalText(child)?.trim();\n\t\t\t\t}\n\t\t\t}\n\t\t}\n\t\tif ([roomTitle, roomAddress, roomCode].filter((x) => x === undefined).length === 0) {\n\t\t\treturn {\n\t\t\t\ttitle: roomTitle!!,\n\t\t\t\taddress: roomAddress!!,\n\t\t\t\tcode: roomCode!!,\n\t\t\t};\n\t\t}\n\t\treturn undefined;\n\t}\n\n\t/**\n\t *\n\t * @param document document to search for rooms table\n\t * @returns rooms table element\n\t * @throws InsightError if table not found\n\t */\n\tprivate static findRoomsTable(document: ParseDoc): Element {\n\t\tfor (const child of document.childNodes) {\n\t\t\tconst res = this.findTableInChild(child, false);\n\t\t\tif (res !== undefined) {\n\t\t\t\treturn res as Element;\n\t\t\t}\n\t\t}\n\t\tthrow new InsightError(\"Could not find rooms table\");\n\t}\n\n\t/**\n\t *\n\t * @param child child to search\n\t * @param seenTable whether this child is a child of a table\n\t * @returns child node of table if found, else undefined\n\t */\n\tprivate static findTableInChild(child: ParseChildNode, seenTable: boolean): ParseChildNode | undefined {\n\t\t// Check if table is found\n\t\tif (seenTable && child.nodeName === \"tbody\" && Array.isArray(child.childNodes) && child.childNodes.length > 0) {\n\t\t\tfor (const trChild of child.childNodes) {\n\t\t\t\tif (\n\t\t\t\t\ttrChild.nodeName === \"tr\" &&\n\t\t\t\t\ttrChild.childNodes.find(\n\t\t\t\t\t\t(tdChild) =>\n\t\t\t\t\t\t\ttdChild.nodeName === \"td\" &&\n\t\t\t\t\t\t\ttdChild.attrs.find((attr) => attr.name === \"class\" && attr.value.includes(\"views-field\"))\n\t\t\t\t\t)\n\t\t\t\t) {\n\t\t\t\t\treturn child;\n\t\t\t\t}\n\t\t\t}\n\t\t}\n\t\t// Check children for table\n\t\tconst children = (child as any).childNodes;\n\t\tif (Array.isArray(children)) {\n\t\t\tfor (const x of children) {\n\t\t\t\tconst res = this.findTableInChild(x, seenTable || x.nodeName === \"table\");\n\t\t\t\tif (res !== undefined) {\n\t\t\t\t\treturn res;\n\t\t\t\t}\n\t\t\t}\n\t\t}\n\t\treturn undefined;\n\t}\n\n\t/**\n\t *\n\t * @param address the unzipped root folder\n\t * @param address room addresses from index.htm\n\t * @returns GeoResponse object that has lat and lon or error\n\t */\n\tpublic static async getGeoLocation(address: string): Promise<GeoResponse> {\n\t\tconst encodedAddress = encodeURIComponent(address);\n\t\tconst url = `http://cs310.students.cs.ubc.ca:11316/api/v1/project_team085/${encodedAddress}`;\n\n\t\tconst response = await (async (): Promise<any> =>\n\t\t\tnew Promise((resolve, reject) => {\n\t\t\t\tconst req = http.get(url);\n\t\t\t\treq.on(\"response\", (res) => resolve(res));\n\n\t\t\t\treq.on(\"error\", (err) => reject(err));\n\n\t\t\t\treq.end();\n\t\t\t}))();\n\n\t\tlet body = \"\";\n\t\tfor await (const chunk of response) {\n\t\t\tbody += chunk;\n\t\t}\n\t\treturn JSON.parse(body);\n\t}\n}\n"]},"_coverageSchema":"1a1c01bbd47fc00a2c39e90264f33305004495a9","hash":"62053d38ed17ae3a5f49cd7546f4a4a6a5588c6c","contentHash":"a9c00b78753a87b23753f03e06482f0b39fd7d3b4805c37cab8c37e34ce2a2eb"}}