{"/Users/fegicochen/Courses/Projects/Course-Insights/src/controller/IInsightFacade.ts":{"path":"/Users/fegicochen/Courses/Projects/Course-Insights/src/controller/IInsightFacade.ts","statementMap":{"0":{"start":{"line":2,"column":0},"end":{"line":2,"column":62}},"1":{"start":{"line":3,"column":0},"end":{"line":3,"column":113}},"2":{"start":{"line":5,"column":0},"end":{"line":8,"column":89}},"3":{"start":{"line":6,"column":4},"end":{"line":6,"column":48}},"4":{"start":{"line":7,"column":4},"end":{"line":7,"column":42}},"5":{"start":{"line":11,"column":8},"end":{"line":11,"column":23}},"6":{"start":{"line":12,"column":8},"end":{"line":12,"column":52}},"7":{"start":{"line":15,"column":0},"end":{"line":15,"column":36}},"8":{"start":{"line":18,"column":8},"end":{"line":18,"column":23}},"9":{"start":{"line":19,"column":8},"end":{"line":19,"column":53}},"10":{"start":{"line":22,"column":0},"end":{"line":22,"column":38}},"11":{"start":{"line":25,"column":8},"end":{"line":25,"column":23}},"12":{"start":{"line":26,"column":8},"end":{"line":26,"column":59}},"13":{"start":{"line":29,"column":0},"end":{"line":29,"column":50}}},"fnMap":{"0":{"name":"(anonymous_0)","decl":{"start":{"line":5,"column":1},"end":{"line":5,"column":2}},"loc":{"start":{"line":5,"column":31},"end":{"line":8,"column":1}},"line":5},"1":{"name":"(anonymous_1)","decl":{"start":{"line":10,"column":4},"end":{"line":10,"column":5}},"loc":{"start":{"line":10,"column":25},"end":{"line":13,"column":5}},"line":10},"2":{"name":"(anonymous_2)","decl":{"start":{"line":17,"column":4},"end":{"line":17,"column":5}},"loc":{"start":{"line":17,"column":25},"end":{"line":20,"column":5}},"line":17},"3":{"name":"(anonymous_3)","decl":{"start":{"line":24,"column":4},"end":{"line":24,"column":5}},"loc":{"start":{"line":24,"column":25},"end":{"line":27,"column":5}},"line":24}},"branchMap":{"0":{"loc":{"start":{"line":8,"column":24},"end":{"line":8,"column":87}},"type":"binary-expr","locations":[{"start":{"line":8,"column":24},"end":{"line":8,"column":50}},{"start":{"line":8,"column":55},"end":{"line":8,"column":86}}],"line":8}},"s":{"0":1,"1":1,"2":1,"3":1,"4":1,"5":529515,"6":529515,"7":1,"8":1,"9":1,"10":1,"11":3,"12":3,"13":1},"f":{"0":1,"1":529515,"2":1,"3":3},"b":{"0":[1,1]},"inputSourceMap":{"version":3,"file":"/Users/fegicochen/Courses/Projects/Course-Insights/src/controller/IInsightFacade.ts","sources":["/Users/fegicochen/Courses/Projects/Course-Insights/src/controller/IInsightFacade.ts"],"names":[],"mappings":";;;AAMA,IAAY,kBAGX;AAHD,WAAY,kBAAkB;IAC7B,2CAAqB,CAAA;IACrB,qCAAe,CAAA;AAChB,CAAC,EAHW,kBAAkB,GAAlB,0BAAkB,KAAlB,0BAAkB,QAG7B;AAUD,MAAa,YAAa,SAAQ,KAAK;IACtC,YAAY,OAAgB;QAC3B,KAAK,CAAC,OAAO,CAAC,CAAC;QACf,KAAK,CAAC,iBAAiB,CAAC,IAAI,EAAE,YAAY,CAAC,CAAC;IAC7C,CAAC;CACD;AALD,oCAKC;AAED,MAAa,aAAc,SAAQ,KAAK;IACvC,YAAY,OAAgB;QAC3B,KAAK,CAAC,OAAO,CAAC,CAAC;QACf,KAAK,CAAC,iBAAiB,CAAC,IAAI,EAAE,aAAa,CAAC,CAAC;IAC9C,CAAC;CACD;AALD,sCAKC;AAED,MAAa,mBAAoB,SAAQ,KAAK;IAC7C,YAAY,OAAgB;QAC3B,KAAK,CAAC,OAAO,CAAC,CAAC;QACf,KAAK,CAAC,iBAAiB,CAAC,IAAI,EAAE,mBAAmB,CAAC,CAAC;IACpD,CAAC;CACD;AALD,kDAKC","sourcesContent":["/*\n * This is the primary high-level API for the project. In this folder there should be:\n * A class called InsightFacade, this should be in a file called InsightFacade.ts.\n * You should not change this interface at all or the test suite will not work.\n */\n\nexport enum InsightDatasetKind {\n\tSections = \"sections\",\n\tRooms = \"rooms\",\n}\n\nexport interface InsightDataset {\n\tid: string;\n\tkind: InsightDatasetKind;\n\tnumRows: number;\n}\n\nexport type InsightResult = Record<string, string | number>;\n\nexport class InsightError extends Error {\n\tconstructor(message?: string) {\n\t\tsuper(message);\n\t\tError.captureStackTrace(this, InsightError);\n\t}\n}\n\nexport class NotFoundError extends Error {\n\tconstructor(message?: string) {\n\t\tsuper(message);\n\t\tError.captureStackTrace(this, NotFoundError);\n\t}\n}\n\nexport class ResultTooLargeError extends Error {\n\tconstructor(message?: string) {\n\t\tsuper(message);\n\t\tError.captureStackTrace(this, ResultTooLargeError);\n\t}\n}\n\nexport interface IInsightFacade {\n\t/**\n\t * Add a dataset to insightUBC.\n\t *\n\t * @param id  The id of the dataset being added. Follows the format /^[^_]+$/\n\t * @param content  The base64 content of the dataset. This content should be in the form of a serialized zip file.\n\t * @param kind  The kind of the dataset\n\t *\n\t * @return Promise <string[]>\n\t *\n\t * The promise should fulfill on a successful add, reject for any failures.\n\t * The promise should fulfill with a string array,\n\t * containing the ids of all currently added datasets upon a successful add.\n\t * The promise should reject with an InsightError describing the error.\n\t *\n\t * An id is invalid if it contains an underscore, or is only whitespace characters.\n\t * If id is the same as the id of an already added dataset, the dataset should be rejected and not saved.\n\t *\n\t * After receiving the dataset, it should be processed into a data structure of\n\t * your design. The processed data structure should be persisted to disk; your\n\t * system should be able to load this persisted value into memory for answering\n\t * queries.\n\t *\n\t * Ultimately, a dataset must be added or loaded from disk before queries can\n\t * be successfully answered.\n\t */\n\taddDataset(id: string, content: string, kind: InsightDatasetKind): Promise<string[]>;\n\n\t/**\n\t * Remove a dataset from insightUBC.\n\t *\n\t * @param id  The id of the dataset to remove. Follows the format /^[^_]+$/\n\t *\n\t * @return Promise <string>\n\t *\n\t * The promise should fulfill upon a successful removal, reject on any error.\n\t * Attempting to remove a dataset that hasn't been added yet counts as an error.\n\t *\n\t * An id is invalid if it contains an underscore, or is only whitespace characters.\n\t *\n\t * The promise should fulfill the id of the dataset that was removed.\n\t * The promise should reject with a NotFoundError (if a valid id was not yet added)\n\t * or an InsightError (invalid id or any other source of failure) describing the error.\n\t *\n\t * This will delete both disk and memory caches for the dataset for the id meaning\n\t * that subsequent queries for that id should fail unless a new addDataset happens first.\n\t */\n\tremoveDataset(id: string): Promise<string>;\n\n\t/**\n\t * Perform a query on insightUBC.\n\t *\n\t * @param query  The query to be performed.\n\t *\n\t * If a query is incorrectly formatted, references a dataset not added (in memory or on disk),\n\t * or references multiple datasets, it should be rejected.\n\t *\n\t * @return Promise <InsightResult[]>\n\t *\n\t * The promise should fulfill with an array of results.\n\t * The promise should reject with a ResultTooLargeError (if the query returns too many results)\n\t * or an InsightError (for any other source of failure) describing the error.\n\t */\n\tperformQuery(query: unknown): Promise<InsightResult[]>;\n\n\t/**\n\t * List all currently added datasets, their types, and number of rows.\n\t *\n\t * @return Promise <InsightDataset[]>\n\t * The promise should fulfill an array of currently added InsightDatasets, and will only fulfill.\n\t */\n\tlistDatasets(): Promise<InsightDataset[]>;\n}\n"]},"_coverageSchema":"1a1c01bbd47fc00a2c39e90264f33305004495a9","hash":"bf56144df1b18ed1b0caaf4b193076dd2de6c1d0","contentHash":"a0b780d6f7d4417ddb8f71859fd99a93395177c11de0d79654d881eaf3d0d100"},"/Users/fegicochen/Courses/Projects/Course-Insights/src/controller/InsightFacade.ts":{"path":"/Users/fegicochen/Courses/Projects/Course-Insights/src/controller/InsightFacade.ts","statementMap":{"0":{"start":{"line":2,"column":22},"end":{"line":4,"column":1}},"1":{"start":{"line":3,"column":4},"end":{"line":3,"column":62}},"2":{"start":{"line":5,"column":0},"end":{"line":5,"column":62}},"3":{"start":{"line":6,"column":18},"end":{"line":6,"column":38}},"4":{"start":{"line":7,"column":25},"end":{"line":7,"column":52}},"5":{"start":{"line":8,"column":22},"end":{"line":8,"column":46}},"6":{"start":{"line":9,"column":25},"end":{"line":9,"column":69}},"7":{"start":{"line":10,"column":35},"end":{"line":10,"column":89}},"8":{"start":{"line":11,"column":32},"end":{"line":11,"column":66}},"9":{"start":{"line":15,"column":8},"end":{"line":15,"column":51}},"10":{"start":{"line":18,"column":8},"end":{"line":20,"column":9}},"11":{"start":{"line":19,"column":12},"end":{"line":19,"column":87}},"12":{"start":{"line":21,"column":8},"end":{"line":23,"column":9}},"13":{"start":{"line":21,"column":71},"end":{"line":21,"column":88}},"14":{"start":{"line":22,"column":12},"end":{"line":22,"column":75}},"15":{"start":{"line":24,"column":8},"end":{"line":26,"column":9}},"16":{"start":{"line":24,"column":68},"end":{"line":24,"column":85}},"17":{"start":{"line":25,"column":12},"end":{"line":25,"column":75}},"18":{"start":{"line":27,"column":8},"end":{"line":36,"column":9}},"19":{"start":{"line":28,"column":34},"end":{"line":28,"column":100}},"20":{"start":{"line":29,"column":28},"end":{"line":29,"column":114}},"21":{"start":{"line":30,"column":12},"end":{"line":30,"column":56}},"22":{"start":{"line":33,"column":31},"end":{"line":33,"column":105}},"23":{"start":{"line":34,"column":28},"end":{"line":34,"column":108}},"24":{"start":{"line":35,"column":12},"end":{"line":35,"column":53}},"25":{"start":{"line":37,"column":8},"end":{"line":37,"column":36}},"26":{"start":{"line":38,"column":8},"end":{"line":38,"column":79}},"27":{"start":{"line":41,"column":8},"end":{"line":43,"column":9}},"28":{"start":{"line":42,"column":12},"end":{"line":42,"column":73}},"29":{"start":{"line":44,"column":28},"end":{"line":44,"column":30}},"30":{"start":{"line":45,"column":25},"end":{"line":45,"column":27}},"31":{"start":{"line":46,"column":25},"end":{"line":46,"column":54}},"32":{"start":{"line":47,"column":8},"end":{"line":51,"column":11}},"33":{"start":{"line":48,"column":12},"end":{"line":50,"column":13}},"34":{"start":{"line":49,"column":16},"end":{"line":49,"column":42}},"35":{"start":{"line":52,"column":8},"end":{"line":56,"column":11}},"36":{"start":{"line":53,"column":12},"end":{"line":55,"column":13}},"37":{"start":{"line":54,"column":16},"end":{"line":54,"column":39}},"38":{"start":{"line":57,"column":22},"end":{"line":57,"column":51}},"39":{"start":{"line":58,"column":8},"end":{"line":60,"column":9}},"40":{"start":{"line":59,"column":12},"end":{"line":59,"column":94}},"41":{"start":{"line":61,"column":8},"end":{"line":61,"column":80}},"42":{"start":{"line":62,"column":8},"end":{"line":62,"column":36}},"43":{"start":{"line":63,"column":8},"end":{"line":63,"column":18}},"44":{"start":{"line":66,"column":25},"end":{"line":66,"column":54}},"45":{"start":{"line":67,"column":19},"end":{"line":67,"column":64}},"46":{"start":{"line":67,"column":55},"end":{"line":67,"column":63}},"47":{"start":{"line":68,"column":25},"end":{"line":68,"column":53}},"48":{"start":{"line":69,"column":8},"end":{"line":69,"column":24}},"49":{"start":{"line":72,"column":8},"end":{"line":76,"column":12}},"50":{"start":{"line":72,"column":103},"end":{"line":76,"column":9}},"51":{"start":{"line":79,"column":0},"end":{"line":79,"column":32}}},"fnMap":{"0":{"name":"(anonymous_0)","decl":{"start":{"line":2,"column":56},"end":{"line":2,"column":57}},"loc":{"start":{"line":2,"column":71},"end":{"line":4,"column":1}},"line":2},"1":{"name":"(anonymous_1)","decl":{"start":{"line":14,"column":4},"end":{"line":14,"column":5}},"loc":{"start":{"line":14,"column":18},"end":{"line":16,"column":5}},"line":14},"2":{"name":"(anonymous_2)","decl":{"start":{"line":17,"column":4},"end":{"line":17,"column":5}},"loc":{"start":{"line":17,"column":40},"end":{"line":39,"column":5}},"line":17},"3":{"name":"(anonymous_3)","decl":{"start":{"line":21,"column":58},"end":{"line":21,"column":59}},"loc":{"start":{"line":21,"column":71},"end":{"line":21,"column":88}},"line":21},"4":{"name":"(anonymous_4)","decl":{"start":{"line":24,"column":55},"end":{"line":24,"column":56}},"loc":{"start":{"line":24,"column":68},"end":{"line":24,"column":85}},"line":24},"5":{"name":"(anonymous_5)","decl":{"start":{"line":40,"column":4},"end":{"line":40,"column":5}},"loc":{"start":{"line":40,"column":28},"end":{"line":64,"column":5}},"line":40},"6":{"name":"(anonymous_6)","decl":{"start":{"line":47,"column":34},"end":{"line":47,"column":35}},"loc":{"start":{"line":47,"column":47},"end":{"line":51,"column":9}},"line":47},"7":{"name":"(anonymous_7)","decl":{"start":{"line":52,"column":31},"end":{"line":52,"column":32}},"loc":{"start":{"line":52,"column":44},"end":{"line":56,"column":9}},"line":52},"8":{"name":"(anonymous_8)","decl":{"start":{"line":65,"column":4},"end":{"line":65,"column":5}},"loc":{"start":{"line":65,"column":30},"end":{"line":70,"column":5}},"line":65},"9":{"name":"(anonymous_9)","decl":{"start":{"line":67,"column":49},"end":{"line":67,"column":50}},"loc":{"start":{"line":67,"column":55},"end":{"line":67,"column":63}},"line":67},"10":{"name":"(anonymous_10)","decl":{"start":{"line":71,"column":4},"end":{"line":71,"column":5}},"loc":{"start":{"line":71,"column":25},"end":{"line":77,"column":5}},"line":71},"11":{"name":"(anonymous_11)","decl":{"start":{"line":72,"column":89},"end":{"line":72,"column":90}},"loc":{"start":{"line":72,"column":103},"end":{"line":76,"column":9}},"line":72}},"branchMap":{"0":{"loc":{"start":{"line":2,"column":22},"end":{"line":4,"column":1}},"type":"binary-expr","locations":[{"start":{"line":2,"column":23},"end":{"line":2,"column":27}},{"start":{"line":2,"column":31},"end":{"line":2,"column":51}},{"start":{"line":2,"column":56},"end":{"line":4,"column":1}}],"line":2},"1":{"loc":{"start":{"line":3,"column":11},"end":{"line":3,"column":61}},"type":"cond-expr","locations":[{"start":{"line":3,"column":37},"end":{"line":3,"column":40}},{"start":{"line":3,"column":43},"end":{"line":3,"column":61}}],"line":3},"2":{"loc":{"start":{"line":3,"column":12},"end":{"line":3,"column":33}},"type":"binary-expr","locations":[{"start":{"line":3,"column":12},"end":{"line":3,"column":15}},{"start":{"line":3,"column":19},"end":{"line":3,"column":33}}],"line":3},"3":{"loc":{"start":{"line":18,"column":8},"end":{"line":20,"column":9}},"type":"if","locations":[{"start":{"line":18,"column":8},"end":{"line":20,"column":9}},{"start":{"line":18,"column":8},"end":{"line":20,"column":9}}],"line":18},"4":{"loc":{"start":{"line":21,"column":8},"end":{"line":23,"column":9}},"type":"if","locations":[{"start":{"line":21,"column":8},"end":{"line":23,"column":9}},{"start":{"line":21,"column":8},"end":{"line":23,"column":9}}],"line":21},"5":{"loc":{"start":{"line":24,"column":8},"end":{"line":26,"column":9}},"type":"if","locations":[{"start":{"line":24,"column":8},"end":{"line":26,"column":9}},{"start":{"line":24,"column":8},"end":{"line":26,"column":9}}],"line":24},"6":{"loc":{"start":{"line":27,"column":8},"end":{"line":36,"column":9}},"type":"if","locations":[{"start":{"line":27,"column":8},"end":{"line":36,"column":9}},{"start":{"line":27,"column":8},"end":{"line":36,"column":9}}],"line":27},"7":{"loc":{"start":{"line":41,"column":8},"end":{"line":43,"column":9}},"type":"if","locations":[{"start":{"line":41,"column":8},"end":{"line":43,"column":9}},{"start":{"line":41,"column":8},"end":{"line":43,"column":9}}],"line":41},"8":{"loc":{"start":{"line":48,"column":12},"end":{"line":50,"column":13}},"type":"if","locations":[{"start":{"line":48,"column":12},"end":{"line":50,"column":13}},{"start":{"line":48,"column":12},"end":{"line":50,"column":13}}],"line":48},"9":{"loc":{"start":{"line":53,"column":12},"end":{"line":55,"column":13}},"type":"if","locations":[{"start":{"line":53,"column":12},"end":{"line":55,"column":13}},{"start":{"line":53,"column":12},"end":{"line":55,"column":13}}],"line":53},"10":{"loc":{"start":{"line":58,"column":8},"end":{"line":60,"column":9}},"type":"if","locations":[{"start":{"line":58,"column":8},"end":{"line":60,"column":9}},{"start":{"line":58,"column":8},"end":{"line":60,"column":9}}],"line":58},"11":{"loc":{"start":{"line":58,"column":12},"end":{"line":58,"column":98}},"type":"binary-expr","locations":[{"start":{"line":58,"column":12},"end":{"line":58,"column":56}},{"start":{"line":58,"column":60},"end":{"line":58,"column":98}}],"line":58}},"s":{"0":1,"1":2,"2":1,"3":1,"4":1,"5":1,"6":1,"7":1,"8":1,"9":41,"10":54,"11":4,"12":50,"13":15,"14":3,"15":47,"16":1,"17":0,"18":47,"19":41,"20":31,"21":31,"22":6,"23":6,"24":6,"25":37,"26":37,"27":9,"28":2,"29":7,"30":7,"31":7,"32":7,"33":7,"34":3,"35":7,"36":4,"37":2,"38":7,"39":7,"40":1,"41":6,"42":6,"43":6,"44":114,"45":114,"46":91,"47":114,"48":55,"49":18,"50":16,"51":1},"f":{"0":2,"1":41,"2":54,"3":15,"4":1,"5":9,"6":7,"7":4,"8":114,"9":91,"10":18,"11":16},"b":{"0":[1,1,1],"1":[2,0],"2":[2,2],"3":[4,50],"4":[3,47],"5":[0,47],"6":[41,6],"7":[2,7],"8":[3,4],"9":[2,2],"10":[1,6],"11":[7,3]},"inputSourceMap":{"version":3,"file":"/Users/fegicochen/Courses/Projects/Course-Insights/src/controller/InsightFacade.ts","sources":["/Users/fegicochen/Courses/Projects/Course-Insights/src/controller/InsightFacade.ts"],"names":[],"mappings":";;;;;AAAA,uCAAwE;AACxE,qDAO0B;AAC1B,+CAA4C;AAC5C,sEAA8C;AAC9C,0FAAkE;AAClE,mEAAgE;AAOhE,MAAqB,aAAa;IACzB,IAAI,CAAiB;IAE7B;QACC,IAAI,CAAC,IAAI,GAAG,IAAI,wBAAc,EAAE,CAAC;IAClC,CAAC;IAEM,KAAK,CAAC,UAAU,CAAC,EAAU,EAAE,OAAe,EAAE,IAAwB;QAE5E,IAAI,CAAC,sBAAY,CAAC,eAAe,CAAC,EAAE,CAAC,EAAE;YACtC,MAAM,IAAI,6BAAY,CAAC,sBAAsB,GAAG,EAAE,GAAG,GAAG,CAAC,CAAC;SAC1D;QAGD,IAAI,CAAC,MAAM,IAAI,CAAC,IAAI,CAAC,WAAW,EAAE,CAAC,CAAC,QAAQ,CAAC,IAAI,CAAC,CAAC,OAAO,EAAE,EAAE,CAAC,OAAO,CAAC,EAAE,KAAK,EAAE,CAAC,EAAE;YAClF,MAAM,IAAI,6BAAY,CAAC,gBAAgB,GAAG,EAAE,CAAC,CAAC;SAC9C;QAGD,IAAI,CAAC,MAAM,IAAI,CAAC,IAAI,CAAC,WAAW,EAAE,CAAC,CAAC,KAAK,CAAC,IAAI,CAAC,CAAC,OAAO,EAAE,EAAE,CAAC,OAAO,CAAC,EAAE,KAAK,EAAE,CAAC,EAAE;YAC/E,MAAM,IAAI,6BAAY,CAAC,gBAAgB,GAAG,EAAE,CAAC,CAAC;SAC9C;QAGD,IAAI,IAAI,KAAK,mCAAkB,CAAC,QAAQ,EAAE;YACzC,MAAM,aAAa,GAAG,MAAM,kCAAwB,CAAC,gBAAgB,CAAC,OAAO,CAAC,CAAC;YAC/E,MAAM,OAAO,GAAoB,EAAE,EAAE,EAAE,EAAE,EAAE,OAAO,EAAE,aAAa,EAAE,IAAI,EAAE,mCAAkB,CAAC,QAAQ,EAAE,CAAC;YACvG,MAAM,IAAI,CAAC,IAAI,CAAC,kBAAkB,CAAC,OAAO,CAAC,CAAC;SAC5C;aAAM;YACN,MAAM,UAAU,GAAG,MAAM,6CAAqB,CAAC,aAAa,CAAC,OAAO,CAAC,CAAC;YACtE,MAAM,OAAO,GAAiB,EAAE,EAAE,EAAE,EAAE,EAAE,OAAO,EAAE,UAAU,EAAE,IAAI,EAAE,mCAAkB,CAAC,KAAK,EAAE,CAAC;YAC9F,MAAM,IAAI,CAAC,IAAI,CAAC,eAAe,CAAC,OAAO,CAAC,CAAC;SACzC;QAGD,MAAM,IAAI,CAAC,IAAI,CAAC,SAAS,EAAE,CAAC;QAG5B,OAAO,sBAAY,CAAC,SAAS,CAAC,MAAM,IAAI,CAAC,IAAI,CAAC,WAAW,EAAE,CAAC,CAAC;IAC9D,CAAC;IAEM,KAAK,CAAC,aAAa,CAAC,EAAU;QACpC,IAAI,CAAC,sBAAY,CAAC,eAAe,CAAC,EAAE,CAAC,EAAE;YACtC,MAAM,IAAI,6BAAY,CAAC,cAAc,GAAG,EAAE,CAAC,CAAC;SAC5C;QACD,MAAM,WAAW,GAAsB,EAAE,CAAC;QAC1C,MAAM,QAAQ,GAAmB,EAAE,CAAC;QACpC,MAAM,QAAQ,GAAG,MAAM,IAAI,CAAC,IAAI,CAAC,WAAW,EAAE,CAAC;QAC/C,QAAQ,CAAC,QAAQ,CAAC,OAAO,CAAC,CAAC,OAAO,EAAE,EAAE;YACrC,IAAI,OAAO,CAAC,EAAE,KAAK,EAAE,EAAE;gBACtB,WAAW,CAAC,IAAI,CAAC,OAAO,CAAC,CAAC;aAC1B;QACF,CAAC,CAAC,CAAC;QACH,QAAQ,CAAC,KAAK,CAAC,OAAO,CAAC,CAAC,OAAO,EAAE,EAAE;YAClC,IAAI,OAAO,CAAC,EAAE,KAAK,EAAE,EAAE;gBACtB,QAAQ,CAAC,IAAI,CAAC,OAAO,CAAC,CAAC;aACvB;QACF,CAAC,CAAC,CAAC;QACH,MAAM,KAAK,GAAG,MAAM,IAAI,CAAC,IAAI,CAAC,WAAW,EAAE,CAAC;QAC5C,IAAI,KAAK,CAAC,QAAQ,CAAC,MAAM,KAAK,WAAW,CAAC,MAAM,IAAI,KAAK,CAAC,KAAK,CAAC,MAAM,KAAK,QAAQ,CAAC,MAAM,EAAE;YAC3F,MAAM,IAAI,8BAAa,CAAC,kBAAkB,GAAG,EAAE,GAAG,aAAa,CAAC,CAAC;SACjE;QACD,MAAM,IAAI,CAAC,IAAI,CAAC,WAAW,CAAC,EAAE,QAAQ,EAAE,WAAW,EAAE,KAAK,EAAE,QAAQ,EAAE,CAAC,CAAC;QAGxE,MAAM,IAAI,CAAC,IAAI,CAAC,SAAS,EAAE,CAAC;QAE5B,OAAO,EAAE,CAAC;IACX,CAAC;IAEM,KAAK,CAAC,YAAY,CAAC,KAAc;QACvC,MAAM,QAAQ,GAAG,MAAM,IAAI,CAAC,IAAI,CAAC,WAAW,EAAE,CAAC;QAC/C,MAAM,EAAE,GAAG,IAAI,yBAAW,CAAC,GAAG,EAAE,CAAC,QAAQ,CAAC,CAAC;QAC3C,MAAM,QAAQ,GAAG,MAAM,EAAE,CAAC,YAAY,CAAC,KAAK,CAAC,CAAC;QAC9C,OAAO,QAAQ,CAAC;IACjB,CAAC;IAEM,KAAK,CAAC,YAAY;QACxB,OAAO,sBAAY,CAAC,eAAe,CAAC,MAAM,IAAI,CAAC,IAAI,CAAC,WAAW,EAAE,CAAC,CAAC,GAAG,CAAC,CAAC,OAAO,EAAE,EAAE,CAAC,CAAC;YACpF,EAAE,EAAE,OAAO,CAAC,EAAE;YACd,IAAI,EAAE,OAAO,CAAC,IAAI;YAClB,OAAO,EAAE,OAAO,CAAC,OAAO,CAAC,MAAM;SAC/B,CAAC,CAAC,CAAC;IACL,CAAC;CACD;AApFD,gCAoFC","sourcesContent":["import { SectionsDataset, DatasetUtils, RoomsDataset } from \"./Dataset\";\nimport {\n\tIInsightFacade,\n\tInsightDataset,\n\tInsightDatasetKind,\n\tInsightError,\n\tInsightResult,\n\tNotFoundError,\n} from \"./IInsightFacade\";\nimport { QueryEngine } from \"./QueryEngine\";\nimport PersistantData from \"./PersistantData\";\nimport SectionsDatasetProcessor from \"./SectionsDatasetProcessor\";\nimport { RoomsDatasetProcessor } from \"./RoomsDatasetProcessor\";\n\n/**\n * This is the main programmatic entry point for the project.\n * Method documentation is in IInsightFacade\n *\n */\nexport default class InsightFacade implements IInsightFacade {\n\tprivate data: PersistantData;\n\n\tconstructor() {\n\t\tthis.data = new PersistantData();\n\t}\n\n\tpublic async addDataset(id: string, content: string, kind: InsightDatasetKind): Promise<string[]> {\n\t\t// Check id valid\n\t\tif (!DatasetUtils.isValidIdString(id)) {\n\t\t\tthrow new InsightError(\"Invalid dataset ID: \" + id + \".\");\n\t\t}\n\n\t\t// Check for duplicate sections ID\n\t\tif ((await this.data.getDatasets()).sections.find((dataset) => dataset.id === id)) {\n\t\t\tthrow new InsightError(\"Duplicate ID: \" + id);\n\t\t}\n\n\t\t// Check for duplicate rooms ID\n\t\tif ((await this.data.getDatasets()).rooms.find((dataset) => dataset.id === id)) {\n\t\t\tthrow new InsightError(\"Duplicate ID: \" + id);\n\t\t}\n\n\t\t// Check kind\n\t\tif (kind === InsightDatasetKind.Sections) {\n\t\t\tconst validSections = await SectionsDatasetProcessor.getValidSections(content);\n\t\t\tconst dataset: SectionsDataset = { id: id, members: validSections, type: InsightDatasetKind.Sections };\n\t\t\tawait this.data.addSectionsDataset(dataset);\n\t\t} else {\n\t\t\tconst validRooms = await RoomsDatasetProcessor.getValidRooms(content);\n\t\t\tconst dataset: RoomsDataset = { id: id, members: validRooms, type: InsightDatasetKind.Rooms };\n\t\t\tawait this.data.addRoomsDataset(dataset);\n\t\t}\n\n\t\t// Save to disc\n\t\tawait this.data.writeData();\n\n\t\t// Return list of valid datasets\n\t\treturn DatasetUtils.getAllIDs(await this.data.getDatasets());\n\t}\n\n\tpublic async removeDataset(id: string): Promise<string> {\n\t\tif (!DatasetUtils.isValidIdString(id)) {\n\t\t\tthrow new InsightError(\"Invalid id: \" + id);\n\t\t}\n\t\tconst newSections: SectionsDataset[] = [];\n\t\tconst newRooms: RoomsDataset[] = [];\n\t\tconst datasets = await this.data.getDatasets();\n\t\tdatasets.sections.forEach((dataset) => {\n\t\t\tif (dataset.id !== id) {\n\t\t\t\tnewSections.push(dataset);\n\t\t\t}\n\t\t});\n\t\tdatasets.rooms.forEach((dataset) => {\n\t\t\tif (dataset.id !== id) {\n\t\t\t\tnewRooms.push(dataset);\n\t\t\t}\n\t\t});\n\t\tconst dsets = await this.data.getDatasets();\n\t\tif (dsets.sections.length === newSections.length && dsets.rooms.length === newRooms.length) {\n\t\t\tthrow new NotFoundError(\"Dataset with id \" + id + \" not found.\");\n\t\t}\n\t\tawait this.data.setDatasets({ sections: newSections, rooms: newRooms });\n\n\t\t// Save to disc\n\t\tawait this.data.writeData();\n\n\t\treturn id;\n\t}\n\n\tpublic async performQuery(query: unknown): Promise<InsightResult[]> {\n\t\tconst datasets = await this.data.getDatasets();\n\t\tconst qe = new QueryEngine(() => datasets);\n\t\tconst sections = await qe.processQuery(query);\n\t\treturn sections;\n\t}\n\n\tpublic async listDatasets(): Promise<InsightDataset[]> {\n\t\treturn DatasetUtils.combineDatasets(await this.data.getDatasets()).map((dataset) => ({\n\t\t\tid: dataset.id,\n\t\t\tkind: dataset.type,\n\t\t\tnumRows: dataset.members.length,\n\t\t}));\n\t}\n}\n"]},"_coverageSchema":"1a1c01bbd47fc00a2c39e90264f33305004495a9","hash":"fd9730fe46a4d34733698b3770b54620d2f649bb","contentHash":"adfc3fd0827cf766830c030fab85c21d2a38a00090d3781b33e0ab00075e2c11"},"/Users/fegicochen/Courses/Projects/Course-Insights/src/controller/Dataset.ts":{"path":"/Users/fegicochen/Courses/Projects/Course-Insights/src/controller/Dataset.ts","statementMap":{"0":{"start":{"line":2,"column":22},"end":{"line":4,"column":1}},"1":{"start":{"line":3,"column":4},"end":{"line":3,"column":62}},"2":{"start":{"line":5,"column":0},"end":{"line":5,"column":62}},"3":{"start":{"line":6,"column":0},"end":{"line":6,"column":126}},"4":{"start":{"line":7,"column":16},"end":{"line":7,"column":49}},"5":{"start":{"line":8,"column":25},"end":{"line":8,"column":52}},"6":{"start":{"line":9,"column":0},"end":{"line":9,"column":26}},"7":{"start":{"line":11,"column":0},"end":{"line":33,"column":62}},"8":{"start":{"line":12,"column":4},"end":{"line":12,"column":31}},"9":{"start":{"line":13,"column":4},"end":{"line":13,"column":27}},"10":{"start":{"line":14,"column":4},"end":{"line":14,"column":33}},"11":{"start":{"line":15,"column":4},"end":{"line":15,"column":43}},"12":{"start":{"line":16,"column":4},"end":{"line":16,"column":31}},"13":{"start":{"line":17,"column":4},"end":{"line":17,"column":31}},"14":{"start":{"line":18,"column":4},"end":{"line":18,"column":29}},"15":{"start":{"line":19,"column":4},"end":{"line":19,"column":31}},"16":{"start":{"line":20,"column":4},"end":{"line":20,"column":31}},"17":{"start":{"line":21,"column":4},"end":{"line":21,"column":33}},"18":{"start":{"line":22,"column":4},"end":{"line":22,"column":29}},"19":{"start":{"line":23,"column":4},"end":{"line":23,"column":29}},"20":{"start":{"line":24,"column":4},"end":{"line":24,"column":33}},"21":{"start":{"line":25,"column":4},"end":{"line":25,"column":39}},"22":{"start":{"line":26,"column":4},"end":{"line":26,"column":41}},"23":{"start":{"line":27,"column":4},"end":{"line":27,"column":35}},"24":{"start":{"line":28,"column":4},"end":{"line":28,"column":31}},"25":{"start":{"line":29,"column":4},"end":{"line":29,"column":37}},"26":{"start":{"line":30,"column":4},"end":{"line":30,"column":31}},"27":{"start":{"line":31,"column":4},"end":{"line":31,"column":41}},"28":{"start":{"line":32,"column":4},"end":{"line":32,"column":31}},"29":{"start":{"line":34,"column":0},"end":{"line":43,"column":2}},"30":{"start":{"line":44,"column":0},"end":{"line":57,"column":2}},"31":{"start":{"line":58,"column":0},"end":{"line":94,"column":2}},"32":{"start":{"line":97,"column":28},"end":{"line":97,"column":94}},"33":{"start":{"line":98,"column":8},"end":{"line":98,"column":40}},"34":{"start":{"line":101,"column":25},"end":{"line":101,"column":35}},"35":{"start":{"line":102,"column":8},"end":{"line":106,"column":9}},"36":{"start":{"line":103,"column":12},"end":{"line":105,"column":13}},"37":{"start":{"line":104,"column":16},"end":{"line":104,"column":25}},"38":{"start":{"line":107,"column":8},"end":{"line":111,"column":9}},"39":{"start":{"line":108,"column":12},"end":{"line":110,"column":13}},"40":{"start":{"line":109,"column":16},"end":{"line":109,"column":25}},"41":{"start":{"line":112,"column":8},"end":{"line":112,"column":25}},"42":{"start":{"line":115,"column":8},"end":{"line":115,"column":65}},"43":{"start":{"line":118,"column":32},"end":{"line":118,"column":46}},"44":{"start":{"line":119,"column":30},"end":{"line":119,"column":31}},"45":{"start":{"line":120,"column":8},"end":{"line":122,"column":9}},"46":{"start":{"line":121,"column":12},"end":{"line":121,"column":29}},"47":{"start":{"line":123,"column":24},"end":{"line":123,"column":42}},"48":{"start":{"line":124,"column":23},"end":{"line":124,"column":41}},"49":{"start":{"line":125,"column":8},"end":{"line":127,"column":9}},"50":{"start":{"line":126,"column":12},"end":{"line":126,"column":29}},"51":{"start":{"line":128,"column":8},"end":{"line":131,"column":10}},"52":{"start":{"line":134,"column":32},"end":{"line":134,"column":46}},"53":{"start":{"line":135,"column":30},"end":{"line":135,"column":31}},"54":{"start":{"line":136,"column":8},"end":{"line":138,"column":9}},"55":{"start":{"line":137,"column":12},"end":{"line":137,"column":29}},"56":{"start":{"line":139,"column":24},"end":{"line":139,"column":42}},"57":{"start":{"line":140,"column":23},"end":{"line":140,"column":41}},"58":{"start":{"line":141,"column":8},"end":{"line":143,"column":9}},"59":{"start":{"line":142,"column":12},"end":{"line":142,"column":29}},"60":{"start":{"line":144,"column":8},"end":{"line":147,"column":10}},"61":{"start":{"line":150,"column":8},"end":{"line":150,"column":58}},"62":{"start":{"line":153,"column":8},"end":{"line":155,"column":107}},"63":{"start":{"line":155,"column":42},"end":{"line":155,"column":91}},"64":{"start":{"line":158,"column":8},"end":{"line":160,"column":9}},"65":{"start":{"line":159,"column":12},"end":{"line":159,"column":25}},"66":{"start":{"line":161,"column":8},"end":{"line":161,"column":108}},"67":{"start":{"line":161,"column":43},"end":{"line":161,"column":92}},"68":{"start":{"line":164,"column":26},"end":{"line":164,"column":35}},"69":{"start":{"line":165,"column":8},"end":{"line":172,"column":11}},"70":{"start":{"line":166,"column":12},"end":{"line":171,"column":13}},"71":{"start":{"line":166,"column":63},"end":{"line":166,"column":80}},"72":{"start":{"line":167,"column":16},"end":{"line":167,"column":35}},"73":{"start":{"line":170,"column":16},"end":{"line":170,"column":88}},"74":{"start":{"line":173,"column":26},"end":{"line":173,"column":28}},"75":{"start":{"line":174,"column":8},"end":{"line":178,"column":11}},"76":{"start":{"line":175,"column":12},"end":{"line":177,"column":13}},"77":{"start":{"line":176,"column":16},"end":{"line":176,"column":60}},"78":{"start":{"line":179,"column":8},"end":{"line":181,"column":9}},"79":{"start":{"line":180,"column":12},"end":{"line":180,"column":108}},"80":{"start":{"line":182,"column":28},"end":{"line":182,"column":37}},"81":{"start":{"line":183,"column":8},"end":{"line":188,"column":11}},"82":{"start":{"line":184,"column":26},"end":{"line":184,"column":40}},"83":{"start":{"line":185,"column":12},"end":{"line":187,"column":13}},"84":{"start":{"line":186,"column":16},"end":{"line":186,"column":50}},"85":{"start":{"line":189,"column":8},"end":{"line":189,"column":27}},"86":{"start":{"line":192,"column":28},"end":{"line":192,"column":37}},"87":{"start":{"line":193,"column":8},"end":{"line":198,"column":11}},"88":{"start":{"line":194,"column":37},"end":{"line":194,"column":67}},"89":{"start":{"line":194,"column":54},"end":{"line":194,"column":66}},"90":{"start":{"line":195,"column":12},"end":{"line":197,"column":13}},"91":{"start":{"line":196,"column":16},"end":{"line":196,"column":44}},"92":{"start":{"line":199,"column":8},"end":{"line":204,"column":11}},"93":{"start":{"line":200,"column":45},"end":{"line":200,"column":48}},"94":{"start":{"line":201,"column":12},"end":{"line":203,"column":13}},"95":{"start":{"line":202,"column":16},"end":{"line":202,"column":85}},"96":{"start":{"line":205,"column":8},"end":{"line":205,"column":27}},"97":{"start":{"line":208,"column":8},"end":{"line":210,"column":9}},"98":{"start":{"line":209,"column":12},"end":{"line":209,"column":133}},"99":{"start":{"line":211,"column":8},"end":{"line":211,"column":19}},"100":{"start":{"line":214,"column":8},"end":{"line":216,"column":9}},"101":{"start":{"line":215,"column":12},"end":{"line":215,"column":133}},"102":{"start":{"line":217,"column":8},"end":{"line":217,"column":19}},"103":{"start":{"line":220,"column":8},"end":{"line":222,"column":9}},"104":{"start":{"line":221,"column":12},"end":{"line":221,"column":133}},"105":{"start":{"line":223,"column":8},"end":{"line":223,"column":19}},"106":{"start":{"line":226,"column":8},"end":{"line":228,"column":9}},"107":{"start":{"line":227,"column":12},"end":{"line":227,"column":141}},"108":{"start":{"line":229,"column":8},"end":{"line":229,"column":19}},"109":{"start":{"line":233,"column":8},"end":{"line":238,"column":9}},"110":{"start":{"line":234,"column":12},"end":{"line":234,"column":88}},"111":{"start":{"line":237,"column":12},"end":{"line":237,"column":82}},"112":{"start":{"line":239,"column":8},"end":{"line":239,"column":24}},"113":{"start":{"line":242,"column":8},"end":{"line":242,"column":63}},"114":{"start":{"line":242,"column":57},"end":{"line":242,"column":61}},"115":{"start":{"line":245,"column":8},"end":{"line":245,"column":56}},"116":{"start":{"line":248,"column":0},"end":{"line":248,"column":36}}},"fnMap":{"0":{"name":"(anonymous_0)","decl":{"start":{"line":2,"column":56},"end":{"line":2,"column":57}},"loc":{"start":{"line":2,"column":71},"end":{"line":4,"column":1}},"line":2},"1":{"name":"(anonymous_1)","decl":{"start":{"line":11,"column":1},"end":{"line":11,"column":2}},"loc":{"start":{"line":11,"column":22},"end":{"line":33,"column":1}},"line":11},"2":{"name":"(anonymous_2)","decl":{"start":{"line":96,"column":4},"end":{"line":96,"column":5}},"loc":{"start":{"line":96,"column":33},"end":{"line":99,"column":5}},"line":96},"3":{"name":"(anonymous_3)","decl":{"start":{"line":100,"column":4},"end":{"line":100,"column":5}},"loc":{"start":{"line":100,"column":41},"end":{"line":113,"column":5}},"line":100},"4":{"name":"(anonymous_4)","decl":{"start":{"line":114,"column":4},"end":{"line":114,"column":5}},"loc":{"start":{"line":114,"column":37},"end":{"line":116,"column":5}},"line":114},"5":{"name":"(anonymous_5)","decl":{"start":{"line":117,"column":4},"end":{"line":117,"column":5}},"loc":{"start":{"line":117,"column":26},"end":{"line":132,"column":5}},"line":117},"6":{"name":"(anonymous_6)","decl":{"start":{"line":133,"column":4},"end":{"line":133,"column":5}},"loc":{"start":{"line":133,"column":26},"end":{"line":148,"column":5}},"line":133},"7":{"name":"(anonymous_7)","decl":{"start":{"line":149,"column":4},"end":{"line":149,"column":5}},"loc":{"start":{"line":149,"column":29},"end":{"line":151,"column":5}},"line":149},"8":{"name":"(anonymous_8)","decl":{"start":{"line":152,"column":4},"end":{"line":152,"column":5}},"loc":{"start":{"line":152,"column":23},"end":{"line":156,"column":5}},"line":152},"9":{"name":"(anonymous_9)","decl":{"start":{"line":155,"column":35},"end":{"line":155,"column":36}},"loc":{"start":{"line":155,"column":42},"end":{"line":155,"column":91}},"line":155},"10":{"name":"(anonymous_10)","decl":{"start":{"line":157,"column":4},"end":{"line":157,"column":5}},"loc":{"start":{"line":157,"column":23},"end":{"line":162,"column":5}},"line":157},"11":{"name":"(anonymous_11)","decl":{"start":{"line":161,"column":36},"end":{"line":161,"column":37}},"loc":{"start":{"line":161,"column":43},"end":{"line":161,"column":92}},"line":161},"12":{"name":"(anonymous_12)","decl":{"start":{"line":163,"column":4},"end":{"line":163,"column":5}},"loc":{"start":{"line":163,"column":39},"end":{"line":190,"column":5}},"line":163},"13":{"name":"(anonymous_13)","decl":{"start":{"line":165,"column":33},"end":{"line":165,"column":34}},"loc":{"start":{"line":165,"column":42},"end":{"line":172,"column":9}},"line":165},"14":{"name":"(anonymous_14)","decl":{"start":{"line":166,"column":26},"end":{"line":166,"column":27}},"loc":{"start":{"line":166,"column":63},"end":{"line":166,"column":80}},"line":166},"15":{"name":"(anonymous_15)","decl":{"start":{"line":174,"column":21},"end":{"line":174,"column":22}},"loc":{"start":{"line":174,"column":57},"end":{"line":178,"column":9}},"line":174},"16":{"name":"(anonymous_16)","decl":{"start":{"line":183,"column":21},"end":{"line":183,"column":22}},"loc":{"start":{"line":183,"column":58},"end":{"line":188,"column":9}},"line":183},"17":{"name":"(anonymous_17)","decl":{"start":{"line":191,"column":4},"end":{"line":191,"column":5}},"loc":{"start":{"line":191,"column":37},"end":{"line":206,"column":5}},"line":191},"18":{"name":"(anonymous_18)","decl":{"start":{"line":193,"column":36},"end":{"line":193,"column":37}},"loc":{"start":{"line":193,"column":54},"end":{"line":198,"column":9}},"line":193},"19":{"name":"(anonymous_19)","decl":{"start":{"line":194,"column":47},"end":{"line":194,"column":48}},"loc":{"start":{"line":194,"column":54},"end":{"line":194,"column":66}},"line":194},"20":{"name":"(anonymous_20)","decl":{"start":{"line":199,"column":21},"end":{"line":199,"column":22}},"loc":{"start":{"line":199,"column":30},"end":{"line":204,"column":9}},"line":199},"21":{"name":"(anonymous_21)","decl":{"start":{"line":207,"column":4},"end":{"line":207,"column":5}},"loc":{"start":{"line":207,"column":39},"end":{"line":212,"column":5}},"line":207},"22":{"name":"(anonymous_22)","decl":{"start":{"line":213,"column":4},"end":{"line":213,"column":5}},"loc":{"start":{"line":213,"column":39},"end":{"line":218,"column":5}},"line":213},"23":{"name":"(anonymous_23)","decl":{"start":{"line":219,"column":4},"end":{"line":219,"column":5}},"loc":{"start":{"line":219,"column":38},"end":{"line":224,"column":5}},"line":219},"24":{"name":"(anonymous_24)","decl":{"start":{"line":225,"column":4},"end":{"line":225,"column":5}},"loc":{"start":{"line":225,"column":39},"end":{"line":230,"column":5}},"line":225},"25":{"name":"(anonymous_25)","decl":{"start":{"line":231,"column":4},"end":{"line":231,"column":5}},"loc":{"start":{"line":231,"column":45},"end":{"line":240,"column":5}},"line":231},"26":{"name":"(anonymous_26)","decl":{"start":{"line":241,"column":4},"end":{"line":241,"column":5}},"loc":{"start":{"line":241,"column":31},"end":{"line":243,"column":5}},"line":241},"27":{"name":"(anonymous_27)","decl":{"start":{"line":242,"column":50},"end":{"line":242,"column":51}},"loc":{"start":{"line":242,"column":57},"end":{"line":242,"column":61}},"line":242},"28":{"name":"(anonymous_28)","decl":{"start":{"line":244,"column":4},"end":{"line":244,"column":5}},"loc":{"start":{"line":244,"column":37},"end":{"line":246,"column":5}},"line":244}},"branchMap":{"0":{"loc":{"start":{"line":2,"column":22},"end":{"line":4,"column":1}},"type":"binary-expr","locations":[{"start":{"line":2,"column":23},"end":{"line":2,"column":27}},{"start":{"line":2,"column":31},"end":{"line":2,"column":51}},{"start":{"line":2,"column":56},"end":{"line":4,"column":1}}],"line":2},"1":{"loc":{"start":{"line":3,"column":11},"end":{"line":3,"column":61}},"type":"cond-expr","locations":[{"start":{"line":3,"column":37},"end":{"line":3,"column":40}},{"start":{"line":3,"column":43},"end":{"line":3,"column":61}}],"line":3},"2":{"loc":{"start":{"line":3,"column":12},"end":{"line":3,"column":33}},"type":"binary-expr","locations":[{"start":{"line":3,"column":12},"end":{"line":3,"column":15}},{"start":{"line":3,"column":19},"end":{"line":3,"column":33}}],"line":3},"3":{"loc":{"start":{"line":33,"column":15},"end":{"line":33,"column":60}},"type":"binary-expr","locations":[{"start":{"line":33,"column":15},"end":{"line":33,"column":32}},{"start":{"line":33,"column":37},"end":{"line":33,"column":59}}],"line":33},"4":{"loc":{"start":{"line":103,"column":12},"end":{"line":105,"column":13}},"type":"if","locations":[{"start":{"line":103,"column":12},"end":{"line":105,"column":13}},{"start":{"line":103,"column":12},"end":{"line":105,"column":13}}],"line":103},"5":{"loc":{"start":{"line":108,"column":12},"end":{"line":110,"column":13}},"type":"if","locations":[{"start":{"line":108,"column":12},"end":{"line":110,"column":13}},{"start":{"line":108,"column":12},"end":{"line":110,"column":13}}],"line":108},"6":{"loc":{"start":{"line":115,"column":15},"end":{"line":115,"column":64}},"type":"binary-expr","locations":[{"start":{"line":115,"column":15},"end":{"line":115,"column":37}},{"start":{"line":115,"column":41},"end":{"line":115,"column":64}}],"line":115},"7":{"loc":{"start":{"line":120,"column":8},"end":{"line":122,"column":9}},"type":"if","locations":[{"start":{"line":120,"column":8},"end":{"line":122,"column":9}},{"start":{"line":120,"column":8},"end":{"line":122,"column":9}}],"line":120},"8":{"loc":{"start":{"line":125,"column":8},"end":{"line":127,"column":9}},"type":"if","locations":[{"start":{"line":125,"column":8},"end":{"line":127,"column":9}},{"start":{"line":125,"column":8},"end":{"line":127,"column":9}}],"line":125},"9":{"loc":{"start":{"line":125,"column":12},"end":{"line":125,"column":70}},"type":"binary-expr","locations":[{"start":{"line":125,"column":12},"end":{"line":125,"column":33}},{"start":{"line":125,"column":37},"end":{"line":125,"column":70}}],"line":125},"10":{"loc":{"start":{"line":136,"column":8},"end":{"line":138,"column":9}},"type":"if","locations":[{"start":{"line":136,"column":8},"end":{"line":138,"column":9}},{"start":{"line":136,"column":8},"end":{"line":138,"column":9}}],"line":136},"11":{"loc":{"start":{"line":141,"column":8},"end":{"line":143,"column":9}},"type":"if","locations":[{"start":{"line":141,"column":8},"end":{"line":143,"column":9}},{"start":{"line":141,"column":8},"end":{"line":143,"column":9}}],"line":141},"12":{"loc":{"start":{"line":141,"column":12},"end":{"line":141,"column":70}},"type":"binary-expr","locations":[{"start":{"line":141,"column":12},"end":{"line":141,"column":33}},{"start":{"line":141,"column":37},"end":{"line":141,"column":70}}],"line":141},"13":{"loc":{"start":{"line":150,"column":15},"end":{"line":150,"column":57}},"type":"binary-expr","locations":[{"start":{"line":150,"column":15},"end":{"line":150,"column":34}},{"start":{"line":150,"column":38},"end":{"line":150,"column":57}}],"line":150},"14":{"loc":{"start":{"line":153,"column":15},"end":{"line":155,"column":106}},"type":"cond-expr","locations":[{"start":{"line":154,"column":14},"end":{"line":154,"column":19}},{"start":{"line":155,"column":14},"end":{"line":155,"column":106}}],"line":153},"15":{"loc":{"start":{"line":155,"column":49},"end":{"line":155,"column":90}},"type":"cond-expr","locations":[{"start":{"line":155,"column":75},"end":{"line":155,"column":78}},{"start":{"line":155,"column":81},"end":{"line":155,"column":90}}],"line":155},"16":{"loc":{"start":{"line":158,"column":8},"end":{"line":160,"column":9}},"type":"if","locations":[{"start":{"line":158,"column":8},"end":{"line":160,"column":9}},{"start":{"line":158,"column":8},"end":{"line":160,"column":9}}],"line":158},"17":{"loc":{"start":{"line":161,"column":50},"end":{"line":161,"column":91}},"type":"cond-expr","locations":[{"start":{"line":161,"column":76},"end":{"line":161,"column":79}},{"start":{"line":161,"column":82},"end":{"line":161,"column":91}}],"line":161},"18":{"loc":{"start":{"line":166,"column":12},"end":{"line":171,"column":13}},"type":"if","locations":[{"start":{"line":166,"column":12},"end":{"line":171,"column":13}},{"start":{"line":166,"column":12},"end":{"line":171,"column":13}}],"line":166},"19":{"loc":{"start":{"line":175,"column":12},"end":{"line":177,"column":13}},"type":"if","locations":[{"start":{"line":175,"column":12},"end":{"line":177,"column":13}},{"start":{"line":175,"column":12},"end":{"line":177,"column":13}}],"line":175},"20":{"loc":{"start":{"line":175,"column":16},"end":{"line":175,"column":62}},"type":"binary-expr","locations":[{"start":{"line":175,"column":16},"end":{"line":175,"column":33}},{"start":{"line":175,"column":37},"end":{"line":175,"column":62}}],"line":175},"21":{"loc":{"start":{"line":179,"column":8},"end":{"line":181,"column":9}},"type":"if","locations":[{"start":{"line":179,"column":8},"end":{"line":181,"column":9}},{"start":{"line":179,"column":8},"end":{"line":181,"column":9}}],"line":179},"22":{"loc":{"start":{"line":185,"column":12},"end":{"line":187,"column":13}},"type":"if","locations":[{"start":{"line":185,"column":12},"end":{"line":187,"column":13}},{"start":{"line":185,"column":12},"end":{"line":187,"column":13}}],"line":185},"23":{"loc":{"start":{"line":185,"column":16},"end":{"line":185,"column":63}},"type":"binary-expr","locations":[{"start":{"line":185,"column":16},"end":{"line":185,"column":40}},{"start":{"line":185,"column":44},"end":{"line":185,"column":63}}],"line":185},"24":{"loc":{"start":{"line":195,"column":12},"end":{"line":197,"column":13}},"type":"if","locations":[{"start":{"line":195,"column":12},"end":{"line":197,"column":13}},{"start":{"line":195,"column":12},"end":{"line":197,"column":13}}],"line":195},"25":{"loc":{"start":{"line":201,"column":12},"end":{"line":203,"column":13}},"type":"if","locations":[{"start":{"line":201,"column":12},"end":{"line":203,"column":13}},{"start":{"line":201,"column":12},"end":{"line":203,"column":13}}],"line":201},"26":{"loc":{"start":{"line":201,"column":16},"end":{"line":201,"column":58}},"type":"binary-expr","locations":[{"start":{"line":201,"column":16},"end":{"line":201,"column":27}},{"start":{"line":201,"column":31},"end":{"line":201,"column":58}}],"line":201},"27":{"loc":{"start":{"line":208,"column":8},"end":{"line":210,"column":9}},"type":"if","locations":[{"start":{"line":208,"column":8},"end":{"line":210,"column":9}},{"start":{"line":208,"column":8},"end":{"line":210,"column":9}}],"line":208},"28":{"loc":{"start":{"line":214,"column":8},"end":{"line":216,"column":9}},"type":"if","locations":[{"start":{"line":214,"column":8},"end":{"line":216,"column":9}},{"start":{"line":214,"column":8},"end":{"line":216,"column":9}}],"line":214},"29":{"loc":{"start":{"line":220,"column":8},"end":{"line":222,"column":9}},"type":"if","locations":[{"start":{"line":220,"column":8},"end":{"line":222,"column":9}},{"start":{"line":220,"column":8},"end":{"line":222,"column":9}}],"line":220},"30":{"loc":{"start":{"line":226,"column":8},"end":{"line":228,"column":9}},"type":"if","locations":[{"start":{"line":226,"column":8},"end":{"line":228,"column":9}},{"start":{"line":226,"column":8},"end":{"line":228,"column":9}}],"line":226},"31":{"loc":{"start":{"line":226,"column":12},"end":{"line":226,"column":94}},"type":"binary-expr","locations":[{"start":{"line":226,"column":12},"end":{"line":226,"column":35}},{"start":{"line":226,"column":39},"end":{"line":226,"column":57}},{"start":{"line":226,"column":61},"end":{"line":226,"column":73}},{"start":{"line":226,"column":77},"end":{"line":226,"column":94}}],"line":226}},"s":{"0":1,"1":1,"2":1,"3":1,"4":1,"5":1,"6":1,"7":1,"8":1,"9":1,"10":1,"11":1,"12":1,"13":1,"14":1,"15":1,"16":1,"17":1,"18":1,"19":1,"20":1,"21":1,"22":1,"23":1,"24":1,"25":1,"26":1,"27":1,"28":1,"29":1,"30":1,"31":1,"32":0,"33":0,"34":91,"35":91,"36":91,"37":2,"38":89,"39":89,"40":88,"41":1,"42":63,"43":28016,"44":28016,"45":28016,"46":5,"47":28011,"48":28011,"49":28011,"50":1852,"51":26159,"52":1857,"53":1857,"54":1857,"55":5,"56":1852,"57":1852,"58":1852,"59":1,"60":1851,"61":28016,"62":3275918,"63":17981090,"64":1633379,"65":0,"66":1633379,"67":4900081,"68":502,"69":502,"70":703,"71":1809,"72":700,"73":3,"74":499,"75":499,"76":2529,"77":6,"78":499,"79":5,"80":494,"81":494,"82":2515,"83":2515,"84":696,"85":494,"86":356453,"87":356453,"88":11819478,"89":111451973,"90":11819478,"91":3623089,"92":356453,"93":3623083,"94":3623083,"95":2,"96":356451,"97":1960067,"98":202603,"99":1757464,"100":1850084,"101":326663,"102":1523421,"103":29972,"104":2,"105":29970,"106":384636,"107":3,"108":384633,"109":47,"110":47,"111":4,"112":43,"113":37,"114":50,"115":55,"116":1},"f":{"0":1,"1":1,"2":0,"3":91,"4":63,"5":28016,"6":1857,"7":28016,"8":3275918,"9":17981090,"10":1633379,"11":4900081,"12":502,"13":703,"14":1809,"15":2529,"16":2515,"17":356453,"18":11819478,"19":111451973,"20":3623083,"21":1960067,"22":1850084,"23":29972,"24":384636,"25":47,"26":37,"27":50,"28":55},"b":{"0":[1,1,1],"1":[0,1],"2":[1,1],"3":[1,1],"4":[2,89],"5":[88,1],"6":[63,60],"7":[5,28011],"8":[1852,26159],"9":[28011,28011],"10":[5,1852],"11":[1,1851],"12":[1852,1852],"13":[28016,1857],"14":[0,3275918],"15":[17966410,14680],"16":[0,1633379],"17":[4899930,151],"18":[700,3],"19":[6,2523],"20":[2529,326],"21":[5,494],"22":[696,1819],"23":[2515,696],"24":[3623089,8196389],"25":[2,3623081],"26":[3623083,3296421],"27":[202603,1757464],"28":[326663,1523421],"29":[2,29970],"30":[3,384633],"31":[384636,384634,384633,384633]},"inputSourceMap":{"version":3,"file":"/Users/fegicochen/Courses/Projects/Course-Insights/src/controller/Dataset.ts","sources":["/Users/fegicochen/Courses/Projects/Course-Insights/src/controller/Dataset.ts"],"names":[],"mappings":";;;;;;AAAA,kDAA0B;AAC1B,qDAAoE;AAEvD,QAAA,UAAU,GAAG,IAAI,CAAC;AAE/B,IAAY,SAsBX;AAtBD,WAAY,SAAS;IACpB,0BAAa,CAAA;IACb,sBAAS,CAAA;IACT,4BAAe,CAAA;IACf,sCAAyB,CAAA;IACzB,0BAAa,CAAA;IACb,0BAAa,CAAA;IACb,wBAAW,CAAA;IACX,0BAAa,CAAA;IACb,0BAAa,CAAA;IACb,4BAAe,CAAA;IACf,wBAAW,CAAA;IACX,wBAAW,CAAA;IACX,4BAAe,CAAA;IACf,kCAAqB,CAAA;IACrB,oCAAuB,CAAA;IACvB,8BAAiB,CAAA;IACjB,0BAAa,CAAA;IACb,gCAAmB,CAAA;IACnB,0BAAa,CAAA;IACb,oCAAuB,CAAA;IACvB,0BAAa,CAAA;AACd,CAAC,EAtBW,SAAS,GAAT,iBAAS,KAAT,iBAAS,QAsBpB;AA8CY,QAAA,OAAO,GAAG;IACtB,SAAS,CAAC,GAAG;IACb,SAAS,CAAC,IAAI;IACd,SAAS,CAAC,IAAI;IACd,SAAS,CAAC,KAAK;IACf,SAAS,CAAC,IAAI;IACd,SAAS,CAAC,GAAG;IACb,SAAS,CAAC,GAAG;IACb,SAAS,CAAC,KAAK;CACf,CAAC;AACW,QAAA,OAAO,GAAG;IACtB,SAAS,CAAC,IAAI;IACd,SAAS,CAAC,EAAE;IACZ,SAAS,CAAC,UAAU;IACpB,SAAS,CAAC,KAAK;IACf,SAAS,CAAC,IAAI;IACd,SAAS,CAAC,QAAQ;IAClB,SAAS,CAAC,SAAS;IACnB,SAAS,CAAC,MAAM;IAChB,SAAS,CAAC,IAAI;IACd,SAAS,CAAC,OAAO;IACjB,SAAS,CAAC,IAAI;IACd,SAAS,CAAC,SAAS;CACnB,CAAC;AAOW,QAAA,QAAQ,GAAG;IACvB,IAAI,EAAE,OAAO;IACb,OAAO,EAAE,SAAS;IAClB,eAAe,EAAE,iBAAiB;IAClC,MAAM,EAAE;QACP,KAAK,EAAE;YACN,GAAG,EAAE,KAAK;YACV,EAAE,EAAE,IAAI;SACR;QACD,WAAW,EAAE;YACZ,QAAQ,EAAE,IAAI;YACd,WAAW,EAAE,IAAI;YACjB,KAAK,EAAE,IAAI;SACX;QACD,WAAW,EAAE;YACZ,EAAE,EAAE,IAAI;SACR;QACD,QAAQ,EAAE;YACT,GAAG,EAAE,KAAK;SACV;KACD;IACD,SAAS,EAAE;QACV,EAAE,EAAE,IAAI;QACR,IAAI,EAAE,MAAM;KACZ;IACD,UAAU,EAAE;QACX,GAAG,EAAE,KAAK;QACV,GAAG,EAAE,KAAK;QACV,GAAG,EAAE,KAAK;QACV,KAAK,EAAE,OAAO;QACd,GAAG,EAAE,KAAK;KACV;IACD,OAAO,EAAE,SAAS;IAClB,KAAK,EAAE,OAAO;IACd,KAAK,EAAE,OAAO;IACd,KAAK,EAAE,OAAO;CACd,CAAC;AAkBF,MAAa,YAAY;IAMjB,MAAM,CAAC,aAAa,CAAC,MAAc;QAGzC,MAAM,WAAW,GAAG,kEAAkE,CAAC;QACvF,OAAO,WAAW,CAAC,IAAI,CAAC,MAAM,CAAC,CAAC;IACjC,CAAC;IAQM,MAAM,CAAC,eAAe,CAAC,QAA0B,EAAE,EAAU;QACnE,MAAM,QAAQ,GAAG,QAAQ,EAAE,CAAC;QAC5B,KAAK,MAAM,CAAC,IAAI,QAAQ,CAAC,KAAK,EAAE;YAC/B,IAAI,CAAC,CAAC,EAAE,KAAK,EAAE,EAAE;gBAChB,OAAO,CAAC,CAAC;aACT;SACD;QACD,KAAK,MAAM,CAAC,IAAI,QAAQ,CAAC,QAAQ,EAAE;YAClC,IAAI,CAAC,CAAC,EAAE,KAAK,EAAE,EAAE;gBAChB,OAAO,CAAC,CAAC;aACT;SACD;QACD,OAAO,SAAS,CAAC;IAClB,CAAC;IAQM,MAAM,CAAC,eAAe,CAAC,QAAgB;QAC7C,OAAO,QAAQ,CAAC,IAAI,EAAE,KAAK,EAAE,IAAI,CAAC,QAAQ,CAAC,QAAQ,CAAC,GAAG,CAAC,CAAC;IAC1D,CAAC;IAOM,MAAM,CAAC,SAAS,CAAC,GAAW;QAClC,MAAM,eAAe,GAAG,GAAG,CAAC,KAAK,CAAC,GAAG,CAAC,CAAC;QACvC,MAAM,aAAa,GAAG,CAAC,CAAC;QACxB,IAAI,eAAe,CAAC,MAAM,KAAK,aAAa,EAAE;YAC7C,OAAO,SAAS,CAAC;SACjB;QACD,MAAM,OAAO,GAAG,eAAe,CAAC,CAAC,CAAC,CAAC;QACnC,MAAM,MAAM,GAAG,eAAe,CAAC,CAAC,CAAC,CAAC;QAClC,IAAI,OAAO,CAAC,IAAI,EAAE,KAAK,EAAE,IAAI,CAAC,eAAO,CAAC,QAAQ,CAAC,MAAmB,CAAC,EAAE;YACpE,OAAO,SAAS,CAAC;SACjB;QACD,OAAO;YACN,QAAQ,EAAE,OAAO;YACjB,KAAK,EAAE,MAAmB;SAC1B,CAAC;IACH,CAAC;IAOM,MAAM,CAAC,SAAS,CAAC,GAAW;QAClC,MAAM,eAAe,GAAG,GAAG,CAAC,KAAK,CAAC,GAAG,CAAC,CAAC;QACvC,MAAM,aAAa,GAAG,CAAC,CAAC;QACxB,IAAI,eAAe,CAAC,MAAM,KAAK,aAAa,EAAE;YAC7C,OAAO,SAAS,CAAC;SACjB;QACD,MAAM,OAAO,GAAG,eAAe,CAAC,CAAC,CAAC,CAAC;QACnC,MAAM,MAAM,GAAG,eAAe,CAAC,CAAC,CAAC,CAAC;QAClC,IAAI,OAAO,CAAC,IAAI,EAAE,KAAK,EAAE,IAAI,CAAC,eAAO,CAAC,QAAQ,CAAC,MAAmB,CAAC,EAAE;YACpE,OAAO,SAAS,CAAC;SACjB;QACD,OAAO;YACN,QAAQ,EAAE,OAAO;YACjB,KAAK,EAAE,MAAmB;SAC1B,CAAC;IACH,CAAC;IAOM,MAAM,CAAC,YAAY,CAAC,GAAW;QACrC,OAAO,IAAI,CAAC,SAAS,CAAC,GAAG,CAAC,IAAI,IAAI,CAAC,SAAS,CAAC,GAAG,CAAC,CAAC;IACnD,CAAC;IAOM,MAAM,CAAC,MAAM,CAAC,GAA0C;QAC9D,OAAO,GAAG,KAAK,SAAS;YACvB,CAAC,CAAC,KAAK;YACP,CAAC,CAAC,eAAO,CAAC,IAAI,CAAC,CAAC,CAAC,EAAE,EAAE,CAAC,CAAC,KAAK,CAAC,OAAO,GAAG,KAAK,QAAQ,CAAC,CAAC,CAAC,GAAG,CAAC,CAAC,CAAC,GAAG,CAAC,KAAK,CAAC,CAAC,KAAK,SAAS,CAAC;IACzF,CAAC;IAOM,MAAM,CAAC,MAAM,CAAC,GAA0C;QAC9D,IAAI,GAAG,KAAK,SAAS,EAAE;YACtB,OAAO,KAAK,CAAC;SACb;QACD,OAAO,eAAO,CAAC,IAAI,CAAC,CAAC,CAAC,EAAE,EAAE,CAAC,CAAC,KAAK,CAAC,OAAO,GAAG,KAAK,QAAQ,CAAC,CAAC,CAAC,GAAG,CAAC,CAAC,CAAC,GAAG,CAAC,KAAK,CAAC,CAAC,KAAK,SAAS,CAAC;IAC7F,CAAC;IAYM,MAAM,CAAC,gBAAgB,CAAC,GAAW,EAAE,IAAyB;QAEpE,MAAM,SAAS,GAAG,IAAI,GAAG,EAAU,CAAC;QACpC,MAAM,CAAC,IAAI,CAAC,GAAG,CAAC,CAAC,OAAO,CAAC,CAAC,GAAG,EAAE,EAAE;YAChC,IAAI,IAAI,CAAC,IAAI,CAAC,CAAC,CAAC,SAAS,EAAE,kBAAkB,CAAC,EAAE,EAAE,CAAC,SAAS,KAAK,GAAG,CAAC,KAAK,SAAS,EAAE;gBACpF,SAAS,CAAC,GAAG,CAAC,GAAG,CAAC,CAAC;aACnB;iBAAM;gBACN,MAAM,IAAI,6BAAY,CAAC,kBAAkB,GAAG,GAAG,GAAG,GAAG,CAAC,CAAC;aACvD;QACF,CAAC,CAAC,CAAC;QAEH,IAAI,WAAW,GAAa,EAAE,CAAC;QAC/B,IAAI,CAAC,OAAO,CAAC,CAAC,CAAC,SAAS,EAAE,iBAAiB,CAAC,EAAE,EAAE;YAE/C,IAAI,iBAAiB,IAAI,CAAC,SAAS,CAAC,GAAG,CAAC,SAAS,CAAC,EAAE;gBACnD,WAAW,GAAG,WAAW,CAAC,MAAM,CAAC,SAAS,CAAC,CAAC;aAC5C;QACF,CAAC,CAAC,CAAC;QACH,IAAI,WAAW,CAAC,MAAM,KAAK,CAAC,EAAE;YAC7B,MAAM,IAAI,6BAAY,CAAC,kBAAkB,GAAG,IAAI,CAAC,SAAS,CAAC,WAAW,CAAC,GAAG,GAAG,CAAC,CAAC;SAC/E;QAGD,MAAM,WAAW,GAAG,IAAI,GAAG,EAAmB,CAAC;QAC/C,IAAI,CAAC,OAAO,CAAC,CAAC,CAAC,SAAS,EAAE,kBAAkB,CAAC,EAAE,EAAE;YAChD,MAAM,KAAK,GAAG,GAAG,CAAC,SAA6B,CAAC,CAAC;YACjD,IAAI,SAAS,CAAC,GAAG,CAAC,SAAS,CAAC,IAAI,KAAK,KAAK,SAAS,EAAE;gBACpD,WAAW,CAAC,GAAG,CAAC,SAAS,EAAE,KAAK,CAAC,CAAC;aAClC;QACF,CAAC,CAAC,CAAC;QACH,OAAO,WAAW,CAAC;IACpB,CAAC;IAUM,MAAM,CAAC,cAAc,CAAC,GAAW,EAAE,IAAyB;QAClE,MAAM,WAAW,GAAG,IAAI,GAAG,EAAmB,CAAC;QAC/C,MAAM,CAAC,OAAO,CAAC,GAAG,CAAC,CAAC,OAAO,CAAC,CAAC,CAAC,GAAG,EAAE,KAAK,CAAC,EAAE,EAAE;YAC5C,MAAM,gBAAgB,GAAG,IAAI,CAAC,IAAI,CAAC,CAAC,CAAC,EAAE,EAAE,CAAC,CAAC,CAAC,CAAC,CAAC,KAAK,GAAG,CAAC,CAAC;YACxD,IAAI,gBAAgB,KAAK,SAAS,EAAE;gBACnC,WAAW,CAAC,GAAG,CAAC,GAAG,EAAE,KAAK,CAAC,CAAC;aAC5B;QACF,CAAC,CAAC,CAAC;QAEH,IAAI,CAAC,OAAO,CAAC,CAAC,GAAG,EAAE,EAAE;YACpB,MAAM,CAAC,SAAS,EAAE,WAAW,CAAC,GAAG,GAAG,CAAC;YACrC,IAAI,WAAW,IAAI,CAAC,WAAW,CAAC,GAAG,CAAC,SAAS,CAAC,EAAE;gBAC/C,MAAM,IAAI,6BAAY,CAAC,eAAe,GAAG,SAAS,CAAC,CAAC;aACpD;QACF,CAAC,CAAC,CAAC;QACH,OAAO,WAAW,CAAC;IACpB,CAAC;IAWM,MAAM,CAAC,aAAa,CAAC,OAAe,EAAE,GAAY;QACxD,IAAI,OAAO,GAAG,KAAK,QAAQ,EAAE;YAC5B,MAAM,IAAI,6BAAY,CAAC,qBAAqB,GAAG,OAAO,GAAG,0BAA0B,GAAG,OAAO,GAAG,GAAG,GAAG,CAAC,CAAC;SACxG;QACD,OAAO,GAAa,CAAC;IACtB,CAAC;IAWM,MAAM,CAAC,aAAa,CAAC,OAAe,EAAE,GAAY;QACxD,IAAI,OAAO,GAAG,KAAK,QAAQ,EAAE;YAC5B,MAAM,IAAI,6BAAY,CAAC,qBAAqB,GAAG,OAAO,GAAG,0BAA0B,GAAG,OAAO,GAAG,GAAG,GAAG,CAAC,CAAC;SACxG;QACD,OAAO,GAAa,CAAC;IACtB,CAAC;IAWM,MAAM,CAAC,YAAY,CAAC,OAAe,EAAE,GAAY;QACvD,IAAI,CAAC,KAAK,CAAC,OAAO,CAAC,GAAG,CAAC,EAAE;YACxB,MAAM,IAAI,6BAAY,CAAC,qBAAqB,GAAG,OAAO,GAAG,0BAA0B,GAAG,OAAO,GAAG,GAAG,GAAG,CAAC,CAAC;SACxG;QACD,OAAO,GAAgB,CAAC;IACzB,CAAC;IAWM,MAAM,CAAC,aAAa,CAAC,OAAe,EAAE,GAAY;QACxD,IAAI,OAAO,GAAG,KAAK,QAAQ,IAAI,KAAK,CAAC,OAAO,CAAC,GAAG,CAAC,IAAI,GAAG,KAAK,IAAI,IAAI,GAAG,KAAK,SAAS,EAAE;YACvF,MAAM,IAAI,6BAAY,CAAC,qBAAqB,GAAG,OAAO,GAAG,2BAA2B,GAAG,OAAO,GAAG,GAAG,IAAI,GAAG,GAAG,CAAC,CAAC;SAChH;QACD,OAAO,GAAa,CAAC;IACtB,CAAC;IAQM,MAAM,CAAC,KAAK,CAAC,kBAAkB,CAAC,OAAe;QACrD,IAAI,QAAe,CAAC;QACpB,IAAI;YACH,QAAQ,GAAG,MAAM,IAAI,eAAK,EAAE,CAAC,SAAS,CAAC,OAAO,EAAE,EAAE,MAAM,EAAE,IAAI,EAAE,CAAC,CAAC;SAClE;QAAC,OAAO,CAAC,EAAE;YACX,MAAM,IAAI,6BAAY,CAAC,wBAAwB,GAAG,CAAC,CAAC,CAAC;SACrD;QACD,OAAO,QAAQ,CAAC;IACjB,CAAC;IAOM,MAAM,CAAC,SAAS,CAAC,QAAqB;QAC5C,OAAO,IAAI,CAAC,eAAe,CAAC,QAAQ,CAAC,CAAC,GAAG,CAAC,CAAC,CAAC,EAAE,EAAE,CAAC,CAAC,CAAC,EAAE,CAAC,CAAC;IACxD,CAAC;IAOM,MAAM,CAAC,eAAe,CAAC,QAAqB;QAClD,OAAQ,QAAQ,CAAC,KAAmC,CAAC,MAAM,CAAC,QAAQ,CAAC,QAAQ,CAAC,CAAC;IAChF,CAAC;CACD;AA9RD,oCA8RC","sourcesContent":["import JSZip from \"jszip\";\nimport { InsightDatasetKind, InsightError } from \"./IInsightFacade\";\n\nexport const maxResults = 5000;\n\nexport enum DatasetId {\n\tUuid = \"uuid\",\n\tId = \"id\",\n\tTitle = \"title\",\n\tInstructor = \"instructor\",\n\tDept = \"dept\",\n\tYear = \"year\",\n\tAvg = \"avg\",\n\tPass = \"pass\",\n\tFail = \"fail\",\n\tAudit = \"audit\",\n\tLat = \"lat\",\n\tLon = \"lon\",\n\tSeats = \"seats\",\n\tFullname = \"fullname\",\n\tShortname = \"shortname\",\n\tNumber = \"number\",\n\tName = \"name\",\n\tAddress = \"address\",\n\tType = \"type\",\n\tFurniture = \"furniture\",\n\tHref = \"href\",\n}\n\nexport interface Section {\n\tuuid: string;\n\tid: string;\n\ttitle: string;\n\tinstructor: string;\n\tdept: string;\n\tyear: number;\n\tavg: number;\n\tpass: number;\n\tfail: number;\n\taudit: number;\n}\nexport type SectionWithDynamicKeys = Section & Record<string, any>;\n\nexport interface Room {\n\tfullname: string;\n\tshortname: string;\n\tnumber: string;\n\tname: string;\n\taddress: string;\n\tlat: number;\n\tlon: number;\n\tseats: number;\n\ttype: string;\n\tfurniture: string;\n\thref: string;\n}\n\nexport interface Dataset<T> {\n\tid: string;\n\tmembers: T[];\n\ttype: InsightDatasetKind;\n}\n\nexport type SectionsDataset = Dataset<Section>;\nexport type RoomsDataset = Dataset<Room>;\n\nexport interface DatasetList {\n\tsections: SectionsDataset[];\n\trooms: RoomsDataset[];\n}\n\nexport type DatasetsProvider = () => DatasetList;\n\nexport const MFields = [\n\tDatasetId.Avg,\n\tDatasetId.Pass,\n\tDatasetId.Fail,\n\tDatasetId.Audit,\n\tDatasetId.Year,\n\tDatasetId.Lat,\n\tDatasetId.Lon,\n\tDatasetId.Seats,\n];\nexport const SFields = [\n\tDatasetId.Dept,\n\tDatasetId.Id,\n\tDatasetId.Instructor,\n\tDatasetId.Title,\n\tDatasetId.Uuid,\n\tDatasetId.Fullname,\n\tDatasetId.Shortname,\n\tDatasetId.Number,\n\tDatasetId.Name,\n\tDatasetId.Address,\n\tDatasetId.Type,\n\tDatasetId.Furniture,\n];\n\nexport interface InsightFacadeKey {\n\tidstring: string;\n\tfield: DatasetId;\n}\n\nexport const Keywords = {\n\tBody: \"WHERE\",\n\tOptions: \"OPTIONS\",\n\tTransformations: \"TRANSFORMATIONS\",\n\tFilter: {\n\t\tLogic: {\n\t\t\tAnd: \"AND\",\n\t\t\tOr: \"OR\",\n\t\t},\n\t\tMComparator: {\n\t\t\tLessThan: \"LT\",\n\t\t\tGreaterThan: \"GT\",\n\t\t\tEqual: \"EQ\",\n\t\t},\n\t\tSComparator: {\n\t\t\tIs: \"IS\",\n\t\t},\n\t\tNegation: {\n\t\t\tNot: \"NOT\",\n\t\t},\n\t},\n\tDirection: {\n\t\tUp: \"UP\",\n\t\tDown: \"DOWN\",\n\t},\n\tApplyToken: {\n\t\tMax: \"MAX\",\n\t\tMin: \"MIN\",\n\t\tAvg: \"AVG\",\n\t\tCount: \"COUNT\",\n\t\tSum: \"SUM\",\n\t},\n\tColumns: \"COLUMNS\",\n\tOrder: \"ORDER\",\n\tGroup: \"GROUP\",\n\tApply: \"APPLY\",\n};\n\nexport type ApplyRule = Record<string, Record<string, string>>;\n\nexport interface Transformations {\n\tGROUP: string[];\n\tAPPLY: ApplyRule[];\n}\n\nexport interface OptionsState {\n\torder?: {\n\t\tdir: \"UP\" | \"DOWN\";\n\t\tkeys: string[];\n\t};\n\tcolumns: InsightFacadeKey[];\n\tdatasetId: string;\n}\n\nexport class DatasetUtils {\n\t/**\n\t *\n\t * @param base64 the base64 (maybe) string to validate\n\t * @returns whether it is base64 formatted or not\n\t */\n\tpublic static isValidBase64(base64: string): boolean {\n\t\t// Referenced from: https://stackoverflow.com/questions/7860392/determine-if-string-is-in-base64-using-javascript\n\t\t// Used the regular expression provided.\n\t\tconst base64regex = /^([0-9a-zA-Z+/]{4})*(([0-9a-zA-Z+/]{2}==)|([0-9a-zA-Z+/]{3}=))?$/;\n\t\treturn base64regex.test(base64);\n\t}\n\n\t/**\n\t *\n\t * @param provider datasets provider\n\t * @param id id to search for\n\t * @returns undefined if not found, else the dataset with the given id\n\t */\n\tpublic static findDatasetById(provider: DatasetsProvider, id: string): SectionsDataset | RoomsDataset | undefined {\n\t\tconst datasets = provider();\n\t\tfor (const x of datasets.rooms) {\n\t\t\tif (x.id === id) {\n\t\t\t\treturn x;\n\t\t\t}\n\t\t}\n\t\tfor (const y of datasets.sections) {\n\t\t\tif (y.id === id) {\n\t\t\t\treturn y;\n\t\t\t}\n\t\t}\n\t\treturn undefined;\n\t}\n\n\t/**\n\t * Returns false if idstring does not conform to id string guidelines.\n\t *\n\t * @param idstring string to test\n\t * @returns false if string is improperly formatted (only whitespace or contains underscoare), true otherwise\n\t */\n\tpublic static isValidIdString(idstring: string): boolean {\n\t\treturn idstring.trim() !== \"\" && !idstring.includes(\"_\");\n\t}\n\n\t/**\n\t *\n\t * @param key string to test\n\t * @returns undefined if string is improperly formatted as an mkey, id string and key split if it is valid.\n\t */\n\tpublic static parseMKey(key: string): InsightFacadeKey | undefined {\n\t\tconst splitUnderscore = key.split(\"_\");\n\t\tconst expectedParts = 2;\n\t\tif (splitUnderscore.length !== expectedParts) {\n\t\t\treturn undefined;\n\t\t}\n\t\tconst keyName = splitUnderscore[0];\n\t\tconst mfield = splitUnderscore[1];\n\t\tif (keyName.trim() === \"\" || !MFields.includes(mfield as DatasetId)) {\n\t\t\treturn undefined;\n\t\t}\n\t\treturn {\n\t\t\tidstring: keyName,\n\t\t\tfield: mfield as DatasetId,\n\t\t};\n\t}\n\n\t/**\n\t *\n\t * @param key string to test\n\t * @returns undefined if string is improperly formatted as an skey, id string and key split if it is valid.\n\t */\n\tpublic static parseSKey(key: string): InsightFacadeKey | undefined {\n\t\tconst splitUnderscore = key.split(\"_\");\n\t\tconst expectedParts = 2;\n\t\tif (splitUnderscore.length !== expectedParts) {\n\t\t\treturn undefined;\n\t\t}\n\t\tconst keyName = splitUnderscore[0];\n\t\tconst sfield = splitUnderscore[1];\n\t\tif (keyName.trim() === \"\" || !SFields.includes(sfield as DatasetId)) {\n\t\t\treturn undefined;\n\t\t}\n\t\treturn {\n\t\t\tidstring: keyName,\n\t\t\tfield: sfield as DatasetId,\n\t\t};\n\t}\n\n\t/**\n\t *\n\t * @param key string to test\n\t * @reutrns undefined if string is not an mkey or skey, otherwise produces id string and key split.\n\t */\n\tpublic static parseMOrSKey(key: string): InsightFacadeKey | undefined {\n\t\treturn this.parseMKey(key) ?? this.parseSKey(key);\n\t}\n\n\t/**\n\t *\n\t * @param key key to test with idstring and field or string representing type (DatasetId.Audit etc)\n\t * @returns whether it is an mkey or not\n\t */\n\tpublic static isMKey(key: InsightFacadeKey | string | undefined): boolean {\n\t\treturn key === undefined\n\t\t\t? false\n\t\t\t: MFields.find((x) => x === (typeof key === \"string\" ? key : key.field)) !== undefined;\n\t}\n\n\t/**\n\t *\n\t * @param key key to test with idstring and field or string representing type (DatasetId.Uuid, etc)\n\t * @returns whether it is an skey or not\n\t */\n\tpublic static isSKey(key: InsightFacadeKey | string | undefined): boolean {\n\t\tif (key === undefined) {\n\t\t\treturn false;\n\t\t}\n\t\treturn SFields.find((x) => x === (typeof key === \"string\" ? key : key.field)) !== undefined;\n\t}\n\n\t/**\n\t * Ensures object is populated with only the given keys and returns a map\n\t * between keys and their values in the object. Keys are paried with boolean indicating\n\t * whether they are mandatory or not. If they are not mandatory and not found, function\n\t * will not throw.\n\t *\n\t * @param obj object to check\n\t * @param keys keys in object to retrieve paired with whether they are mandatory\n\t * @throws InsighError if key match isn't exact (extra or missing keys)\n\t */\n\tpublic static requireExactKeys(obj: object, keys: [string, boolean][]): Map<string, unknown> {\n\t\t// Check for extra keys\n\t\tconst keysFound = new Set<string>();\n\t\tObject.keys(obj).forEach((key) => {\n\t\t\tif (keys.find(([searchKey, _searchKeyRequired]) => searchKey === key) !== undefined) {\n\t\t\t\tkeysFound.add(key);\n\t\t\t} else {\n\t\t\t\tthrow new InsightError(\"Extraneous key: \" + key + \".\");\n\t\t\t}\n\t\t});\n\t\t// Check for missing keys\n\t\tlet missingKeys: string[] = [];\n\t\tkeys.forEach(([searchKey, searchKeyRequired]) => {\n\t\t\t// If key is reuqired and it is not found\n\t\t\tif (searchKeyRequired && !keysFound.has(searchKey)) {\n\t\t\t\tmissingKeys = missingKeys.concat(searchKey);\n\t\t\t}\n\t\t});\n\t\tif (missingKeys.length !== 0) {\n\t\t\tthrow new InsightError(\"Missing key(s): \" + JSON.stringify(missingKeys) + \".\");\n\t\t}\n\n\t\t// Map keys to values in object\n\t\tconst keyValueMap = new Map<string, unknown>();\n\t\tkeys.forEach(([searchKey, _searchKeyRequired]) => {\n\t\t\tconst value = obj[searchKey as keyof typeof obj];\n\t\t\tif (keysFound.has(searchKey) && value !== undefined) {\n\t\t\t\tkeyValueMap.set(searchKey, value);\n\t\t\t}\n\t\t});\n\t\treturn keyValueMap;\n\t}\n\n\t/**\n\t * Ensures object is populated with the given keys. Other keys are ignored. Options keys\n\t * are allowed to be there or not.\n\t *\n\t * @param obj object to check\n\t * @param keys keys in object to retrieve paired with whether they are mandatory or not\n\t * @throws InsightError if a required key is not found\n\t */\n\tpublic static requireHasKeys(obj: object, keys: [string, boolean][]): Map<string, unknown> {\n\t\tconst keyValueMap = new Map<string, unknown>();\n\t\tObject.entries(obj).forEach(([key, value]) => {\n\t\t\tconst matchedSearchKey = keys.find((k) => k[0] === key);\n\t\t\tif (matchedSearchKey !== undefined) {\n\t\t\t\tkeyValueMap.set(key, value);\n\t\t\t}\n\t\t});\n\t\t// Ensure keys which are required have been mapped\n\t\tkeys.forEach((key) => {\n\t\t\tconst [keyString, keyRequired] = key;\n\t\t\tif (keyRequired && !keyValueMap.has(keyString)) {\n\t\t\t\tthrow new InsightError(\"Missing key: \" + keyString);\n\t\t\t}\n\t\t});\n\t\treturn keyValueMap;\n\t}\n\n\t/**\n\t * Checks whether the given num is a number, and throws an error identified with\n\t * section when it is not.\n\t *\n\t * @param section the name of the number\n\t * @param str the variable to test\n\t * @returns num as a number\n\t * @throws InsightError if num is not an number\n\t */\n\tpublic static checkIsNumber(section: string, num: unknown): number {\n\t\tif (typeof num !== \"number\") {\n\t\t\tthrow new InsightError(\"JSON format error: \" + section + \" must be a number, not: \" + typeof num + \".\");\n\t\t}\n\t\treturn num as number;\n\t}\n\n\t/**\n\t * Checks whether the given str is a string, and throws an error identified with\n\t * section when it is not.\n\t *\n\t * @param section the name of the string\n\t * @param str the variable to test\n\t * @returns str as a string\n\t * @throws InsightError if str is not an string\n\t */\n\tpublic static checkIsString(section: string, str: unknown): string {\n\t\tif (typeof str !== \"string\") {\n\t\t\tthrow new InsightError(\"JSON format error: \" + section + \" must be a string, not: \" + typeof str + \".\");\n\t\t}\n\t\treturn str as string;\n\t}\n\n\t/**\n\t * Checks whether the given arr is an array, and throws an error identified with\n\t * section when it is not.\n\t *\n\t * @param section the name of the array\n\t * @param arr the variable to test\n\t * @returns arr as an array\n\t * @throws InsightError if arr is not an array\n\t */\n\tpublic static checkIsArray(section: string, arr: unknown): unknown[] {\n\t\tif (!Array.isArray(arr)) {\n\t\t\tthrow new InsightError(\"JSON format error: \" + section + \" must be an array, not: \" + typeof arr + \".\");\n\t\t}\n\t\treturn arr as unknown[];\n\t}\n\n\t/**\n\t * Checks whether given obj is an object, and throws an error identified with\n\t * section when it is not.\n\t *\n\t * @param section the name of the object\n\t * @param obj the variable to test\n\t * @returns obj as an object\n\t * @throws InsightError if obj is not an object.\n\t */\n\tpublic static checkIsObject(section: string, obj: unknown): object {\n\t\tif (typeof obj !== \"object\" || Array.isArray(obj) || obj === null || obj === undefined) {\n\t\t\tthrow new InsightError(\"JSON format error: \" + section + \" must be an object, not: \" + typeof obj + \", \" + obj);\n\t\t}\n\t\treturn obj as object;\n\t}\n\n\t/**\n\t *\n\t * @param content base64 content to unzip\n\t * @returns a JSZip of the content\n\t * @throws InsightError if the content cannot be properly parsed\n\t */\n\tpublic static async unzipBase64Content(content: string): Promise<JSZip> {\n\t\tlet unzipped: JSZip;\n\t\ttry {\n\t\t\tunzipped = await new JSZip().loadAsync(content, { base64: true });\n\t\t} catch (e) {\n\t\t\tthrow new InsightError(\"Error parsing content \" + e);\n\t\t}\n\t\treturn unzipped;\n\t}\n\n\t/**\n\t *\n\t * @param datasets datasets to get ids from\n\t * @returns all ids in the given datasets\n\t */\n\tpublic static getAllIDs(datasets: DatasetList): string[] {\n\t\treturn this.combineDatasets(datasets).map((x) => x.id);\n\t}\n\n\t/**\n\t *\n\t * @param datasets datasets to combine\n\t * @returns list of datasets combined\n\t */\n\tpublic static combineDatasets(datasets: DatasetList): Dataset<Section | Room>[] {\n\t\treturn (datasets.rooms as Dataset<Section | Room>[]).concat(datasets.sections);\n\t}\n}\n"]},"_coverageSchema":"1a1c01bbd47fc00a2c39e90264f33305004495a9","hash":"f61b0cc6da073112e9e735a033ce9d56a9cc6847","contentHash":"2ed8215901987c5067343f6e774605a730e22e15d81b8b11255cfd2b725565f9"},"/Users/fegicochen/Courses/Projects/Course-Insights/src/controller/QueryEngine.ts":{"path":"/Users/fegicochen/Courses/Projects/Course-Insights/src/controller/QueryEngine.ts","statementMap":{"0":{"start":{"line":2,"column":0},"end":{"line":2,"column":62}},"1":{"start":{"line":3,"column":0},"end":{"line":3,"column":29}},"2":{"start":{"line":4,"column":18},"end":{"line":4,"column":38}},"3":{"start":{"line":5,"column":17},"end":{"line":5,"column":36}},"4":{"start":{"line":6,"column":25},"end":{"line":6,"column":52}},"5":{"start":{"line":7,"column":27},"end":{"line":7,"column":56}},"6":{"start":{"line":8,"column":25},"end":{"line":8,"column":52}},"7":{"start":{"line":14,"column":8},"end":{"line":14,"column":33}},"8":{"start":{"line":17,"column":22},"end":{"line":17,"column":77}},"9":{"start":{"line":18,"column":30},"end":{"line":22,"column":10}},"10":{"start":{"line":23,"column":24},"end":{"line":23,"column":26}},"11":{"start":{"line":24,"column":30},"end":{"line":24,"column":39}},"12":{"start":{"line":25,"column":8},"end":{"line":28,"column":9}},"13":{"start":{"line":26,"column":12},"end":{"line":26,"column":84}},"14":{"start":{"line":27,"column":12},"end":{"line":27,"column":69}},"15":{"start":{"line":29,"column":33},"end":{"line":29,"column":130}},"16":{"start":{"line":30,"column":8},"end":{"line":30,"column":72}},"17":{"start":{"line":31,"column":8},"end":{"line":33,"column":9}},"18":{"start":{"line":32,"column":12},"end":{"line":32,"column":94}},"19":{"start":{"line":34,"column":21},"end":{"line":34,"column":81}},"20":{"start":{"line":35,"column":30},"end":{"line":35,"column":34}},"21":{"start":{"line":36,"column":8},"end":{"line":38,"column":9}},"22":{"start":{"line":37,"column":12},"end":{"line":37,"column":79}},"23":{"start":{"line":39,"column":8},"end":{"line":41,"column":9}},"24":{"start":{"line":40,"column":12},"end":{"line":40,"column":61}},"25":{"start":{"line":42,"column":28},"end":{"line":42,"column":62}},"26":{"start":{"line":43,"column":8},"end":{"line":43,"column":69}},"27":{"start":{"line":43,"column":41},"end":{"line":43,"column":67}},"28":{"start":{"line":46,"column":23},"end":{"line":46,"column":25}},"29":{"start":{"line":47,"column":29},"end":{"line":47,"column":33}},"30":{"start":{"line":48,"column":8},"end":{"line":59,"column":11}},"31":{"start":{"line":50,"column":12},"end":{"line":58,"column":13}},"32":{"start":{"line":51,"column":16},"end":{"line":51,"column":51}},"33":{"start":{"line":52,"column":16},"end":{"line":52,"column":45}},"34":{"start":{"line":55,"column":34},"end":{"line":55,"column":46}},"35":{"start":{"line":56,"column":16},"end":{"line":56,"column":48}},"36":{"start":{"line":57,"column":16},"end":{"line":57,"column":66}},"37":{"start":{"line":60,"column":8},"end":{"line":60,"column":22}},"38":{"start":{"line":63,"column":8},"end":{"line":92,"column":9}},"39":{"start":{"line":64,"column":34},"end":{"line":64,"column":52}},"40":{"start":{"line":65,"column":30},"end":{"line":65,"column":51}},"41":{"start":{"line":66,"column":12},"end":{"line":91,"column":15}},"42":{"start":{"line":67,"column":16},"end":{"line":89,"column":17}},"43":{"start":{"line":68,"column":35},"end":{"line":68,"column":60}},"44":{"start":{"line":69,"column":35},"end":{"line":69,"column":60}},"45":{"start":{"line":70,"column":20},"end":{"line":88,"column":21}},"46":{"start":{"line":71,"column":24},"end":{"line":73,"column":25}},"47":{"start":{"line":72,"column":28},"end":{"line":72,"column":50}},"48":{"start":{"line":74,"column":24},"end":{"line":76,"column":25}},"49":{"start":{"line":75,"column":28},"end":{"line":75,"column":49}},"50":{"start":{"line":78,"column":25},"end":{"line":88,"column":21}},"51":{"start":{"line":79,"column":24},"end":{"line":81,"column":25}},"52":{"start":{"line":80,"column":28},"end":{"line":80,"column":50}},"53":{"start":{"line":82,"column":24},"end":{"line":84,"column":25}},"54":{"start":{"line":83,"column":28},"end":{"line":83,"column":49}},"55":{"start":{"line":87,"column":24},"end":{"line":87,"column":100}},"56":{"start":{"line":90,"column":16},"end":{"line":90,"column":25}},"57":{"start":{"line":93,"column":8},"end":{"line":93,"column":20}},"58":{"start":{"line":96,"column":30},"end":{"line":96,"column":58}},"59":{"start":{"line":97,"column":8},"end":{"line":100,"column":9}},"60":{"start":{"line":98,"column":30},"end":{"line":98,"column":65}},"61":{"start":{"line":99,"column":12},"end":{"line":99,"column":35}},"62":{"start":{"line":101,"column":8},"end":{"line":101,"column":25}},"63":{"start":{"line":104,"column":21},"end":{"line":104,"column":91}},"64":{"start":{"line":105,"column":28},"end":{"line":105,"column":50}},"65":{"start":{"line":106,"column":24},"end":{"line":106,"column":101}},"66":{"start":{"line":107,"column":8},"end":{"line":109,"column":9}},"67":{"start":{"line":108,"column":12},"end":{"line":108,"column":105}},"68":{"start":{"line":111,"column":8},"end":{"line":119,"column":9}},"69":{"start":{"line":112,"column":12},"end":{"line":112,"column":59}},"70":{"start":{"line":114,"column":13},"end":{"line":119,"column":9}},"71":{"start":{"line":115,"column":12},"end":{"line":115,"column":59}},"72":{"start":{"line":118,"column":12},"end":{"line":118,"column":81}},"73":{"start":{"line":120,"column":31},"end":{"line":120,"column":67}},"74":{"start":{"line":121,"column":29},"end":{"line":121,"column":51}},"75":{"start":{"line":122,"column":8},"end":{"line":122,"column":28}},"76":{"start":{"line":125,"column":21},"end":{"line":125,"column":91}},"77":{"start":{"line":126,"column":27},"end":{"line":134,"column":10}},"78":{"start":{"line":135,"column":8},"end":{"line":137,"column":9}},"79":{"start":{"line":136,"column":12},"end":{"line":136,"column":128}},"80":{"start":{"line":138,"column":23},"end":{"line":138,"column":35}},"81":{"start":{"line":139,"column":8},"end":{"line":139,"column":96}},"82":{"start":{"line":139,"column":44},"end":{"line":139,"column":93}},"83":{"start":{"line":140,"column":8},"end":{"line":140,"column":24}},"84":{"start":{"line":143,"column":8},"end":{"line":171,"column":9}},"85":{"start":{"line":146,"column":33},"end":{"line":146,"column":126}},"86":{"start":{"line":146,"column":92},"end":{"line":146,"column":125}},"87":{"start":{"line":147,"column":16},"end":{"line":149,"column":17}},"88":{"start":{"line":148,"column":20},"end":{"line":148,"column":89}},"89":{"start":{"line":150,"column":16},"end":{"line":150,"column":112}},"90":{"start":{"line":155,"column":47},"end":{"line":155,"column":78}},"91":{"start":{"line":156,"column":31},"end":{"line":156,"column":83}},"92":{"start":{"line":157,"column":16},"end":{"line":161,"column":64}},"93":{"start":{"line":164,"column":16},"end":{"line":164,"column":73}},"94":{"start":{"line":166,"column":47},"end":{"line":166,"column":116}},"95":{"start":{"line":167,"column":16},"end":{"line":167,"column":135}},"96":{"start":{"line":170,"column":16},"end":{"line":170,"column":93}},"97":{"start":{"line":174,"column":24},"end":{"line":174,"column":75}},"98":{"start":{"line":175,"column":28},"end":{"line":175,"column":63}},"99":{"start":{"line":176,"column":8},"end":{"line":178,"column":9}},"100":{"start":{"line":177,"column":12},"end":{"line":177,"column":137}},"101":{"start":{"line":179,"column":35},"end":{"line":179,"column":49}},"102":{"start":{"line":180,"column":20},"end":{"line":180,"column":63}},"103":{"start":{"line":181,"column":8},"end":{"line":183,"column":9}},"104":{"start":{"line":182,"column":12},"end":{"line":182,"column":121}},"105":{"start":{"line":184,"column":8},"end":{"line":196,"column":9}},"106":{"start":{"line":185,"column":12},"end":{"line":187,"column":13}},"107":{"start":{"line":186,"column":16},"end":{"line":186,"column":105}},"108":{"start":{"line":189,"column":13},"end":{"line":196,"column":9}},"109":{"start":{"line":190,"column":12},"end":{"line":192,"column":13}},"110":{"start":{"line":191,"column":16},"end":{"line":191,"column":99}},"111":{"start":{"line":195,"column":12},"end":{"line":195,"column":108}},"112":{"start":{"line":197,"column":8},"end":{"line":197,"column":31}},"113":{"start":{"line":200,"column":24},"end":{"line":200,"column":33}},"114":{"start":{"line":201,"column":8},"end":{"line":214,"column":9}},"115":{"start":{"line":202,"column":24},"end":{"line":209,"column":26}},"116":{"start":{"line":204,"column":34},"end":{"line":206,"column":32}},"117":{"start":{"line":207,"column":16},"end":{"line":207,"column":39}},"118":{"start":{"line":210,"column":12},"end":{"line":212,"column":13}},"119":{"start":{"line":211,"column":16},"end":{"line":211,"column":37}},"120":{"start":{"line":213,"column":12},"end":{"line":213,"column":40}},"121":{"start":{"line":215,"column":8},"end":{"line":215,"column":23}},"122":{"start":{"line":218,"column":33},"end":{"line":218,"column":48}},"123":{"start":{"line":219,"column":26},"end":{"line":219,"column":77}},"124":{"start":{"line":219,"column":51},"end":{"line":219,"column":76}},"125":{"start":{"line":220,"column":32},"end":{"line":220,"column":50}},"126":{"start":{"line":221,"column":8},"end":{"line":223,"column":9}},"127":{"start":{"line":222,"column":12},"end":{"line":222,"column":83}},"128":{"start":{"line":224,"column":28},"end":{"line":224,"column":55}},"129":{"start":{"line":225,"column":24},"end":{"line":225,"column":26}},"130":{"start":{"line":226,"column":8},"end":{"line":232,"column":9}},"131":{"start":{"line":227,"column":27},"end":{"line":227,"column":67}},"132":{"start":{"line":228,"column":12},"end":{"line":230,"column":13}},"133":{"start":{"line":229,"column":16},"end":{"line":229,"column":64}},"134":{"start":{"line":231,"column":12},"end":{"line":231,"column":33}},"135":{"start":{"line":233,"column":8},"end":{"line":233,"column":23}},"136":{"start":{"line":236,"column":23},"end":{"line":236,"column":25}},"137":{"start":{"line":237,"column":29},"end":{"line":237,"column":37}},"138":{"start":{"line":238,"column":8},"end":{"line":243,"column":11}},"139":{"start":{"line":239,"column":30},"end":{"line":241,"column":26}},"140":{"start":{"line":242,"column":12},"end":{"line":242,"column":56}},"141":{"start":{"line":244,"column":8},"end":{"line":244,"column":22}},"142":{"start":{"line":247,"column":8},"end":{"line":249,"column":9}},"143":{"start":{"line":248,"column":12},"end":{"line":248,"column":90}},"144":{"start":{"line":250,"column":8},"end":{"line":250,"column":99}},"145":{"start":{"line":253,"column":26},"end":{"line":253,"column":82}},"146":{"start":{"line":253,"column":56},"end":{"line":253,"column":81}},"147":{"start":{"line":254,"column":32},"end":{"line":254,"column":62}},"148":{"start":{"line":255,"column":8},"end":{"line":257,"column":9}},"149":{"start":{"line":256,"column":12},"end":{"line":256,"column":86}},"150":{"start":{"line":258,"column":8},"end":{"line":258,"column":31}},"151":{"start":{"line":261,"column":0},"end":{"line":261,"column":34}}},"fnMap":{"0":{"name":"(anonymous_0)","decl":{"start":{"line":13,"column":4},"end":{"line":13,"column":5}},"loc":{"start":{"line":13,"column":26},"end":{"line":15,"column":5}},"line":13},"1":{"name":"(anonymous_1)","decl":{"start":{"line":16,"column":4},"end":{"line":16,"column":5}},"loc":{"start":{"line":16,"column":33},"end":{"line":44,"column":5}},"line":16},"2":{"name":"(anonymous_2)","decl":{"start":{"line":43,"column":31},"end":{"line":43,"column":32}},"loc":{"start":{"line":43,"column":41},"end":{"line":43,"column":67}},"line":43},"3":{"name":"(anonymous_3)","decl":{"start":{"line":45,"column":4},"end":{"line":45,"column":5}},"loc":{"start":{"line":45,"column":26},"end":{"line":61,"column":5}},"line":45},"4":{"name":"(anonymous_4)","decl":{"start":{"line":48,"column":37},"end":{"line":48,"column":38}},"loc":{"start":{"line":48,"column":49},"end":{"line":59,"column":9}},"line":48},"5":{"name":"(anonymous_5)","decl":{"start":{"line":62,"column":4},"end":{"line":62,"column":5}},"loc":{"start":{"line":62,"column":23},"end":{"line":94,"column":5}},"
[...]
{"start":{"line":63,"column":4},"end":{"line":63,"column":5}},"loc":{"start":{"line":63,"column":21},"end":{"line":69,"column":5}},"line":63},"11":{"name":"(anonymous_11)","decl":{"start":{"line":70,"column":4},"end":{"line":70,"column":5}},"loc":{"start":{"line":70,"column":40},"end":{"line":79,"column":5}},"line":70},"12":{"name":"(anonymous_12)","decl":{"start":{"line":80,"column":4},"end":{"line":80,"column":5}},"loc":{"start":{"line":80,"column":38},"end":{"line":82,"column":5}},"line":80},"13":{"name":"(anonymous_13)","decl":{"start":{"line":83,"column":4},"end":{"line":83,"column":5}},"loc":{"start":{"line":83,"column":38},"end":{"line":94,"column":5}},"line":83},"14":{"name":"(anonymous_14)","decl":{"start":{"line":95,"column":4},"end":{"line":95,"column":5}},"loc":{"start":{"line":95,"column":54},"end":{"line":101,"column":5}},"line":95},"15":{"name":"(anonymous_15)","decl":{"start":{"line":102,"column":4},"end":{"line":102,"column":5}},"loc":{"start":{"line":102,"column":41},"end":{"line":116,"column":5}},"line":102},"16":{"name":"(anonymous_16)","decl":{"start":{"line":117,"column":4},"end":{"line":117,"column":5}},"loc":{"start":{"line":117,"column":42},"end":{"line":120,"column":5}},"line":117},"17":{"name":"(anonymous_17)","decl":{"start":{"line":121,"column":4},"end":{"line":121,"column":5}},"loc":{"start":{"line":121,"column":37},"end":{"line":131,"column":5}},"line":121},"18":{"name":"(anonymous_18)","decl":{"start":{"line":132,"column":4},"end":{"line":132,"column":5}},"loc":{"start":{"line":132,"column":41},"end":{"line":134,"column":5}},"line":132},"19":{"name":"(anonymous_19)","decl":{"start":{"line":135,"column":4},"end":{"line":135,"column":5}},"loc":{"start":{"line":135,"column":26},"end":{"line":144,"column":5}},"line":135},"20":{"name":"(anonymous_20)","decl":{"start":{"line":145,"column":4},"end":{"line":145,"column":5}},"loc":{"start":{"line":145,"column":28},"end":{"line":152,"column":5}},"line":145}},"branchMap":{"0":{"loc":{"start":{"line":2,"column":22},"end":{"line":4,"column":1}},"type":"binary-expr","locations":[{"start":{"line":2,"column":23},"end":{"line":2,"column":27}},{"start":{"line":2,"column":31},"end":{"line":2,"column":51}},{"start":{"line":2,"column":56},"end":{"line":4,"column":1}}],"line":2},"1":{"loc":{"start":{"line":3,"column":11},"end":{"line":3,"column":61}},"type":"cond-expr","locations":[{"start":{"line":3,"column":37},"end":{"line":3,"column":40}},{"start":{"line":3,"column":43},"end":{"line":3,"column":61}}],"line":3},"2":{"loc":{"start":{"line":3,"column":12},"end":{"line":3,"column":33}},"type":"binary-expr","locations":[{"start":{"line":3,"column":12},"end":{"line":3,"column":15}},{"start":{"line":3,"column":19},"end":{"line":3,"column":33}}],"line":3},"3":{"loc":{"start":{"line":26,"column":12},"end":{"line":40,"column":13}},"type":"if","locations":[{"start":{"line":26,"column":12},"end":{"line":40,"column":13}},{"start":{"line":26,"column":12},"end":{"line":40,"column":13}}],"line":26},"4":{"loc":{"start":{"line":46,"column":12},"end":{"line":55,"column":13}},"type":"if","locations":[{"start":{"line":46,"column":12},"end":{"line":55,"column":13}},{"start":{"line":46,"column":12},"end":{"line":55,"column":13}}],"line":46},"5":{"loc":{"start":{"line":77,"column":73},"end":{"line":77,"column":92}},"type":"binary-expr","locations":[{"start":{"line":77,"column":73},"end":{"line":77,"column":85}},{"start":{"line":77,"column":89},"end":{"line":77,"column":92}}],"line":77},"6":{"loc":{"start":{"line":92,"column":82},"end":{"line":92,"column":101}},"type":"binary-expr","locations":[{"start":{"line":92,"column":82},"end":{"line":92,"column":94}},{"start":{"line":92,"column":98},"end":{"line":92,"column":101}}],"line":92},"7":{"loc":{"start":{"line":97,"column":8},"end":{"line":99,"column":9}},"type":"if","locations":[{"start":{"line":97,"column":8},"end":{"line":99,"column":9}},{"start":{"line":97,"column":8},"end":{"line":99,"column":9}}],"line":97},"8":{"loc":{"start":{"line":97,"column":12},"end":{"line":97,"column":119}},"type":"binary-expr","locations":[{"start":{"line":97,"column":12},"end":{"line":97,"column":62}},{"start":{"line":97,"column":66},"end":{"line":97,"column":119}}],"line":97},"9":{"loc":{"start":{"line":109,"column":12},"end":{"line":114,"column":13}},"type":"if","locations":[{"start":{"line":109,"column":12},"end":{"line":114,"column":13}},{"start":{"line":109,"column":12},"end":{"line":114,"column":13}}],"line":109},"10":{"loc":{"start":{"line":110,"column":84},"end":{"line":110,"column":103}},"type":"binary-expr","locations":[{"start":{"line":110,"column":84},"end":{"line":110,"column":96}},{"start":{"line":110,"column":100},"end":{"line":110,"column":103}}],"line":110},"11":{"loc":{"start":{"line":113,"column":86},"end":{"line":113,"column":105}},"type":"binary-expr","locations":[{"start":{"line":113,"column":86},"end":{"line":113,"column":98}},{"start":{"line":113,"column":102},"end":{"line":113,"column":105}}],"line":113},"12":{"loc":{"start":{"line":129,"column":82},"end":{"line":129,"column":101}},"type":"binary-expr","locations":[{"start":{"line":129,"column":82},"end":{"line":129,"column":94}},{"start":{"line":129,"column":98},"end":{"line":129,"column":101}}],"line":129},"13":{"loc":{"start":{"line":146,"column":8},"end":{"line":151,"column":9}},"type":"if","locations":[{"start":{"line":146,"column":8},"end":{"line":151,"column":9}},{"start":{"line":146,"column":8},"end":{"line":151,"column":9}}],"line":146},"14":{"loc":{"start":{"line":146,"column":12},"end":{"line":146,"column":54}},"type":"binary-expr","locations":[{"start":{"line":146,"column":12},"end":{"line":146,"column":38}},{"start":{"line":146,"column":42},"end":{"line":146,"column":54}}],"line":146}},"s":{"0":1,"1":4,"2":1,"3":1,"4":1,"5":1,"6":1,"7":1,"8":1,"9":1,"10":1,"11":1,"12":1,"13":1,"14":1,"15":1,"16":1,"17":0,"18":0,"19":1,"20":1,"21":1,"22":0,"23":0,"24":1,"25":1,"26":1,"27":0,"28":0,"29":1,"30":1,"31":1,"32":1,"33":1,"34":1,"35":1,"36":1,"37":1,"38":1,"39":1,"40":0,"41":0,"42":0,"43":0,"44":0,"45":0,"46":6,"47":6,"48":6,"49":6,"50":4,"51":2,"52":2,"53":6,"54":6,"55":0,"56":6,"57":0,"58":0,"59":0,"60":0,"61":0,"62":0,"63":0,"64":0,"65":0,"66":0,"67":0,"68":0,"69":0,"70":0,"71":0,"72":0,"73":0,"74":0,"75":0,"76":0,"77":0,"78":0,"79":0,"80":0,"81":1},"f":{"0":4,"1":1,"2":1,"3":1,"4":1,"5":0,"6":1,"7":1,"8":1,"9":1,"10":1,"11":0,"12":0,"13":6,"14":6,"15":0,"16":0,"17":0,"18":0,"19":0,"20":0},"b":{"0":[1,1,1],"1":[2,2],"2":[4,4],"3":[0,1],"4":[0,1],"5":[0,0],"6":[2,0],"7":[0,6],"8":[6,6],"9":[0,0],"10":[0,0],"11":[0,0],"12":[0,0],"13":[0,0],"14":[0,0]},"inputSourceMap":{"version":3,"file":"/Users/fegicochen/Courses/Projects/Course-Insights/src/rest/Server.ts","sources":["/Users/fegicochen/Courses/Projects/Course-Insights/src/rest/Server.ts"],"names":[],"mappings":";;;;;AAAA,sDAAkE;AAClE,yDAAgD;AAChD,4EAAoD;AAEpD,gDAAwB;AACxB,gFAAwD;AACxD,iEAMsC;AAEtC,MAAqB,MAAM;IACT,IAAI,CAAS;IACtB,OAAO,CAAc;IACrB,MAAM,CAA0B;IAExC,YAAY,IAAY;QACvB,aAAG,CAAC,IAAI,CAAC,mBAAmB,IAAI,IAAI,CAAC,CAAC;QACtC,IAAI,CAAC,IAAI,GAAG,IAAI,CAAC;QACjB,IAAI,CAAC,OAAO,GAAG,IAAA,iBAAO,GAAE,CAAC;QAEzB,IAAI,CAAC,kBAAkB,EAAE,CAAC;QAC1B,IAAI,CAAC,cAAc,EAAE,CAAC;IAMvB,CAAC;IASM,KAAK,CAAC,KAAK;QACjB,OAAO,IAAI,OAAO,CAAC,CAAC,OAAO,EAAE,MAAM,EAAE,EAAE;YACtC,aAAG,CAAC,IAAI,CAAC,yBAAyB,CAAC,CAAC;YACpC,IAAI,IAAI,CAAC,MAAM,KAAK,SAAS,EAAE;gBAC9B,aAAG,CAAC,KAAK,CAAC,4CAA4C,CAAC,CAAC;gBACxD,MAAM,EAAE,CAAC;aACT;iBAAM;gBACN,IAAI,CAAC,MAAM,GAAG,IAAI,CAAC,OAAO;qBACxB,MAAM,CAAC,IAAI,CAAC,IAAI,EAAE,GAAG,EAAE;oBACvB,aAAG,CAAC,IAAI,CAAC,+CAA+C,IAAI,CAAC,IAAI,EAAE,CAAC,CAAC;oBACrE,OAAO,EAAE,CAAC;gBACX,CAAC,CAAC;qBACD,EAAE,CAAC,OAAO,EAAE,CAAC,GAAU,EAAE,EAAE;oBAE3B,aAAG,CAAC,KAAK,CAAC,mCAAmC,GAAG,CAAC,OAAO,EAAE,CAAC,CAAC;oBAC5D,MAAM,CAAC,GAAG,CAAC,CAAC;gBACb,CAAC,CAAC,CAAC;aACJ;QACF,CAAC,CAAC,CAAC;IACJ,CAAC;IAQM,KAAK,CAAC,IAAI;QAChB,aAAG,CAAC,IAAI,CAAC,gBAAgB,CAAC,CAAC;QAC3B,OAAO,IAAI,OAAO,CAAC,CAAC,OAAO,EAAE,MAAM,EAAE,EAAE;YACtC,IAAI,IAAI,CAAC,MAAM,KAAK,SAAS,EAAE;gBAC9B,aAAG,CAAC,KAAK,CAAC,4CAA4C,CAAC,CAAC;gBACxD,MAAM,EAAE,CAAC;aACT;iBAAM;gBACN,IAAI,CAAC,MAAM,CAAC,KAAK,CAAC,GAAG,EAAE;oBACtB,aAAG,CAAC,IAAI,CAAC,gCAAgC,CAAC,CAAC;oBAC3C,OAAO,EAAE,CAAC;gBACX,CAAC,CAAC,CAAC;aACH;QACF,CAAC,CAAC,CAAC;IACJ,CAAC;IAGO,kBAAkB;QAEzB,IAAI,CAAC,OAAO,CAAC,GAAG,CAAC,iBAAO,CAAC,IAAI,EAAE,CAAC,CAAC;QACjC,IAAI,CAAC,OAAO,CAAC,GAAG,CAAC,iBAAO,CAAC,GAAG,CAAC,EAAE,IAAI,EAAE,eAAe,EAAE,KAAK,EAAE,MAAM,EAAE,CAAC,CAAC,CAAC;QAGxE,IAAI,CAAC,OAAO,CAAC,GAAG,CAAC,IAAA,cAAI,GAAE,CAAC,CAAC;IAC1B,CAAC;IAGO,cAAc;QAGrB,IAAI,CAAC,OAAO,CAAC,GAAG,CAAC,YAAY,EAAE,MAAM,CAAC,IAAI,CAAC,CAAC;QAE5C,IAAI,CAAC,OAAO,CAAC,GAAG,CAAC,oBAAoB,EAAE,MAAM,CAAC,UAAU,CAAC,CAAC;QAC1D,IAAI,CAAC,OAAO,CAAC,MAAM,CAAC,cAAc,EAAE,MAAM,CAAC,aAAa,CAAC,CAAC;QAE1D,IAAI,CAAC,OAAO,CAAC,GAAG,CAAC,WAAW,EAAE,MAAM,CAAC,WAAW,CAAC,CAAC;QAElD,IAAI,CAAC,OAAO,CAAC,IAAI,CAAC,QAAQ,EAAE,MAAM,CAAC,SAAS,CAAC,CAAC;IAG/C,CAAC;IAEO,MAAM,CAAC,KAAK,CAAC,WAAW,CAAC,IAAa,EAAE,GAAa;QAC5D,IAAI;YACH,aAAG,CAAC,IAAI,CAAC,kBAAkB,CAAC,CAAC;YAC7B,MAAM,QAAQ,GAAG,MAAM,MAAM,CAAC,kBAAkB,EAAE,CAAC;YACnD,GAAG,CAAC,MAAM,CAAC,+BAAW,CAAC,EAAE,CAAC,CAAC,IAAI,CAAC,EAAE,MAAM,EAAE,QAAQ,EAAE,CAAC,CAAC;SACtD;QAAC,OAAO,GAAG,EAAE;YACb,GAAG,CAAC,MAAM,CAAC,+BAAW,CAAC,EAAE,CAAC,CAAC,IAAI,CAAC,EAAE,KAAK,EAAG,GAAW,EAAE,OAAO,IAAI,GAAG,EAAE,CAAC,CAAC;SACzE;IACF,CAAC;IAEO,MAAM,CAAC,KAAK,CAAC,kBAAkB;QACtC,OAAO,MAAM,IAAI,uBAAa,EAAE,CAAC,YAAY,EAAE,CAAC;IACjD,CAAC;IAEO,MAAM,CAAC,KAAK,CAAC,UAAU,CAAC,GAAY,EAAE,GAAa;QAC1D,IAAI;YACH,aAAG,CAAC,IAAI,CAAC,oBAAoB,GAAG,CAAC,MAAM,CAAC,EAAE,cAAc,GAAG,CAAC,MAAM,CAAC,IAAI,EAAE,CAAC,CAAC;YAC3E,MAAM,OAAO,GAAW,GAAG,CAAC,IAAI,CAAC,QAAQ,CAAC,QAAQ,CAAC,CAAC;YACpD,MAAM,QAAQ,GAAG,MAAM,MAAM,CAAC,iBAAiB,CAAC,GAAG,CAAC,MAAM,CAAC,EAAE,EAAE,GAAG,CAAC,MAAM,CAAC,IAAI,EAAE,OAAO,CAAC,CAAC;YACzF,GAAG,CAAC,MAAM,CAAC,+BAAW,CAAC,EAAE,CAAC,CAAC,IAAI,CAAC,EAAE,MAAM,EAAE,QAAQ,EAAE,CAAC,CAAC;SACtD;QAAC,OAAO,GAAG,EAAE;YACb,aAAG,CAAC,KAAK,CAAC,2BAA2B,GAAI,GAAW,EAAE,OAAO,CAAC,CAAC;YAC/D,GAAG,CAAC,MAAM,CAAC,+BAAW,CAAC,WAAW,CAAC,CAAC,IAAI,CAAC,EAAE,KAAK,EAAG,GAAW,EAAE,OAAO,IAAI,GAAG,EAAE,CAAC,CAAC;SAClF;IACF,CAAC;IAEO,MAAM,CAAC,KAAK,CAAC,iBAAiB,CAAC,EAAU,EAAE,IAAY,EAAE,OAAe;QAC/E,MAAM,MAAM,GAAG,IAAI,uBAAa,EAAE,CAAC;QACnC,IAAI,IAAI,KAAK,mCAAkB,CAAC,KAAK,IAAI,IAAI,KAAK,mCAAkB,CAAC,QAAQ,EAAE;YAC9E,MAAM,IAAI,6BAAY,CAAC,mBAAmB,CAAC,CAAC;SAC5C;QACD,OAAO,MAAM,MAAM,CAAC,UAAU,CAAC,EAAE,EAAE,OAAO,EAAE,IAA0B,CAAC,CAAC;IACzE,CAAC;IAEO,MAAM,CAAC,KAAK,CAAC,aAAa,CAAC,GAAY,EAAE,GAAa;QAC7D,IAAI;YACH,aAAG,CAAC,IAAI,CAAC,mBAAmB,GAAG,CAAC,MAAM,CAAC,EAAE,EAAE,CAAC,CAAC;YAC7C,MAAM,QAAQ,GAAG,MAAM,MAAM,CAAC,oBAAoB,CAAC,GAAG,CAAC,MAAM,CAAC,EAAE,CAAC,CAAC;YAClE,GAAG,CAAC,MAAM,CAAC,+BAAW,CAAC,EAAE,CAAC,CAAC,IAAI,CAAC,EAAE,MAAM,EAAE,QAAQ,EAAE,CAAC,CAAC;SACtD;QAAC,OAAO,GAAG,EAAE;YACb,IAAI,GAAG,YAAY,8BAAa,EAAE;gBACjC,GAAG,CAAC,MAAM,CAAC,+BAAW,CAAC,SAAS,CAAC,CAAC,IAAI,CAAC,EAAE,KAAK,EAAG,GAAW,EAAE,OAAO,IAAI,GAAG,EAAE,CAAC,CAAC;aAChF;iBAAM;gBACN,GAAG,CAAC,MAAM,CAAC,+BAAW,CAAC,WAAW,CAAC,CAAC,IAAI,CAAC,EAAE,KAAK,EAAG,GAAW,EAAE,OAAO,IAAI,GAAG,EAAE,CAAC,CAAC;aAClF;SACD;IACF,CAAC;IACO,MAAM,CAAC,KAAK,CAAC,oBAAoB,CAAC,EAAU;QACnD,MAAM,MAAM,GAAG,IAAI,uBAAa,EAAE,CAAC;QACnC,OAAO,MAAM,MAAM,CAAC,aAAa,CAAC,EAAE,CAAC,CAAC;IACvC,CAAC;IAEO,MAAM,CAAC,KAAK,CAAC,SAAS,CAAC,GAAY,EAAE,GAAa;QACzD,IAAI;YACH,aAAG,CAAC,IAAI,CAAC,qBAAqB,GAAG,CAAC,IAAI,CAAC,QAAQ,EAAE,EAAE,CAAC,CAAC;YACrD,MAAM,QAAQ,GAAG,MAAM,MAAM,CAAC,gBAAgB,CAAC,GAAG,CAAC,IAAI,CAAC,CAAC;YACzD,GAAG,CAAC,MAAM,CAAC,+BAAW,CAAC,EAAE,CAAC,CAAC,IAAI,CAAC,EAAE,MAAM,EAAE,QAAQ,EAAE,CAAC,CAAC;SACtD;QAAC,OAAO,GAAG,EAAE;YACb,aAAG,CAAC,KAAK,CAAC,eAAe,GAAI,GAAW,CAAC,OAAO,CAAC,CAAC;YAClD,GAAG,CAAC,MAAM,CAAC,+BAAW,CAAC,WAAW,CAAC,CAAC,IAAI,CAAC,EAAE,KAAK,EAAG,GAAW,EAAE,OAAO,IAAI,GAAG,EAAE,CAAC,CAAC;SAClF;IACF,CAAC;IAEO,MAAM,CAAC,KAAK,CAAC,gBAAgB,CAAC,KAAc;QACnD,OAAO,MAAM,IAAI,uBAAa,EAAE,CAAC,YAAY,CAAC,KAAK,CAAC,CAAC;IACtD,CAAC;IAKO,MAAM,CAAC,IAAI,CAAC,GAAY,EAAE,GAAa;QAC9C,IAAI;YACH,aAAG,CAAC,IAAI,CAAC,8BAA8B,IAAI,CAAC,SAAS,CAAC,GAAG,CAAC,MAAM,CAAC,EAAE,CAAC,CAAC;YACrE,MAAM,QAAQ,GAAG,MAAM,CAAC,WAAW,CAAC,GAAG,CAAC,MAAM,CAAC,GAAG,CAAC,CAAC;YACpD,GAAG,CAAC,MAAM,CAAC,+BAAW,CAAC,EAAE,CAAC,CAAC,IAAI,CAAC,EAAE,MAAM,EAAE,QAAQ,EAAE,CAAC,CAAC;SACtD;QAAC,OAAO,GAAG,EAAE;YACb,GAAG,CAAC,MAAM,CAAC,+BAAW,CAAC,WAAW,CAAC,CAAC,IAAI,CAAC,EAAE,KAAK,EAAE,GAAG,EAAE,CAAC,CAAC;SACzD;IACF,CAAC;IAEO,MAAM,CAAC,WAAW,CAAC,GAAW;QACrC,IAAI,OAAO,GAAG,KAAK,WAAW,IAAI,GAAG,KAAK,IAAI,EAAE;YAC/C,OAAO,GAAG,GAAG,MAAM,GAAG,EAAE,CAAC;SACzB;aAAM;YACN,OAAO,sBAAsB,CAAC;SAC9B;IACF,CAAC;CACD;AArLD,yBAqLC","sourcesContent":["import express, { Application, Request, Response } from \"express\";\nimport { StatusCodes } from \"http-status-codes\";\nimport Log from \"@ubccpsc310/folder-test/build/Log\";\nimport * as http from \"http\";\nimport cors from \"cors\";\nimport InsightFacade from \"../controller/InsightFacade\";\nimport {\n\tInsightDataset,\n\tInsightDatasetKind,\n\tInsightError,\n\tInsightResult,\n\tNotFoundError,\n} from \"../controller/IInsightFacade\";\n\nexport default class Server {\n\tprivate readonly port: number;\n\tprivate express: Application;\n\tprivate server: http.Server | undefined;\n\n\tconstructor(port: number) {\n\t\tLog.info(`Server::<init>( ${port} )`);\n\t\tthis.port = port;\n\t\tthis.express = express();\n\n\t\tthis.registerMiddleware();\n\t\tthis.registerRoutes();\n\n\t\t// NOTE: you can serve static frontend files in from your express server\n\t\t// by uncommenting the line below. This makes files in ./frontend/public\n\t\t// accessible at http://localhost:<port>/\n\t\t// this.express.use(express.static(\"./frontend/public\"))\n\t}\n\n\t/**\n\t * Starts the server. Returns a promise that resolves if success. Promises are used\n\t * here because starting the server takes some time and we want to know when it\n\t * is done (and if it worked).\n\t *\n\t * @returns {Promise<void>}\n\t */\n\tpublic async start(): Promise<void> {\n\t\treturn new Promise((resolve, reject) => {\n\t\t\tLog.info(\"Server::start() - start\");\n\t\t\tif (this.server !== undefined) {\n\t\t\t\tLog.error(\"Server::start() - server already listening\");\n\t\t\t\treject();\n\t\t\t} else {\n\t\t\t\tthis.server = this.express\n\t\t\t\t\t.listen(this.port, () => {\n\t\t\t\t\t\tLog.info(`Server::start() - server listening on port: ${this.port}`);\n\t\t\t\t\t\tresolve();\n\t\t\t\t\t})\n\t\t\t\t\t.on(\"error\", (err: Error) => {\n\t\t\t\t\t\t// catches errors in server start\n\t\t\t\t\t\tLog.error(`Server::start() - server ERROR: ${err.message}`);\n\t\t\t\t\t\treject(err);\n\t\t\t\t\t});\n\t\t\t}\n\t\t});\n\t}\n\n\t/**\n\t * Stops the server. Again returns a promise so we know when the connections have\n\t * actually been fully closed and the port has been released.\n\t *\n\t * @returns {Promise<void>}\n\t */\n\tpublic async stop(): Promise<void> {\n\t\tLog.info(\"Server::stop()\");\n\t\treturn new Promise((resolve, reject) => {\n\t\t\tif (this.server === undefined) {\n\t\t\t\tLog.error(\"Server::stop() - ERROR: server not started\");\n\t\t\t\treject();\n\t\t\t} else {\n\t\t\t\tthis.server.close(() => {\n\t\t\t\t\tLog.info(\"Server::stop() - server closed\");\n\t\t\t\t\tresolve();\n\t\t\t\t});\n\t\t\t}\n\t\t});\n\t}\n\n\t// Registers middleware to parse request before passing them to request handlers\n\tprivate registerMiddleware(): void {\n\t\t// JSON parser must be place before raw parser because of wildcard matching done by raw parser below\n\t\tthis.express.use(express.json());\n\t\tthis.express.use(express.raw({ type: \"application/*\", limit: \"10mb\" }));\n\n\t\t// enable cors in request headers to allow cross-origin HTTP requests\n\t\tthis.express.use(cors());\n\t}\n\n\t// Registers all request handlers to routes\n\tprivate registerRoutes(): void {\n\t\t// This is an example endpoint this you can invoke by accessing this URL in your browser:\n\t\t// http://localhost:4321/echo/hello\n\t\tthis.express.get(\"/echo/:msg\", Server.echo);\n\n\t\tthis.express.put(\"/dataset/:id/:kind\", Server.putDataset);\n\t\tthis.express.delete(\"/dataset/:id\", Server.deleteDataset);\n\n\t\tthis.express.get(\"/datasets\", Server.getDatasets);\n\n\t\tthis.express.post(\"/query\", Server.postQuery);\n\n\t\t// TODO: your other endpoints should go here\n\t}\n\n\tprivate static async getDatasets(_req: Request, res: Response): Promise<void> {\n\t\ttry {\n\t\t\tLog.info(`Getting datasets`);\n\t\t\tconst response = await Server.performGetDatasets();\n\t\t\tres.status(StatusCodes.OK).json({ result: response });\n\t\t} catch (err) {\n\t\t\tres.status(StatusCodes.OK).json({ error: (err as any)?.message ?? err });\n\t\t}\n\t}\n\n\tprivate static async performGetDatasets(): Promise<InsightDataset[]> {\n\t\treturn await new InsightFacade().listDatasets();\n\t}\n\n\tprivate static async putDataset(req: Request, res: Response): Promise<void> {\n\t\ttry {\n\t\t\tLog.info(`Putting dataset: ${req.params.id} with kind ${req.params.kind}`);\n\t\t\tconst content: string = req.body.toString(\"base64\");\n\t\t\tconst response = await Server.performPutDataset(req.params.id, req.params.kind, content);\n\t\t\tres.status(StatusCodes.OK).json({ result: response });\n\t\t} catch (err) {\n\t\t\tLog.error(\"Bad dataset PUT request: \" + (err as any)?.message);\n\t\t\tres.status(StatusCodes.BAD_REQUEST).json({ error: (err as any)?.message ?? err });\n\t\t}\n\t}\n\n\tprivate static async performPutDataset(id: string, kind: string, content: string): Promise<string[]> {\n\t\tconst facade = new InsightFacade();\n\t\tif (kind !== InsightDatasetKind.Rooms && kind !== InsightDatasetKind.Sections) {\n\t\t\tthrow new InsightError(\"Bad dataset kind.\");\n\t\t}\n\t\treturn await facade.addDataset(id, content, kind as InsightDatasetKind);\n\t}\n\n\tprivate static async deleteDataset(req: Request, res: Response): Promise<void> {\n\t\ttry {\n\t\t\tLog.info(`Delete dataset: ${req.params.id}`);\n\t\t\tconst response = await Server.performDeleteDataset(req.params.id);\n\t\t\tres.status(StatusCodes.OK).json({ result: response });\n\t\t} catch (err) {\n\t\t\tif (err instanceof NotFoundError) {\n\t\t\t\tres.status(StatusCodes.NOT_FOUND).json({ error: (err as any)?.message ?? err });\n\t\t\t} else {\n\t\t\t\tres.status(StatusCodes.BAD_REQUEST).json({ error: (err as any)?.message ?? err });\n\t\t\t}\n\t\t}\n\t}\n\tprivate static async performDeleteDataset(id: string): Promise<string> {\n\t\tconst facade = new InsightFacade();\n\t\treturn await facade.removeDataset(id);\n\t}\n\n\tprivate static async postQuery(req: Request, res: Response): Promise<void> {\n\t\ttry {\n\t\t\tLog.info(`Performing query: ${req.body.toString()}`);\n\t\t\tconst response = await Server.performPostQuery(req.body);\n\t\t\tres.status(StatusCodes.OK).json({ result: response });\n\t\t} catch (err) {\n\t\t\tLog.error(\"Query error: \" + (err as any).message);\n\t\t\tres.status(StatusCodes.BAD_REQUEST).json({ error: (err as any)?.message ?? err });\n\t\t}\n\t}\n\n\tprivate static async performPostQuery(query: unknown): Promise<InsightResult[]> {\n\t\treturn await new InsightFacade().performQuery(query);\n\t}\n\n\t// The next two methods handle the echo service.\n\t// These are almost certainly not the best place to put these, but are here for your reference.\n\t// By updating the Server.echo function pointer above, these methods can be easily moved.\n\tprivate static echo(req: Request, res: Response): void {\n\t\ttry {\n\t\t\tLog.info(`Server::echo(..) - params: ${JSON.stringify(req.params)}`);\n\t\t\tconst response = Server.performEcho(req.params.msg);\n\t\t\tres.status(StatusCodes.OK).json({ result: response });\n\t\t} catch (err) {\n\t\t\tres.status(StatusCodes.BAD_REQUEST).json({ error: err });\n\t\t}\n\t}\n\n\tprivate static performEcho(msg: string): string {\n\t\tif (typeof msg !== \"undefined\" && msg !== null) {\n\t\t\treturn `${msg}...${msg}`;\n\t\t} else {\n\t\t\treturn \"Message not provided\";\n\t\t}\n\t}\n}\n"]},"_coverageSchema":"1a1c01bbd47fc00a2c39e90264f33305004495a9","hash":"c0c0121753c830466f45b99415a1494559b5204c","contentHash":"8955c97158ccca9cf2fa6b812260f9977c84fda5b9898b3de5abcbb576e54ae7"}}